[2013-12-12 15:22:36] insert into dbo.PRO_MG (proCode,proType,proNature,proArea,address,customer,contact,proSource,acreage,outPutValue,collectTime,issuedTime,execDept,deadline,qingZhao,note,users,observers,cPerson) values ('测试','457','473','484','fasdf','fasdf','fasdf','490',21.87,22,'2013-12-10','2013-12-17',501,'2013-12-10','9','czXCZXC',',',',',2);
[2013-12-12 15:34:00] insert into SYS_CM_GLOBAL_TABLE (nodeName,parentPath,treeOrder,depth,pid,cPerson) values ('DN25',',1,5,519,520,521,526,',1,6,526,2);
[2013-12-12 15:34:00] update SYS_CM_GLOBAL_TABLE set mPerson=2, mTime=getdate(),sons=sons+1 where id=526;
[2013-12-12 15:34:00] insert into SYS_CM_GLOBAL_TABLE (nodeName,parentPath,treeOrder,depth,pid,cPerson) values ('DN50',',1,5,519,520,521,526,',2,6,526,2);
[2013-12-12 15:34:00] update SYS_CM_GLOBAL_TABLE set mPerson=2, mTime=getdate(),sons=sons+1 where id=526;
[2013-12-12 15:34:00] insert into SYS_CM_GLOBAL_TABLE (nodeName,parentPath,treeOrder,depth,pid,cPerson) values ('DN100',',1,5,519,520,521,526,',3,6,526,2);
[2013-12-12 15:34:00] update SYS_CM_GLOBAL_TABLE set mPerson=2, mTime=getdate(),sons=sons+1 where id=526;
[2013-12-12 15:34:00] insert into SYS_CM_GLOBAL_TABLE (nodeName,parentPath,treeOrder,depth,pid,cPerson) values ('DN150',',1,5,519,520,521,526,',4,6,526,2);
[2013-12-12 15:34:00] update SYS_CM_GLOBAL_TABLE set mPerson=2, mTime=getdate(),sons=sons+1 where id=526;
[2013-12-12 15:34:00] insert into SYS_CM_GLOBAL_TABLE (nodeName,parentPath,treeOrder,depth,pid,cPerson) values ('DN200',',1,5,519,520,521,526,',5,6,526,2);
[2013-12-12 15:34:00] update SYS_CM_GLOBAL_TABLE set mPerson=2, mTime=getdate(),sons=sons+1 where id=526;
[2013-12-12 15:34:00] insert into SYS_CM_GLOBAL_TABLE (nodeName,parentPath,treeOrder,depth,pid,cPerson) values ('DN300',',1,5,519,520,521,526,',6,6,526,2);
[2013-12-12 15:34:00] update SYS_CM_GLOBAL_TABLE set mPerson=2, mTime=getdate(),sons=sons+1 where id=526;
[2013-12-12 15:34:00] insert into SYS_CM_GLOBAL_TABLE (nodeName,parentPath,treeOrder,depth,pid,cPerson) values ('DN500',',1,5,519,520,521,526,',7,6,526,2);
[2013-12-12 15:34:00] update SYS_CM_GLOBAL_TABLE set mPerson=2, mTime=getdate(),sons=sons+1 where id=526;
[2013-12-12 15:34:00] insert into SYS_CM_GLOBAL_TABLE (nodeName,parentPath,treeOrder,depth,pid,cPerson) values ('DN600',',1,5,519,520,521,526,',8,6,526,2);
[2013-12-12 15:34:00] update SYS_CM_GLOBAL_TABLE set mPerson=2, mTime=getdate(),sons=sons+1 where id=526;
[2013-12-12 15:34:00] insert into SYS_CM_GLOBAL_TABLE (nodeName,parentPath,treeOrder,depth,pid,cPerson) values ('DN700',',1,5,519,520,521,526,',9,6,526,2);
[2013-12-12 15:34:00] update SYS_CM_GLOBAL_TABLE set mPerson=2, mTime=getdate(),sons=sons+1 where id=526;
[2013-12-12 15:34:00] insert into SYS_CM_GLOBAL_TABLE (nodeName,parentPath,treeOrder,depth,pid,cPerson) values ('DN800',',1,5,519,520,521,526,',10,6,526,2);
[2013-12-12 15:34:00] update SYS_CM_GLOBAL_TABLE set mPerson=2, mTime=getdate(),sons=sons+1 where id=526;
[2013-12-12 16:25:29] insert into TZ_COOPERATION (companyName,QCN,QL,legalPerson,responsePerson,contact,mobilphone,business,cPerson) values ('fsadf','fasdf','asdfasd','asdfasdfas','fasdf','asdfa','sfasd','fasdfsaf',2);
[2013-12-12 16:25:36] update TZ_COOPERATION set delFlag=1,mTime=getdate() where id=12;
[2013-12-12 16:30:10] insert into SYS_CM_FILES (nodeName,sysName,extName,origName,catelog,size,type,parentPath,treeOrder,depth,pid,cPerson) values ('120.jpg','2013121204301010175','jpg','120','test',5851,1,',1,4,',80,2,4,2);
[2013-12-12 16:30:10] update SYS_CM_FILES set mPerson=2, mTime=getdate(),sons=sons+1 where id=4;
[2013-12-12 16:31:54] insert into SYS_CM_FILES (nodeName,sysName,extName,origName,catelog,size,type,parentPath,treeOrder,depth,pid,cPerson) values ('120.jpg','2013121204315418671','jpg','120','test',5851,1,',1,4,',81,2,4,2);
[2013-12-12 16:31:54] update SYS_CM_FILES set mPerson=2, mTime=getdate(),sons=sons+1 where id=4;
[2013-12-12 16:32:30] insert into SYS_CM_FILES (nodeName,sysName,extName,origName,catelog,size,type,parentPath,treeOrder,depth,pid,cPerson) values ('120.jpg','2013121204323011181','jpg','120','test',5851,1,',1,4,',82,2,4,2);
[2013-12-12 16:32:30] update SYS_CM_FILES set mPerson=2, mTime=getdate(),sons=sons+1 where id=4;
[2013-12-12 16:32:31] update PRO_MG set mPerson=2, mTime=getdate(),link=link+'153,' where id=7;
[2013-12-12 16:32:42] insert into SYS_CM_FILES (nodeName,sysName,extName,origName,catelog,size,type,parentPath,treeOrder,depth,pid,cPerson) values ('120.jpg','2013121204324218757','jpg','120','test',5851,1,',1,4,',83,2,4,2);
[2013-12-12 16:32:42] update SYS_CM_FILES set mPerson=2, mTime=getdate(),sons=sons+1 where id=4;
[2013-12-12 16:32:42] insert into SYS_CM_FILES (nodeName,sysName,extName,origName,catelog,size,type,parentPath,treeOrder,depth,pid,cPerson) values ('2000.jpg','2013121204324212504','jpg','2000','test',73364,1,',1,4,',84,2,4,2);
[2013-12-12 16:32:42] update SYS_CM_FILES set mPerson=2, mTime=getdate(),sons=sons+1 where id=4;
[2013-12-12 16:32:42] update PRO_MG set mPerson=2, mTime=getdate(),link=link+'154,155,' where id=7;
[2013-12-12 17:07:15] insert into SYS_CM_FILES (nodeName,sysName,extName,origName,catelog,size,type,parentPath,treeOrder,depth,pid,cPerson) values ('安全生产许可证_11.jpg','2013121205071516498','jpg','安全生产许可证_11','test',5851,1,',1,4,',85,2,4,2);
[2013-12-12 17:07:15] update SYS_CM_FILES set mPerson=2, mTime=getdate(),sons=sons+1 where id=4;
[2013-12-12 17:07:38] insert into SYS_CM_FILES (nodeName,sysName,extName,origName,catelog,size,type,parentPath,treeOrder,depth,pid,cPerson) values ('资质证书_11.jpg','2013121205073819755','jpg','资质证书_11','test',5851,1,',1,4,',86,2,4,2);
[2013-12-12 17:07:38] update SYS_CM_FILES set mPerson=2, mTime=getdate(),sons=sons+1 where id=4;
[2013-12-12 17:07:42] update TZ_COOPERATION set mPerson=2, mTime=getdate(),link=',157,' where id=11;
[2013-12-12 17:10:28] insert into SYS_CM_FILES (nodeName,sysName,extName,origName,catelog,size,type,parentPath,treeOrder,depth,pid,cPerson) values ('120.jpg','2013121205102812117','jpg','120','test',5851,1,',1,4,',87,2,4,2);
[2013-12-12 17:10:28] update SYS_CM_FILES set mPerson=2, mTime=getdate(),sons=sons+1 where id=4;
[2013-12-12 17:13:28] insert into SYS_CM_FILES (nodeName,sysName,extName,origName,catelog,size,type,parentPath,treeOrder,depth,pid,cPerson) values ('120.jpg','2013121205132811193','jpg','120','test',5851,1,',1,4,',88,2,4,2);
[2013-12-12 17:13:28] update SYS_CM_FILES set mPerson=2, mTime=getdate(),sons=sons+1 where id=4;
[2013-12-12 17:16:29] insert into SYS_CM_FILES (nodeName,sysName,extName,origName,catelog,size,type,parentPath,treeOrder,depth,pid,cPerson) values ('120.jpg','2013121205162910819','jpg','120','test',5851,1,',1,4,',89,2,4,2);
[2013-12-12 17:16:29] update SYS_CM_FILES set mPerson=2, mTime=getdate(),sons=sons+1 where id=4;
[2013-12-12 17:16:32] update SYS_CM_NEWS set mPerson=2, mTime=getdate(),link=',160,',content='test' where id=1;
[2013-12-12 17:16:33] update SYS_CM_NEWS set mPerson=2, mTime=getdate(),link=',160,',content='test' where id=1;
[2013-12-12 17:16:33] update SYS_CM_NEWS set mPerson=2, mTime=getdate(),link=',160,',content='test' where id=1;
