insert into SYS_CM_FN_TREE (pid,nodeName,parentPath,treeOrder,depth,cPerson) values ('20','IMDB',',1,20,',2,2,150);
update SYS_CM_FN_TREE set mPerson=150, mTime=getdate(),sons=sons+1 where id=20;
insert into SYS_CM_FN_TREE (pid,nodeName,parentPath,treeOrder,depth,cPerson) values ('50','IMDB数据查询',',1,20,50,',1,3,150);
update SYS_CM_FN_TREE set mPerson=150, mTime=getdate(),sons=sons+1 where id=50;
update SYS_CM_FN_TREE set mPerson=150, mTime=getdate(),url='View/xd/ImdbMovice【．]js' where id=51;
insert into SYS_CM_FILES (nodeName,sysName,extName,origName,catelog,size,type,parentPath,treeOrder,depth,pid,cPerson) values ('Tulips.jpg','2014012404433911726','jpg','Tulips','test',620888,1,',1,4,',41,2,4,150);
update SYS_CM_FILES set mPerson=150, mTime=getdate(),sons=sons+1 where id=4;
insert into SYS_CM_FILES (nodeName,sysName,extName,origName,catelog,size,type,parentPath,treeOrder,depth,pid,cPerson) values ('Lighthouse.jpg','2014012404435719581','jpg','Lighthouse','test',561276,1,',1,4,',42,2,4,150);
update SYS_CM_FILES set mPerson=150, mTime=getdate(),sons=sons+1 where id=4;
insert into SYS_CM_FILES (nodeName,sysName,extName,origName,catelog,size,type,parentPath,treeOrder,depth,pid,cPerson) values ('Desert.jpg','2014012405330315792','jpg','Desert','test',845941,1,',1,4,',43,2,4,150);
update SYS_CM_FILES set mPerson=150, mTime=getdate(),sons=sons+1 where id=4;
update XD_IMDB_MOVICE set mPerson=150, mTime=getdate(),link=link+'95,' where id=20;
insert into SYS_CM_FILES (nodeName,sysName,extName,origName,catelog,size,type,parentPath,treeOrder,depth,pid,cPerson) values ('Desert.jpg','2014012405490114128','jpg','Desert','test',845941,1,',1,4,',44,2,4,150);
update SYS_CM_FILES set mPerson=150, mTime=getdate(),sons=sons+1 where id=4;
update XD_IMDB_MOVICE set mPerson=150, mTime=getdate(),link=link+'96,' where id=20;
insert into SYS_CM_FILES (nodeName,sysName,extName,origName,catelog,size,type,parentPath,treeOrder,depth,pid,cPerson) values ('Jellyfish.jpg','2014012405492614623','jpg','Jellyfish','test',775702,1,',1,4,',45,2,4,150);
update SYS_CM_FILES set mPerson=150, mTime=getdate(),sons=sons+1 where id=4;
update XD_IMDB_MOVICE set mPerson=150, mTime=getdate(),link=link+'97,' where id=20;
insert into SYS_CM_FILES (nodeName,sysName,extName,origName,catelog,size,type,parentPath,treeOrder,depth,pid,cPerson) values ('Hydrangeas.jpg','2014012405510513230','jpg','Hydrangeas','test',595284,1,',1,4,',46,2,4,150);
update SYS_CM_FILES set mPerson=150, mTime=getdate(),sons=sons+1 where id=4;
insert into SYS_CM_FILES (nodeName,sysName,extName,origName,catelog,size,type,parentPath,treeOrder,depth,pid,cPerson) values ('Lighthouse.jpg','2014012405510519465','jpg','Lighthouse','test',561276,1,',1,4,',47,2,4,150);
update SYS_CM_FILES set mPerson=150, mTime=getdate(),sons=sons+1 where id=4;
update XD_IMDB_MOVICE set mPerson=150, mTime=getdate(),link=link+'98,99,' where id=17;
