[2013-12-13 11:06:51] update SYS_CM_NEWS set mPerson=2, mTime=getdate(),content='test' where id=1;
[2013-12-13 11:07:33] update SYS_CM_NEWS set mPerson=2, mTime=getdate(),content='test' where id=1;
[2013-12-13 11:09:50] update SYS_CM_NEWS set mPerson=2, mTime=getdate(),content='test' where id=1;
[2013-12-13 11:11:28] update SYS_CM_NEWS set mPerson=2, mTime=getdate(),link=',',content='test' where id=1;
[2013-12-13 11:12:38] update TZ_COOPERATION set mPerson=2, mTime=getdate(),link=',157,156,' where id=11;
[2013-12-13 11:12:52] update TZ_COOPERATION set mPerson=2, mTime=getdate(),link=',157,156,156,' where id=11;
[2013-12-13 11:19:21] insert into SYS_CM_FILES (nodeName,sysName,extName,origName,catelog,size,type,parentPath,treeOrder,depth,pid,cPerson) values ('120.jpg','2013121311192119312','jpg','120','test',5851,1,',1,4,',90,2,4,2);
[2013-12-13 11:19:21] update SYS_CM_FILES set mPerson=2, mTime=getdate(),sons=sons+1 where id=4;
[2013-12-13 11:21:57] insert into SYS_CM_FILES (nodeName,sysName,extName,origName,catelog,size,type,parentPath,treeOrder,depth,pid,cPerson) values ('120.jpg','2013121311215714304','jpg','120','test',5851,1,',1,4,',91,2,4,2);
[2013-12-13 11:21:57] update SYS_CM_FILES set mPerson=2, mTime=getdate(),sons=sons+1 where id=4;
[2013-12-13 11:22:02] update SYS_CM_NEWS set mPerson=2, mTime=getdate(),link=',162,' where id=1;
[2013-12-13 11:22:16] update SYS_CM_NEWS set mPerson=2, mTime=getdate(),link=',' where id=1;
[2013-12-13 11:22:37] insert into SYS_CM_FILES (nodeName,sysName,extName,origName,catelog,size,type,parentPath,treeOrder,depth,pid,cPerson) values ('法人身份证复印件_11.jpg','2013121311223714539','jpg','法人身份证复印件_11','test',5851,1,',1,4,',92,2,4,2);
[2013-12-13 11:22:37] update SYS_CM_FILES set mPerson=2, mTime=getdate(),sons=sons+1 where id=4;
[2013-12-13 11:22:37] insert into SYS_CM_FILES (nodeName,sysName,extName,origName,catelog,size,type,parentPath,treeOrder,depth,pid,cPerson) values ('法人身份证复印件_11.jpg','2013121311223711928','jpg','法人身份证复印件_11','test',5851,1,',1,4,',93,2,4,2);
[2013-12-13 11:22:37] update SYS_CM_FILES set mPerson=2, mTime=getdate(),sons=sons+1 where id=4;
[2013-12-13 11:25:40] update TZ_COOPERATION set mPerson=2, mTime=getdate(),link=',157,156,156,164,' where id=11;
[2013-12-13 11:25:53] insert into SYS_CM_FILES (nodeName,sysName,extName,origName,catelog,size,type,parentPath,treeOrder,depth,pid,cPerson) values ('税务登记_11.jpg','2013121311255318784','jpg','税务登记_11','test',5851,1,',1,4,',94,2,4,2);
[2013-12-13 11:25:53] update SYS_CM_FILES set mPerson=2, mTime=getdate(),sons=sons+1 where id=4;
[2013-12-13 11:26:06] update TZ_COOPERATION set mPerson=2, mTime=getdate(),link=',157,156,156,164,165,' where id=11;
[2013-12-13 11:37:33] update SYS_CM_FN_TREE set mPerson=2, mTime=getdate(),nodeName='系统模块x' where id=20;
[2013-12-13 11:37:36] update SYS_CM_FN_TREE set mPerson=2, mTime=getdate(),nodeName='系统模块' where id=20;
[2013-12-13 11:38:59] update GENERAL_MS set mPerson=2, mTime=getdate(),nodeName{1}{0}	{0}{1}guige='固定资产' where id=5;
[2013-12-13 11:39:29] update GENERAL_MS set mPerson=2, mTime=getdate(),nodeName{1}{0}	{0}{1}guige='固定资产' where id=5;
[2013-12-13 11:40:04] update GENERAL_MS set mPerson=2, mTime=getdate(),nodeName='低值易耗品x' where id=5;
[2013-12-13 11:40:13] update GENERAL_MS set mPerson=2, mTime=getdate(),nodeName='固定资产' where id=5;
[2013-12-13 11:41:28] update GENERAL_MS set mPerson=2, mTime=getdate(),nodeName='固定资产(完成领料会进入资产管理模块)' where id=5;
[2013-12-13 11:42:03] update GENERAL_MS set mPerson=2, mTime=getdate(),nodeName='固定资产(【＜]font class="c_6"【＞]完成领料会进入资产管理模块【＜]/font【＞])' where id=5;
[2013-12-13 11:59:24] insert into SYS_CM_FILES (nodeName,sysName,extName,origName,catelog,size,type,parentPath,treeOrder,depth,pid,cPerson) values ('120.jpg','2013121311592414201','jpg','120','test',5851,1,',1,4,',95,2,4,2);
[2013-12-13 11:59:24] update SYS_CM_FILES set mPerson=2, mTime=getdate(),sons=sons+1 where id=4;
[2013-12-13 11:59:24] insert into SYS_CM_FILES (nodeName,sysName,extName,origName,catelog,size,type,parentPath,treeOrder,depth,pid,cPerson) values ('2000.jpg','2013121311592413979','jpg','2000','test',73364,1,',1,4,',96,2,4,2);
[2013-12-13 11:59:24] update SYS_CM_FILES set mPerson=2, mTime=getdate(),sons=sons+1 where id=4;
[2013-12-13 11:59:29] insert into dbo.SYS_WF_INSTANCE (oid,nodeName,owner,cPerson) values (101,'',',10,',2);
[2013-12-13 11:59:29] insert into dbo.SYS_WF_INSTANCE (oid,definedNodeID,nodeName,next,pre,state,type,owner,note,parentPath,treeOrder,depth,pid,cPerson) values (101,95,'上传文件',',97,',0,1,10,',10,','',',1936,',1,1,1936,2);
[2013-12-13 11:59:29] update dbo.SYS_WF_INSTANCE set mPerson=2, mTime=getdate(),sons=sons+1 where id=1936;
[2013-12-13 11:59:29] insert into DOC_WF (nodeName,link,note,wfId,users,observers,cPerson) values ('fasdf',',166,167,','fasdfasdf',1936,',10,',',10,',2);
[2013-12-13 12:09:54] update SYS_CM_GLOBAL_TABLE set delFlag=1,mTime=getdate() where id in(368);
[2013-12-13 12:10:23] update SYS_CM_GLOBAL_TABLE set mPerson=2, mTime=getdate(),nodeName='【＜]font color="【≮]A3CA6B"【＞]正常使用【＜]/font【＞]',ifRights='0',icon='',attrObj='{}' where id=367;
[2013-12-13 14:16:55] insert into SYS_CM_FILES (nodeName,sysName,extName,origName,catelog,size,type,parentPath,treeOrder,depth,pid,cPerson) values ('3d.html','2013121302165517822','html','3d','test',1418,1,',1,4,',97,2,4,2);
[2013-12-13 14:16:55] update SYS_CM_FILES set mPerson=2, mTime=getdate(),sons=sons+1 where id=4;
[2013-12-13 14:16:55] update PRO_MG set mPerson=2, mTime=getdate(),link=link+'168,' where id=7;
[2013-12-13 14:32:20] insert into dbo.PRO_MG (proCode,proType,proNature,proArea,address,customer,contact,proSource,acreage,outPutValue,collectTime,issuedTime,execDept,deadline,qingZhao,note,users,observers,cPerson) values ('test','457','477','484','vdfasf','sdfasdf','asdfasdf','489',21,51.87,'2013-12-11','2013-12-26',499,'2013-12-11','9','fasdf',',20,22,',',20,22,',2);
[2013-12-13 16:06:57] insert into dbo.SYS_WF_INSTANCE (oid,nodeName,owner,cPerson) values (107,'分包申请',',16,',20);
[2013-12-13 16:06:57] insert into dbo.SYS_WF_INSTANCE (oid,definedNodeID,nodeName,next,pre,state,type,owner,note,parentPath,treeOrder,depth,pid,cPerson) values (107,135,'施工科科长审核',',137,',0,1,10,',16,','',',1938,',1,1,1938,20);
[2013-12-13 16:06:57] update dbo.SYS_WF_INSTANCE set mPerson=20, mTime=getdate(),sons=sons+1 where id=1938;
[2013-12-13 16:06:57] insert into dbo.PRO_SC_APPLY (proId,wfId,companyId,cPerson) values (8,1938,5,20);
[2013-12-13 16:06:57] update dbo.PRO_SC_APPLY set mPerson=20, mTime=getdate(),users=',16,',observers=observers+',16,' where id=5;
[2013-12-13 16:06:57] update dbo.PRO_MG set mPerson=20, mTime=getdate(),execTeam='5',execTeamLeader='fasdf',bTime='2013-12-19',wfId=1938,users=',',observers=observers+',16,' where id=8;
[2013-12-13 16:12:05] update SYS_CM_GLOBAL_TABLE set mPerson=2, mTime=getdate(),nodeName='口径',ifRights='0',icon='',attrObj='{}' where id=523;
[2013-12-13 16:13:46] insert into dbo.PRO_MG (proCode,proType,proNature,proArea,address,customer,contact,proSource,acreage,outPutValue,collectTime,issuedTime,execDept,deadline,qingZhao,note,users,observers,cPerson) values ('新测试数据','457','474','484','fasdfasdff','asdfasd','fasdfasd','490',2,9,'2013-12-02','2013-12-03',499,'2013-12-03','9','fasdf',',20,22,',',20,22,',2);
[2013-12-13 17:06:55] insert into PRO_SC_COST (jiSuanId,guanCaiId,guiGeId,num,note,proId,type,cPerson) values ('528','566','547','6','fasdfasdf',9,0,2);
[2013-12-13 17:06:55] insert into PRO_SC_COST (jiSuanId,guanCaiId,guiGeId,num,note,proId,type,cPerson) values ('526','567','549','5','fasdfasf',9,0,2);
[2013-12-13 17:06:55] update dbo.PRO_MG set mPerson=2, mTime=getdate(),planCost=100 where id=9;
[2013-12-13 17:24:54] insert into dbo.PRO_MG (proCode,proType,proNature,proArea,address,customer,contact,proSource,acreage,outPutValue,collectTime,issuedTime,execDept,deadline,qingZhao,note,users,observers,cPerson) values ('fasdf','458','475','484','fasdfasdf','asfd','fasdf','491',6,3,'2013-12-18','2013-12-26',502,'2013-12-18','9','fasdfas',',',',',2);
[2013-12-13 17:25:11] insert into PRO_SC_COST (jiSuanId,guanCaiId,guiGeId,num,note,proId,type,cPerson) values ('528','565','549','5','fasdfasdfasdf',10,0,2);
[2013-12-13 17:25:11] update dbo.PRO_MG set mPerson=2, mTime=getdate(),planCost=100 where id=10;
[2013-12-13 17:27:37] insert into dbo.PRO_MG (proCode,proType,proNature,proArea,address,customer,contact,proSource,acreage,outPutValue,collectTime,issuedTime,execDept,deadline,qingZhao,note,users,observers,cPerson) values ('aaa','464','476','487','fasdf','asfd','fasdf','489',6,5,'2013-12-03','2013-12-18',501,'2013-12-10','','fsadfadsf',',',',',2);
[2013-12-13 17:29:36] insert into PRO_SC_COST (jiSuanId,guanCaiId,guiGeId,num,note,proId,type,cPerson) values ('527','566','549','5','fsadf',11,0,2);
[2013-12-13 17:29:36] update dbo.PRO_MG set mPerson=2, mTime=getdate(),planCost=100 where id=11;
[2013-12-13 17:31:35] insert into dbo.PRO_MG (proCode,proType,proNature,proArea,address,customer,contact,proSource,acreage,outPutValue,collectTime,issuedTime,execDept,deadline,qingZhao,note,users,observers,cPerson) values ('bbb','458','475','484','f','asdfa','sdfasdf','489',2,6,'2013-12-04','2013-12-17',501,'2013-12-10','','fasdfa',',',',',2);
[2013-12-13 17:32:31] insert into PRO_SC_COST (jiSuanId,guanCaiId,guiGeId,num,note,proId,type,cPerson) values ('527','566','548','5','fsdfasdf',12,0,2);
[2013-12-13 17:32:31] insert into PRO_SC_COST (jiSuanId,guanCaiId,guiGeId,num,note,proId,type,cPerson) values ('527','565','549','8','fasdf',12,0,2);
[2013-12-13 17:32:31] insert into PRO_SC_COST (jiSuanId,guanCaiId,guiGeId,num,note,proId,type,cPerson) values ('528','567','549','5','',12,0,2);
[2013-12-13 17:32:31] update dbo.PRO_MG set mPerson=2, mTime=getdate(),planCost=100 where id=12;
[2013-12-13 17:36:47] insert into dbo.PRO_MG (proCode,proType,proNature,proArea,address,customer,contact,proSource,acreage,outPutValue,collectTime,issuedTime,execDept,deadline,qingZhao,note,users,observers,cPerson) values ('vzxcv','464','476','484','fasd','asdfasdf','fasdfsaf','491',6,5,'2013-12-02','2013-12-11',499,'2013-12-09','','fasdfasdf',',20,22,',',20,22,',2);
[2013-12-13 17:37:25] insert into PRO_SC_COST (jiSuanId,guanCaiId,guiGeId,num,note,proId,type,cPerson) values ('530','566','550','8','fasdf',13,0,2);
[2013-12-13 17:37:25] update dbo.PRO_MG set mPerson=2, mTime=getdate(),planCost=100 where id=13;
[2013-12-13 17:38:42] insert into dbo.SYS_WF_INSTANCE (oid,nodeName,owner,cPerson) values (107,'分包申请',',16,',20);
[2013-12-13 17:38:42] insert into dbo.SYS_WF_INSTANCE (oid,definedNodeID,nodeName,next,pre,state,type,owner,note,parentPath,treeOrder,depth,pid,cPerson) values (107,135,'施工科科长审核',',137,',0,1,10,',16,','',',1940,',1,1,1940,20);
[2013-12-13 17:38:42] update dbo.SYS_WF_INSTANCE set mPerson=20, mTime=getdate(),sons=sons+1 where id=1940;
[2013-12-13 17:38:42] insert into dbo.PRO_SC_APPLY (proId,wfId,companyId,cPerson) values (13,1940,11,20);
[2013-12-13 17:38:42] update dbo.PRO_SC_APPLY set mPerson=20, mTime=getdate(),users=',16,',observers=observers+',16,' where id=6;
[2013-12-13 17:38:42] update dbo.PRO_MG set mPerson=20, mTime=getdate(),execTeam='11',execTeamLeader='fasdfa',bTime='2013-12-19',wfId=1940,users=',',observers=observers+',16,' where id=13;
[2013-12-13 17:39:39] update SYS_WF_DEFINITION set mPerson=2, mTime=getdate(),users=',16,' where id=135;
[2013-12-13 17:40:05] update dbo.SYS_WF_INSTANCE set mPerson=16, mTime=getdate(),note='确认通过' where id=1941;
[2013-12-13 17:40:05] insert into dbo.SYS_WF_INSTANCE (oid,definedNodeID,nodeName,next,pre,ext,type,state,users,roles,owner,parentPath,treeOrder,depth,pid,cPerson) values (107,137,'副经理批准',',136,',1941,'',12,1,',5,',',',',5,',',1940,',2,1,1940,16);
[2013-12-13 17:40:05] update dbo.SYS_WF_INSTANCE set mPerson=16, mTime=getdate(),sons=sons+1 where id=1940;
[2013-12-13 17:40:05] update dbo.SYS_WF_INSTANCE set mPerson=16, mTime=getdate(),state=0, next='1942' where id=1941;
[2013-12-13 17:40:05] update dbo.SYS_WF_INSTANCE set mPerson=16, mTime=getdate(),owner=dbo.SYS_TRANS_RIGHTS_USERS(',5,') where id=1940;
[2013-12-13 17:40:05] update DEVICE_APPLY set mPerson=16, mTime=getdate(),users=',5,',observers=observers+',5,' where id=6;
[2013-12-13 17:56:12] update dbo.SYS_WF_INSTANCE set mPerson=16, mTime=getdate(),note='确定【※]已审核' where id=1939;
[2013-12-13 17:56:12] insert into dbo.SYS_WF_INSTANCE (oid,definedNodeID,nodeName,next,pre,ext,type,state,users,roles,owner,parentPath,treeOrder,depth,pid,cPerson) values (107,137,'副经理批准',',136,',1939,'',12,1,',5,',',',',5,',',1938,',2,1,1938,16);
[2013-12-13 17:56:12] update dbo.SYS_WF_INSTANCE set mPerson=16, mTime=getdate(),sons=sons+1 where id=1938;
[2013-12-13 17:56:12] update dbo.SYS_WF_INSTANCE set mPerson=16, mTime=getdate(),state=0, next='1943' where id=1939;
[2013-12-13 17:56:12] update dbo.SYS_WF_INSTANCE set mPerson=16, mTime=getdate(),owner=dbo.SYS_TRANS_RIGHTS_USERS(',5,') where id=1938;
[2013-12-13 17:56:12] update DEVICE_APPLY set mPerson=16, mTime=getdate(),users=',5,',observers=observers+',5,' where id=5;
[2013-12-13 17:57:34] update dbo.SYS_WF_INSTANCE set mPerson=16, mTime=getdate(),note='确定' where id=1924;
[2013-12-13 17:57:34] insert into dbo.SYS_WF_INSTANCE (oid,definedNodeID,nodeName,next,pre,ext,type,state,users,roles,owner,parentPath,treeOrder,depth,pid,cPerson) values (107,137,'副经理批准',',136,',1924,'',12,1,',5,',',',',5,',',1923,',2,1,1923,16);
[2013-12-13 17:57:34] update dbo.SYS_WF_INSTANCE set mPerson=16, mTime=getdate(),sons=sons+1 where id=1923;
[2013-12-13 17:57:34] update dbo.SYS_WF_INSTANCE set mPerson=16, mTime=getdate(),state=0, next='1944' where id=1924;
[2013-12-13 17:57:34] update dbo.SYS_WF_INSTANCE set mPerson=16, mTime=getdate(),owner=dbo.SYS_TRANS_RIGHTS_USERS(',5,') where id=1923;
[2013-12-13 17:57:34] update PRO_SC_APPLY set mPerson=16, mTime=getdate(),users=',5,',observers=observers+',5,' where id=4;
[2013-12-13 17:58:24] update dbo.SYS_WF_INSTANCE set mPerson=5, mTime=getdate(),note='确定通过' where id=1944;
[2013-12-13 17:58:24] insert into dbo.SYS_WF_INSTANCE (oid,definedNodeID,nodeName,next,pre,ext,type,state,users,roles,owner,parentPath,treeOrder,depth,pid,cPerson) values (107,136,'结束',',0,',1944,'',11,1,',',',',',',',1923,',3,1,1923,5);
[2013-12-13 17:58:24] update dbo.SYS_WF_INSTANCE set mPerson=5, mTime=getdate(),sons=sons+1 where id=1923;
[2013-12-13 17:58:24] update dbo.SYS_WF_INSTANCE set mPerson=5, mTime=getdate(),state=0, next='1945' where id=1944;
[2013-12-13 17:58:24] update dbo.SYS_WF_INSTANCE set mPerson=5, mTime=getdate(),state=-1 where id=1923;
[2013-12-13 17:58:24] update dbo.SYS_WF_INSTANCE set mPerson=5, mTime=getdate(),owner=dbo.SYS_TRANS_RIGHTS_USERS(',') where id=1923;
[2013-12-13 17:58:24] update PRO_SC_APPLY set mPerson=5, mTime=getdate(),users=',',observers=observers+',' where id=4;
[2013-12-13 17:58:25] update PRO_MG set mPerson=5, mTime=getdate(),state=507 where id=4;
