[2013-12-02 17:14:57] insert into SYS_CM_GLOBAL_TABLE (pid,nodeName,parentPath,treeOrder,depth,cPerson) values ('4','Bug管理',',1,4,',5,2,2);
[2013-12-02 17:14:57] update SYS_CM_GLOBAL_TABLE set mPerson=2, mTime=getdate(),sons=sons+1 where id=4;
[2013-12-02 17:19:30] insert into SYS_CM_GLOBAL_TABLE (pid,nodeName,parentPath,treeOrder,depth,cPerson) values ('583','Bug状态【＜]br【＞]Bug等级',',1,4,583,',1,3,2);
[2013-12-02 17:19:30] update SYS_CM_GLOBAL_TABLE set mPerson=2, mTime=getdate(),sons=sons+1 where id=583;
[2013-12-02 17:19:36] update SYS_CM_GLOBAL_TABLE set mPerson=2, mTime=getdate(),nodeName='Bug状态' where id=584;
[2013-12-02 17:19:40] insert into SYS_CM_GLOBAL_TABLE (nodeName,parentPath,treeOrder,depth,pid,cPerson) values ('Bug等级',',1,4,583,',2,3,583,2);
[2013-12-02 17:19:40] update SYS_CM_GLOBAL_TABLE set mPerson=2, mTime=getdate(),sons=sons+1 where id=583;
[2013-12-02 17:24:19] insert into SYS_CM_GLOBAL_TABLE (nodeName,parentPath,treeOrder,depth,pid,cPerson) values ('<font style="color:#0066ff;">新建</font>',',1,4,583,584,',1,4,584,2);
[2013-12-02 17:24:19] update SYS_CM_GLOBAL_TABLE set mPerson=2, mTime=getdate(),sons=sons+1 where id=584;
[2013-12-02 17:24:19] insert into SYS_CM_GLOBAL_TABLE (nodeName,parentPath,treeOrder,depth,pid,cPerson) values ('进行中',',1,4,583,584,',2,4,584,2);
[2013-12-02 17:24:19] update SYS_CM_GLOBAL_TABLE set mPerson=2, mTime=getdate(),sons=sons+1 where id=584;
[2013-12-02 17:24:19] insert into SYS_CM_GLOBAL_TABLE (nodeName,parentPath,treeOrder,depth,pid,cPerson) values ('<font style="color:#339900;">已解决</font>',',1,4,583,584,',3,4,584,2);
[2013-12-02 17:24:19] update SYS_CM_GLOBAL_TABLE set mPerson=2, mTime=getdate(),sons=sons+1 where id=584;
[2013-12-02 17:24:19] insert into SYS_CM_GLOBAL_TABLE (nodeName,parentPath,treeOrder,depth,pid,cPerson) values ('已关闭',',1,4,583,584,',4,4,584,2);
[2013-12-02 17:24:19] update SYS_CM_GLOBAL_TABLE set mPerson=2, mTime=getdate(),sons=sons+1 where id=584;
[2013-12-02 17:24:19] insert into SYS_CM_GLOBAL_TABLE (nodeName,parentPath,treeOrder,depth,pid,cPerson) values ('<font style="color:#cc3300;">已拒绝</font>',',1,4,583,584,',5,4,584,2);
[2013-12-02 17:24:19] update SYS_CM_GLOBAL_TABLE set mPerson=2, mTime=getdate(),sons=sons+1 where id=584;
[2013-12-02 17:24:19] insert into SYS_CM_GLOBAL_TABLE (nodeName,parentPath,treeOrder,depth,pid,cPerson) values ('反馈',',1,4,583,584,',6,4,584,2);
[2013-12-02 17:24:19] update SYS_CM_GLOBAL_TABLE set mPerson=2, mTime=getdate(),sons=sons+1 where id=584;
[2013-12-02 17:25:22] update SYS_CM_GLOBAL_TABLE set mPerson=2, mTime=getdate(),nodeName='【＜]font style="color:【≮]F8EFBB;"【＞]进行中【＜]/font【＞]' where id=587;
[2013-12-02 17:27:24] insert into SYS_CM_GLOBAL_TABLE (nodeName,parentPath,treeOrder,depth,pid,cPerson) values ('低',',1,4,583,585,',1,4,585,2);
[2013-12-02 17:27:24] update SYS_CM_GLOBAL_TABLE set mPerson=2, mTime=getdate(),sons=sons+1 where id=585;
[2013-12-02 17:27:24] insert into SYS_CM_GLOBAL_TABLE (nodeName,parentPath,treeOrder,depth,pid,cPerson) values ('普通',',1,4,583,585,',2,4,585,2);
[2013-12-02 17:27:24] update SYS_CM_GLOBAL_TABLE set mPerson=2, mTime=getdate(),sons=sons+1 where id=585;
[2013-12-02 17:27:24] insert into SYS_CM_GLOBAL_TABLE (nodeName,parentPath,treeOrder,depth,pid,cPerson) values ('高',',1,4,583,585,',3,4,585,2);
[2013-12-02 17:27:24] update SYS_CM_GLOBAL_TABLE set mPerson=2, mTime=getdate(),sons=sons+1 where id=585;
[2013-12-02 17:27:24] insert into SYS_CM_GLOBAL_TABLE (nodeName,parentPath,treeOrder,depth,pid,cPerson) values ('紧急',',1,4,583,585,',4,4,585,2);
[2013-12-02 17:27:24] update SYS_CM_GLOBAL_TABLE set mPerson=2, mTime=getdate(),sons=sons+1 where id=585;
[2013-12-02 17:27:24] insert into SYS_CM_GLOBAL_TABLE (nodeName,parentPath,treeOrder,depth,pid,cPerson) values ('立刻',',1,4,583,585,',5,4,585,2);
[2013-12-02 17:27:24] update SYS_CM_GLOBAL_TABLE set mPerson=2, mTime=getdate(),sons=sons+1 where id=585;
[2013-12-02 17:32:58] insert into SYS_CM_FN_TREE (pid,nodeName,parentPath,treeOrder,depth,cPerson) values ('17','Bug管理',',1,15,17,',2,3,2);
[2013-12-02 17:32:58] update SYS_CM_FN_TREE set mPerson=2, mTime=getdate(),sons=sons+1 where id=17;
[2013-12-02 17:33:23] update SYS_CM_FN_TREE set mPerson=2, mTime=getdate(),url='View/bug/BugList【．]js' where id=107;
[2013-12-02 17:54:51] insert into SYS_CM_GLOBAL_BTNSET (pid,nodeName,parentPath,treeOrder,depth,cPerson) values ('2','Bug管理',',1,2,',4,2,2);
[2013-12-02 17:54:51] update SYS_CM_GLOBAL_BTNSET set mPerson=2, mTime=getdate(),sons=sons+1 where id=2;
[2013-12-02 17:58:21] insert into SYS_CM_GLOBAL_BTNSET (nodeName,parentPath,treeOrder,depth,pid,cPerson) values ('bug操作菜单',',1,2,133,',1,3,133,2);
[2013-12-02 17:58:21] update SYS_CM_GLOBAL_BTNSET set mPerson=2, mTime=getdate(),sons=sons+1 where id=133;
[2013-12-02 17:59:56] insert into SYS_CM_GLOBAL_BTNSET (nodeName,parentPath,treeOrder,depth,pid,cPerson) values ('新建Bug',',1,2,133,134,',1,4,134,2);
[2013-12-02 17:59:56] update SYS_CM_GLOBAL_BTNSET set mPerson=2, mTime=getdate(),sons=sons+1 where id=134;
[2013-12-02 17:59:56] insert into SYS_CM_GLOBAL_BTNSET (nodeName,parentPath,treeOrder,depth,pid,cPerson) values ('删除Bug',',1,2,133,134,',2,4,134,2);
[2013-12-02 17:59:56] update SYS_CM_GLOBAL_BTNSET set mPerson=2, mTime=getdate(),sons=sons+1 where id=134;
[2013-12-02 18:00:05] update SYS_CM_GLOBAL_BTNSET set mPerson=2, mTime=getdate(),nodeName='新建Bug',ifRights='0',icon='icon-glyph-plus',ext='' where id=135;
[2013-12-02 18:00:13] update SYS_CM_GLOBAL_BTNSET set mPerson=2, mTime=getdate(),nodeName='删除Bug',ifRights='0',icon='icon-glyph-minus',ext='' where id=136;
[2013-12-02 18:44:28] insert into SYS_CM_FILES (nodeName,sysName,extName,origName,catelog,size,type,parentPath,treeOrder,depth,pid,cPerson) values ('120.jpg','2013120206442815042','jpg','120','test',5851,1,',1,4,',77,2,4,2);
[2013-12-02 18:44:28] update SYS_CM_FILES set mPerson=2, mTime=getdate(),sons=sons+1 where id=4;
[2013-12-02 18:44:52] insert into SYS_BUGS (title,lev,bTime,planEndTime,assignTo,observers,note,cPerson) values ('测试项目','594','2013-12-10',',148,','2',',63,64,70,','测试bug还未解决呢',2);
[2013-12-02 18:45:22] insert into SYS_BUGS (title,lev,bTime,planEndTime,assignTo,observers,note,cPerson) values ('fasdf','592','2013-12-02','','22',',20,26,','fasdfasdfads',2);
