[2014-11-14 14:25:57] insert into SYS_CM_FILES (nodeName,sysName,extName,origName,catelog,size,type,parentPath,treeOrder,depth,pid,cPerson) values ('bookmarks_9_28_14.html','2014111402255718272','html','bookmarks_9_28_14','docmg',758449,1,',1,2,8,',6,3,8,2);
[2014-11-14 14:25:58] update SYS_CM_FILES set mPerson=2, mTime=getdate(),sons=sons+1 where id=8;
[2014-11-14 18:13:22] update SYS_CM_USER set mPerson=1, mTime=getdate(),avatar='1.png' where id=1;
[2014-11-14 18:14:22] update SYS_CM_USER set delFlag=1,mTime=getdate() where id in (5,6);
[2014-11-14 18:19:11] update SYS_CM_FN_TREE set mPerson=1, mTime=getdate(),users=',,',roles=',12,13,15,16,17,18,19,20,21,22,23,24,25,26,27,28,29,30,31,32,33,45,46,' where id=41;
[2014-11-14 18:23:59] update SYS_CM_GLOBAL_TABLE set mPerson=2, mTime=getdate(),nodeName='普通员工rqewrq',ifRights='1',icon='',users=',2,',roles=',',attrObj='{}' where id=153;
[2014-11-14 18:23:59] update SYS_CM_GLOBAL_TABLE set mPerson=2, mTime=getdate(),nodeName='普通员工rqewrq',ifRights='1',icon='',users=',2,',roles=',',attrObj='{}' where id=153;
[2014-11-14 18:24:08] update SYS_CM_GLOBAL_TABLE set mPerson=2, mTime=getdate(),nodeName='优秀员工',ifRights='1',icon='',users=',7,',roles=',',attrObj='{}' where id=154;
[2014-11-14 18:33:05] insert into dbo.SYS_WF_INSTANCE (oid,nodeName,owner,cPerson) values (71,'会议流程',',1,',1);
[2014-11-14 18:33:05] insert into dbo.SYS_WF_INSTANCE (oid,definedNodeID,nodeName,next,pre,state,type,owner,note,parentPath,treeOrder,depth,pid,cPerson) values (71,13,'开始',',15,',0,1,10,',1,','',',1988,',1,1,1988,1);
[2014-11-14 18:33:05] update dbo.SYS_WF_INSTANCE set mPerson=1, mTime=getdate(),sons=sons+1 where id=1988;
[2014-11-14 18:33:05] insert into SYS_CM_MEETING (title,address,room,rate,sTime,eTime,note,observers,link,year,month,day,dateId,dateAll,wfId,cPerson) values ('test','fasdfasdf','151','147','2014-11-15 18:10:00','2014-11-15 18:32:00','','','','2014','11','15','20141115','2014-11-15',1988,1);
[2014-11-14 18:33:45] update dbo.SYS_WF_INSTANCE set mPerson=1, mTime=getdate(),note='test' where id=1989;
[2014-11-14 18:33:45] insert into dbo.SYS_WF_INSTANCE (oid,definedNodeID,nodeName,next,pre,ext,type,state,users,roles,owner,parentPath,treeOrder,depth,pid,cPerson) values (71,15,'参与人会签',',14,',1989,'',13,1,',',',',',12,18,30,',',1988,',2,1,1988,1);
[2014-11-14 18:33:45] update dbo.SYS_WF_INSTANCE set mPerson=1, mTime=getdate(),sons=sons+1 where id=1988;
[2014-11-14 18:33:45] update dbo.SYS_WF_INSTANCE set mPerson=1, mTime=getdate(),state=0, next='1990' where id=1989;
[2014-11-14 18:33:45] update dbo.SYS_WF_INSTANCE set mPerson=1, mTime=getdate(),owner=dbo.SYS_TRANS_RIGHTS_USERS(',12,18,30,') where id=1990;
[2014-11-14 18:33:45] insert into dbo.SYS_WF_INSTANCE (state,nodeName,owner,users,parentPath,treeOrder,depth,pid,cPerson) values (100,'12',',12,',',12,',',1988,1990,',1,2,1990,1);
[2014-11-14 18:33:45] update dbo.SYS_WF_INSTANCE set mPerson=1, mTime=getdate(),sons=sons+1 where id=1990;
[2014-11-14 18:33:45] insert into dbo.SYS_WF_INSTANCE (state,nodeName,owner,users,parentPath,treeOrder,depth,pid,cPerson) values (100,'18',',18,',',18,',',1988,1990,',2,2,1990,1);
[2014-11-14 18:33:45] update dbo.SYS_WF_INSTANCE set mPerson=1, mTime=getdate(),sons=sons+1 where id=1990;
[2014-11-14 18:33:45] insert into dbo.SYS_WF_INSTANCE (state,nodeName,owner,users,parentPath,treeOrder,depth,pid,cPerson) values (100,'30',',30,',',30,',',1988,1990,',3,2,1990,1);
[2014-11-14 18:33:45] update dbo.SYS_WF_INSTANCE set mPerson=1, mTime=getdate(),sons=sons+1 where id=1990;
[2014-11-14 18:33:45] update dbo.SYS_WF_INSTANCE set mPerson=1, mTime=getdate(),users=',12,18,30,' where id=1990;
[2014-11-14 18:33:45] update dbo.SYS_WF_INSTANCE set mPerson=1, mTime=getdate(),owner=dbo.SYS_TRANS_RIGHTS_USERS(',12,18,30,') where id=1988;
[2014-11-14 18:33:45] insert into U_EMAIL_12 (nodeName, content, type,cPerson) values ('Meeko系统提醒','系统有任务等您处理，谢谢',1,1);
[2014-11-14 18:33:45] insert into U_EMAIL_18 (nodeName, content, type,cPerson) values ('Meeko系统提醒','系统有任务等您处理，谢谢',1,1);
[2014-11-14 18:33:45] insert into U_EMAIL_30 (nodeName, content, type,cPerson) values ('Meeko系统提醒','系统有任务等您处理，谢谢',1,1);
[2014-11-14 18:33:46] update SYS_CM_MEETING set mPerson=1, mTime=getdate(),users=',12,18,30,',observers=observers+',12,18,30,' where id=12;
[2014-11-14 18:34:45] update dbo.SYS_WF_INSTANCE set mPerson=18, mTime=getdate(),state=201,note='fasdfasdf' where pid=1990 and nodeName='18';
[2014-11-14 18:34:46] update SYS_CM_MEETING set mPerson=18, mTime=getdate(),users=',12,18,30,',observers=observers+',12,18,30,' where id=12;
[2014-11-14 18:34:54] update dbo.SYS_WF_INSTANCE set mPerson=18, mTime=getdate(),state=101,note='fsdfsf' where pid=1990 and dbo.SYS_TRANS_CONFIRM_USERS(nodeName,'18')<>0;
[2014-11-14 18:34:55] update SYS_CM_MEETING set mPerson=18, mTime=getdate(),users=',12,18,30,',observers=observers+',12,18,30,' where id=12;
[2014-11-14 18:37:52] insert into SYS_CM_FILES (nodeName,sysName,extName,origName,catelog,size,type,parentPath,treeOrder,depth,pid,cPerson) values ('zeanium.png','2014111406375216150','png','zeanium','test',170052,1,',1,4,',99,2,4,1);
[2014-11-14 18:37:52] update SYS_CM_FILES set mPerson=1, mTime=getdate(),sons=sons+1 where id=4;
[2014-11-14 18:37:57] insert into SYS_CM_NEWS (title,link,content,cPerson) values ('test',',171,','atest',1);
[2014-11-14 18:38:14] insert into SYS_CM_FILES (nodeName,sysName,extName,origName,catelog,size,type,parentPath,treeOrder,depth,pid,cPerson) values ('公众号绑定界面 头部和左侧页面以这个为主.jpg','2014111406381410185','jpg','公众号绑定界面 头部和左侧页面以这个为主','test',387568,1,',1,4,',100,2,4,1);
[2014-11-14 18:38:14] update SYS_CM_FILES set mPerson=1, mTime=getdate(),sons=sons+1 where id=4;
[2014-11-14 18:38:26] insert into SYS_CM_NOTICE (title,bTime,eTime,link,content,cPerson) values ('rfasasdfa','2014-11-06','2014-11-28',',172,','fasdfasdfa',1);
[2014-11-14 18:39:25] insert into SYS_CM_FILES (nodeName,sysName,extName,origName,catelog,size,type,parentPath,treeOrder,depth,pid,cPerson) values ('后台功能管理.jpg','2014111406392516837','jpg','后台功能管理','test',684685,1,',1,4,',101,2,4,1);
[2014-11-14 18:39:25] update SYS_CM_FILES set mPerson=1, mTime=getdate(),sons=sons+1 where id=4;
[2014-11-14 18:39:29] insert into SYS_CM_FORUM (title,type,link,content,pid,cPerson) values ('test','137',',173,','fasdfasdf',0,1);
[2014-11-14 18:39:53] insert into SYS_CM_FORUM (content,pid,parentPath,treeOrder,depth,cPerson) values ('fdfasdfsad','1',',1,',1,1,1);
[2014-11-14 18:39:53] update SYS_CM_FORUM set mPerson=1, mTime=getdate(),sons=sons+1 where id=1;
[2014-11-14 18:39:56] insert into SYS_CM_FORUM (content,pid,parentPath,treeOrder,depth,cPerson) values ('fasdf','1',',1,',2,1,1);
[2014-11-14 18:39:56] update SYS_CM_FORUM set mPerson=1, mTime=getdate(),sons=sons+1 where id=1;
[2014-11-14 18:40:00] insert into SYS_CM_FORUM (content,pid,parentPath,treeOrder,depth,cPerson) values ('fasdf','1',',1,',3,1,1);
[2014-11-14 18:40:00] update SYS_CM_FORUM set mPerson=1, mTime=getdate(),sons=sons+1 where id=1;
[2014-11-14 18:40:07] insert into SYS_CM_FORUM (content,pid,parentPath,treeOrder,depth,cPerson) values ('asd','2',',1,2,',1,2,1);
[2014-11-14 18:40:07] update SYS_CM_FORUM set mPerson=1, mTime=getdate(),sons=sons+1 where id=2;
[2014-11-14 18:40:17] insert into SYS_CM_FORUM (content,pid,parentPath,treeOrder,depth,cPerson) values ('fasdaf','5',',1,2,5,',1,3,1);
[2014-11-14 18:40:17] update SYS_CM_FORUM set mPerson=1, mTime=getdate(),sons=sons+1 where id=5;
[2014-11-14 18:40:51] insert into SYS_CM_FORUM (content,pid,parentPath,treeOrder,depth,cPerson) values ('fasdfa','1',',1,',4,1,1);
[2014-11-14 18:40:51] update SYS_CM_FORUM set mPerson=1, mTime=getdate(),sons=sons+1 where id=1;
[2014-11-14 18:42:00] insert into SYS_CM_FORUM (title,type,link,content,pid,cPerson) values ('fasdfasdf','139',',','fasdfasdfsa',0,1);
[2014-11-14 18:42:13] insert into SYS_CM_FORUM (title,type,link,content,pid,cPerson) values ('fasdf','137',',','fasdfsdf',0,1);
[2014-11-14 18:49:13] insert into SYS_QT_PAPER (type,nodeName,parentPath,treeOrder,depth,pid,cPerson) values ('1','test001',',1,2,5,',3,3,5,1);
[2014-11-14 18:49:13] update SYS_QT_PAPER set mPerson=1, mTime=getdate(),sons=sons+1 where id=5;
[2014-11-14 18:49:41] insert into SYS_QT_PAPER_TOPIC (title,link,type,paperId,cPerson) values ('test001','','1','10',1);
[2014-11-14 18:49:41] insert into SYS_QT_PAPER_TOPIC_ITEMS (paperId,topicId,title,cPerson) values (10,27,'aa',1);
[2014-11-14 18:49:41] insert into SYS_QT_PAPER_TOPIC_ITEMS (paperId,topicId,title,cPerson) values (10,27,'12',1);
[2014-11-14 18:49:41] insert into SYS_QT_PAPER_TOPIC_ITEMS (paperId,topicId,title,cPerson) values (10,27,'312312',1);
[2014-11-14 18:49:58] insert into SYS_QT_PAPER_TOPIC (title,link,type,paperId,cPerson) values ('testfasdfas','','2','10',1);
[2014-11-14 18:49:58] insert into SYS_QT_PAPER_TOPIC_ITEMS (paperId,topicId,title,cPerson) values (10,28,'fasd',1);
[2014-11-14 18:49:58] insert into SYS_QT_PAPER_TOPIC_ITEMS (paperId,topicId,title,cPerson) values (10,28,'fasdf',1);
[2014-11-14 18:49:58] insert into SYS_QT_PAPER_TOPIC_ITEMS (paperId,topicId,title,cPerson) values (10,28,'fasdf',1);
[2014-11-14 18:49:58] insert into SYS_QT_PAPER_TOPIC_ITEMS (paperId,topicId,title,cPerson) values (10,28,'fasdf',1);
[2014-11-14 18:49:58] insert into SYS_QT_PAPER_TOPIC_ITEMS (paperId,topicId,title,cPerson) values (10,28,'fadsf',1);
[2014-11-14 18:49:58] insert into SYS_QT_PAPER_TOPIC_ITEMS (paperId,topicId,title,cPerson) values (10,28,'fasdf',1);
[2014-11-14 19:10:50] insert into SYS_CM_FILES (nodeName,sysName,extName,origName,catelog,size,type,parentPath,treeOrder,depth,pid,cPerson) values ('u=3091286026,3055086355&fm=23&gp=0.jpg','2014111407105013395','jpg','u=3091286026,3055086355&fm=23&gp=0','test',10891,1,',1,4,',102,2,4,1);
[2014-11-14 19:10:50] update SYS_CM_FILES set mPerson=1, mTime=getdate(),sons=sons+1 where id=4;
[2014-11-14 19:10:54] insert into SYS_BUGS_HISTORY (note,link,bugId,cPerson) values ('fasdfasd',',174,','1',1);
