[2014-01-16 11:27:03] update dbo.PRO_MG set mPerson=1, mTime=getdate(),proCode='test001',proType='458',proNature='474',proArea='482',address='test001',customer='test001',contact='test001',proSource='489',acreage=24.87,outPutValue=548,collectTime='2014-01-22 00:00:00',issuedTime='2014-01-30 00:00:00',execDept=499,deadline='2014-01-16 00:00:00',execTeamLeader='test001负责人',bTime='2014-01-31 00:00:00',eTime='2014-01-22',qingZhao='0',note='fasfasdf',state=508 where id=1;
[2014-01-16 11:57:21] update SYS_CM_GLOBAL_TABLE set mPerson=2, mTime=getdate(),nodeName='排管',ifRights='0',icon='',attrObj='{}' where id=521;
[2014-01-16 11:57:35] update SYS_CM_GLOBAL_TABLE set mPerson=2, mTime=getdate(),nodeName='安装',ifRights='0',icon='',attrObj='{}' where id=522;
[2014-01-16 11:57:43] update SYS_CM_GLOBAL_TABLE set mPerson=2, mTime=getdate(),nodeName='砌箱',ifRights='0',icon='',attrObj='{}' where id=523;
[2014-01-16 11:57:49] update SYS_CM_GLOBAL_TABLE set mPerson=2, mTime=getdate(),nodeName='临时管',ifRights='0',icon='',attrObj='{}' where id=524;
[2014-01-16 11:57:55] update SYS_CM_GLOBAL_TABLE set mPerson=2, mTime=getdate(),nodeName='其他',ifRights='0',icon='',attrObj='{}' where id=525;
[2014-01-16 11:58:15] update SYS_CM_GLOBAL_TABLE set mPerson=2, mTime=getdate(),nodeName='DN25',ifRights='0',icon='',attrObj='{}' where id=526;
[2014-01-16 11:58:22] update SYS_CM_GLOBAL_TABLE set mPerson=2, mTime=getdate(),nodeName='DN50',ifRights='0',icon='',attrObj='{}' where id=527;
[2014-01-16 12:01:42] update SYS_CM_GLOBAL_TABLE set mPerson=2, mTime=getdate(),nodeName='DN100',ifRights='0',icon='',attrObj='{}' where id=528;
[2014-01-16 12:01:50] update SYS_CM_GLOBAL_TABLE set mPerson=2, mTime=getdate(),nodeName='DN150',ifRights='0',icon='',attrObj='{}' where id=529;
[2014-01-16 12:01:57] update SYS_CM_GLOBAL_TABLE set mPerson=2, mTime=getdate(),nodeName='DN200',ifRights='0',icon='',attrObj='{}' where id=530;
[2014-01-16 12:14:31] update SYS_CM_GLOBAL_TABLE set mPerson=2, mTime=getdate(),nodeName='砌箱xxx' where id=523;
[2014-01-16 12:14:41] update SYS_CM_GLOBAL_TABLE set mPerson=2, mTime=getdate(),nodeName='砌箱' where id=523;
[2014-01-16 12:27:31] update SYS_CM_GLOBAL_TABLE set delFlag=1,mTime=getdate() where id=597;
[2014-01-16 12:31:34] update SYS_CM_GLOBAL_TABLE set delFlag=1,mTime=getdate() where id=598;
[2014-01-16 12:31:37] update SYS_CM_GLOBAL_TABLE set delFlag=1,mTime=getdate() where id=599;
[2014-01-16 12:31:40] update SYS_CM_GLOBAL_TABLE set delFlag=1,mTime=getdate() where id=600;
[2014-01-16 12:31:43] update SYS_CM_GLOBAL_TABLE set delFlag=1,mTime=getdate() where id=601;
[2014-01-16 12:32:02] update SYS_CM_GLOBAL_TABLE set delFlag=1,mTime=getdate() where id=602;
[2014-01-16 12:32:05] update SYS_CM_GLOBAL_TABLE set delFlag=1,mTime=getdate() where id=603;
[2014-01-16 12:32:18] update SYS_CM_GLOBAL_TABLE set mPerson=2, mTime=getdate(),nodeName='PE管含设备' where id=604;
[2014-01-16 12:32:24] update SYS_CM_GLOBAL_TABLE set mPerson=2, mTime=getdate(),nodeName='PE管不含设备' where id=605;
[2014-01-16 12:32:30] update SYS_CM_GLOBAL_TABLE set mPerson=2, mTime=getdate(),nodeName='白铁管' where id=606;
[2014-01-16 12:32:51] update SYS_CM_GLOBAL_TABLE set delFlag=1,mTime=getdate() where id=533;
[2014-01-16 12:32:54] update SYS_CM_GLOBAL_TABLE set delFlag=1,mTime=getdate() where id=534;
[2014-01-16 12:32:57] update SYS_CM_GLOBAL_TABLE set delFlag=1,mTime=getdate() where id=535;
[2014-01-16 12:33:01] update SYS_CM_GLOBAL_TABLE set delFlag=1,mTime=getdate() where id=536;
[2014-01-16 12:33:04] update SYS_CM_GLOBAL_TABLE set delFlag=1,mTime=getdate() where id=537;
[2014-01-16 12:33:22] update SYS_CM_GLOBAL_TABLE set delFlag=1,mTime=getdate() where id=538;
[2014-01-16 12:33:25] update SYS_CM_GLOBAL_TABLE set delFlag=1,mTime=getdate() where id=539;
[2014-01-16 12:33:31] update SYS_CM_GLOBAL_TABLE set delFlag=1,mTime=getdate() where id=540;
[2014-01-16 12:33:38] update SYS_CM_GLOBAL_TABLE set mPerson=2, mTime=getdate(),nodeName='DN100-500' where id=541;
[2014-01-16 12:33:45] update SYS_CM_GLOBAL_TABLE set mPerson=2, mTime=getdate(),nodeName='DN300' where id=542;
[2014-01-16 12:33:52] update SYS_CM_GLOBAL_TABLE set mPerson=2, mTime=getdate(),nodeName='DN500' where id=543;
[2014-01-16 12:34:00] update SYS_CM_GLOBAL_TABLE set mPerson=2, mTime=getdate(),nodeName='DN600-800' where id=544;
[2014-01-16 12:34:06] update SYS_CM_GLOBAL_TABLE set mPerson=2, mTime=getdate(),nodeName='DN800-1000' where id=545;
[2014-01-16 12:34:12] update SYS_CM_GLOBAL_TABLE set mPerson=2, mTime=getdate(),nodeName='DN1000-1200' where id=546;
[2014-01-16 12:34:50] update SYS_CM_GLOBAL_TABLE set delFlag=1,mTime=getdate() where id=574;
[2014-01-16 12:34:53] update SYS_CM_GLOBAL_TABLE set delFlag=1,mTime=getdate() where id=573;
[2014-01-16 12:34:57] update SYS_CM_GLOBAL_TABLE set delFlag=1,mTime=getdate() where id=572;
[2014-01-16 12:35:05] update SYS_CM_GLOBAL_TABLE set mPerson=2, mTime=getdate(),nodeName='增加' where id=575;
[2014-01-16 12:35:12] update SYS_CM_GLOBAL_TABLE set mPerson=2, mTime=getdate(),nodeName='扣除' where id=576;
[2014-01-16 12:35:36] update SYS_CM_GLOBAL_TABLE set mPerson=2, mTime=getdate(),nodeName='DN25-50' where id=564;
[2014-01-16 12:35:43] update SYS_CM_GLOBAL_TABLE set mPerson=2, mTime=getdate(),nodeName='DN100' where id=565;
[2014-01-16 12:35:49] update SYS_CM_GLOBAL_TABLE set mPerson=2, mTime=getdate(),nodeName='DN150' where id=566;
[2014-01-16 12:35:55] update SYS_CM_GLOBAL_TABLE set mPerson=2, mTime=getdate(),nodeName='DN200' where id=567;
[2014-01-16 12:36:00] update SYS_CM_GLOBAL_TABLE set mPerson=2, mTime=getdate(),nodeName='DN300' where id=568;
[2014-01-16 12:36:06] update SYS_CM_GLOBAL_TABLE set mPerson=2, mTime=getdate(),nodeName='DN500' where id=569;
[2014-01-16 12:36:09] update SYS_CM_GLOBAL_TABLE set delFlag=1,mTime=getdate() where id=570;
[2014-01-16 12:36:12] update SYS_CM_GLOBAL_TABLE set delFlag=1,mTime=getdate() where id=571;
[2014-01-16 12:40:00] insert into SYS_CM_GLOBAL_TABLE (nodeName,parentPath,treeOrder,depth,pid,cPerson) values ('DN300',',1,5,519,520,521,',6,5,521,2);
[2014-01-16 12:40:00] update SYS_CM_GLOBAL_TABLE set mPerson=2, mTime=getdate(),sons=sons+1 where id=521;
[2014-01-16 12:40:00] insert into SYS_CM_GLOBAL_TABLE (nodeName,parentPath,treeOrder,depth,pid,cPerson) values ('DN500',',1,5,519,520,521,',7,5,521,2);
[2014-01-16 12:40:00] update SYS_CM_GLOBAL_TABLE set mPerson=2, mTime=getdate(),sons=sons+1 where id=521;
[2014-01-16 12:40:00] insert into SYS_CM_GLOBAL_TABLE (nodeName,parentPath,treeOrder,depth,pid,cPerson) values ('DN600',',1,5,519,520,521,',8,5,521,2);
[2014-01-16 12:40:00] update SYS_CM_GLOBAL_TABLE set mPerson=2, mTime=getdate(),sons=sons+1 where id=521;
[2014-01-16 12:40:00] insert into SYS_CM_GLOBAL_TABLE (nodeName,parentPath,treeOrder,depth,pid,cPerson) values ('DN700',',1,5,519,520,521,',9,5,521,2);
[2014-01-16 12:40:00] update SYS_CM_GLOBAL_TABLE set mPerson=2, mTime=getdate(),sons=sons+1 where id=521;
[2014-01-16 12:40:00] insert into SYS_CM_GLOBAL_TABLE (nodeName,parentPath,treeOrder,depth,pid,cPerson) values ('DN800',',1,5,519,520,521,',10,5,521,2);
[2014-01-16 12:40:00] update SYS_CM_GLOBAL_TABLE set mPerson=2, mTime=getdate(),sons=sons+1 where id=521;
[2014-01-16 12:40:34] insert into SYS_CM_GLOBAL_TABLE (nodeName,parentPath,treeOrder,depth,pid,cPerson) values ('PE管含设备',',1,5,519,520,521,527,',1,6,527,2);
[2014-01-16 12:40:34] update SYS_CM_GLOBAL_TABLE set mPerson=2, mTime=getdate(),sons=sons+1 where id=527;
[2014-01-16 12:40:34] insert into SYS_CM_GLOBAL_TABLE (nodeName,parentPath,treeOrder,depth,pid,cPerson) values ('PE管不含设备',',1,5,519,520,521,527,',2,6,527,2);
[2014-01-16 12:40:34] update SYS_CM_GLOBAL_TABLE set mPerson=2, mTime=getdate(),sons=sons+1 where id=527;
[2014-01-16 12:40:34] insert into SYS_CM_GLOBAL_TABLE (nodeName,parentPath,treeOrder,depth,pid,cPerson) values ('白铁管',',1,5,519,520,521,527,',3,6,527,2);
[2014-01-16 12:40:34] update SYS_CM_GLOBAL_TABLE set mPerson=2, mTime=getdate(),sons=sons+1 where id=527;
[2014-01-16 12:40:42] insert into SYS_CM_GLOBAL_TABLE (nodeName,parentPath,treeOrder,depth,pid,cPerson) values ('PE管含设备',',1,5,519,520,521,528,',1,6,528,2);
[2014-01-16 12:40:42] update SYS_CM_GLOBAL_TABLE set mPerson=2, mTime=getdate(),sons=sons+1 where id=528;
[2014-01-16 12:40:42] insert into SYS_CM_GLOBAL_TABLE (nodeName,parentPath,treeOrder,depth,pid,cPerson) values ('PE管不含设备',',1,5,519,520,521,528,',2,6,528,2);
[2014-01-16 12:40:42] update SYS_CM_GLOBAL_TABLE set mPerson=2, mTime=getdate(),sons=sons+1 where id=528;
[2014-01-16 12:40:43] insert into SYS_CM_GLOBAL_TABLE (nodeName,parentPath,treeOrder,depth,pid,cPerson) values ('白铁管',',1,5,519,520,521,528,',3,6,528,2);
[2014-01-16 12:40:43] update SYS_CM_GLOBAL_TABLE set mPerson=2, mTime=getdate(),sons=sons+1 where id=528;
[2014-01-16 12:41:00] update SYS_CM_GLOBAL_TABLE set mPerson=2, mTime=getdate(),nodeName='球墨铸铁管',ifRights='0',icon='',attrObj='{}' where id=661;
[2014-01-16 12:41:08] insert into SYS_CM_GLOBAL_TABLE (nodeName,parentPath,treeOrder,depth,pid,cPerson) values ('钢管',',1,5,519,520,521,528,',4,6,528,2);
[2014-01-16 12:41:08] update SYS_CM_GLOBAL_TABLE set mPerson=2, mTime=getdate(),sons=sons+1 where id=528;
[2014-01-16 12:46:42] insert into SYS_CM_GLOBAL_TABLE (nodeName,parentPath,treeOrder,depth,pid,cPerson) values ('PE管含设备',',1,5,519,520,521,529,',1,6,529,2);
[2014-01-16 12:46:42] update SYS_CM_GLOBAL_TABLE set mPerson=2, mTime=getdate(),sons=sons+1 where id=529;
[2014-01-16 12:46:42] insert into SYS_CM_GLOBAL_TABLE (nodeName,parentPath,treeOrder,depth,pid,cPerson) values ('PE管不含设备',',1,5,519,520,521,529,',2,6,529,2);
[2014-01-16 12:46:42] update SYS_CM_GLOBAL_TABLE set mPerson=2, mTime=getdate(),sons=sons+1 where id=529;
[2014-01-16 12:46:42] insert into SYS_CM_GLOBAL_TABLE (nodeName,parentPath,treeOrder,depth,pid,cPerson) values ('球墨铸铁管',',1,5,519,520,521,529,',3,6,529,2);
[2014-01-16 12:46:42] update SYS_CM_GLOBAL_TABLE set mPerson=2, mTime=getdate(),sons=sons+1 where id=529;
[2014-01-16 12:46:42] insert into SYS_CM_GLOBAL_TABLE (nodeName,parentPath,treeOrder,depth,pid,cPerson) values ('钢管',',1,5,519,520,521,529,',4,6,529,2);
[2014-01-16 12:46:42] update SYS_CM_GLOBAL_TABLE set mPerson=2, mTime=getdate(),sons=sons+1 where id=529;
[2014-01-16 12:47:14] insert into SYS_CM_GLOBAL_TABLE (nodeName,parentPath,treeOrder,depth,pid,cPerson) values ('PE管含设备',',1,5,519,520,521,530,',3,6,530,2);
[2014-01-16 12:47:14] update SYS_CM_GLOBAL_TABLE set mPerson=2, mTime=getdate(),sons=sons+1 where id=530;
[2014-01-16 12:47:14] insert into SYS_CM_GLOBAL_TABLE (nodeName,parentPath,treeOrder,depth,pid,cPerson) values ('PE管不含设备',',1,5,519,520,521,530,',4,6,530,2);
[2014-01-16 12:47:14] update SYS_CM_GLOBAL_TABLE set mPerson=2, mTime=getdate(),sons=sons+1 where id=530;
[2014-01-16 12:47:14] insert into SYS_CM_GLOBAL_TABLE (nodeName,parentPath,treeOrder,depth,pid,cPerson) values ('球墨铸铁管',',1,5,519,520,521,530,',5,6,530,2);
[2014-01-16 12:47:14] update SYS_CM_GLOBAL_TABLE set mPerson=2, mTime=getdate(),sons=sons+1 where id=530;
[2014-01-16 12:47:14] insert into SYS_CM_GLOBAL_TABLE (nodeName,parentPath,treeOrder,depth,pid,cPerson) values ('钢管',',1,5,519,520,521,530,',6,6,530,2);
[2014-01-16 12:47:14] update SYS_CM_GLOBAL_TABLE set mPerson=2, mTime=getdate(),sons=sons+1 where id=530;
[2014-01-16 12:47:19] insert into SYS_CM_GLOBAL_TABLE (nodeName,parentPath,treeOrder,depth,pid,cPerson) values ('PE管含设备',',1,5,519,520,521,651,',1,6,651,2);
[2014-01-16 12:47:19] update SYS_CM_GLOBAL_TABLE set mPerson=2, mTime=getdate(),sons=sons+1 where id=651;
[2014-01-16 12:47:19] insert into SYS_CM_GLOBAL_TABLE (nodeName,parentPath,treeOrder,depth,pid,cPerson) values ('PE管不含设备',',1,5,519,520,521,651,',2,6,651,2);
[2014-01-16 12:47:19] update SYS_CM_GLOBAL_TABLE set mPerson=2, mTime=getdate(),sons=sons+1 where id=651;
[2014-01-16 12:47:19] insert into SYS_CM_GLOBAL_TABLE (nodeName,parentPath,treeOrder,depth,pid,cPerson) values ('球墨铸铁管',',1,5,519,520,521,651,',3,6,651,2);
[2014-01-16 12:47:19] update SYS_CM_GLOBAL_TABLE set mPerson=2, mTime=getdate(),sons=sons+1 where id=651;
[2014-01-16 12:47:19] insert into SYS_CM_GLOBAL_TABLE (nodeName,parentPath,treeOrder,depth,pid,cPerson) values ('钢管',',1,5,519,520,521,651,',4,6,651,2);
[2014-01-16 12:47:19] update SYS_CM_GLOBAL_TABLE set mPerson=2, mTime=getdate(),sons=sons+1 where id=651;
[2014-01-16 12:47:28] insert into SYS_CM_GLOBAL_TABLE (nodeName,parentPath,treeOrder,depth,pid,cPerson) values ('PE管含设备',',1,5,519,520,521,652,',1,6,652,2);
[2014-01-16 12:47:28] update SYS_CM_GLOBAL_TABLE set mPerson=2, mTime=getdate(),sons=sons+1 where id=652;
[2014-01-16 12:47:28] insert into SYS_CM_GLOBAL_TABLE (nodeName,parentPath,treeOrder,depth,pid,cPerson) values ('PE管不含设备',',1,5,519,520,521,652,',2,6,652,2);
[2014-01-16 12:47:28] update SYS_CM_GLOBAL_TABLE set mPerson=2, mTime=getdate(),sons=sons+1 where id=652;
[2014-01-16 12:47:28] insert into SYS_CM_GLOBAL_TABLE (nodeName,parentPath,treeOrder,depth,pid,cPerson) values ('球墨铸铁管',',1,5,519,520,521,652,',3,6,652,2);
[2014-01-16 12:47:28] update SYS_CM_GLOBAL_TABLE set mPerson=2, mTime=getdate(),sons=sons+1 where id=652;
[2014-01-16 12:47:28] insert into SYS_CM_GLOBAL_TABLE (nodeName,parentPath,treeOrder,depth,pid,cPerson) values ('钢管',',1,5,519,520,521,652,',4,6,652,2);
[2014-01-16 12:47:28] update SYS_CM_GLOBAL_TABLE set mPerson=2, mTime=getdate(),sons=sons+1 where id=652;
[2014-01-16 12:47:47] insert into SYS_CM_GLOBAL_TABLE (nodeName,parentPath,treeOrder,depth,pid,cPerson) values ('球墨铸铁管',',1,5,519,520,521,653,',1,6,653,2);
[2014-01-16 12:47:47] update SYS_CM_GLOBAL_TABLE set mPerson=2, mTime=getdate(),sons=sons+1 where id=653;
[2014-01-16 12:47:47] insert into SYS_CM_GLOBAL_TABLE (nodeName,parentPath,treeOrder,depth,pid,cPerson) values ('钢管',',1,5,519,520,521,653,',2,6,653,2);
[2014-01-16 12:47:47] update SYS_CM_GLOBAL_TABLE set mPerson=2, mTime=getdate(),sons=sons+1 where id=653;
[2014-01-16 12:47:52] insert into SYS_CM_GLOBAL_TABLE (nodeName,parentPath,treeOrder,depth,pid,cPerson) values ('球墨铸铁管',',1,5,519,520,521,654,',1,6,654,2);
[2014-01-16 12:47:52] update SYS_CM_GLOBAL_TABLE set mPerson=2, mTime=getdate(),sons=sons+1 where id=654;
[2014-01-16 12:47:52] insert into SYS_CM_GLOBAL_TABLE (nodeName,parentPath,treeOrder,depth,pid,cPerson) values ('钢管',',1,5,519,520,521,654,',2,6,654,2);
[2014-01-16 12:47:52] update SYS_CM_GLOBAL_TABLE set mPerson=2, mTime=getdate(),sons=sons+1 where id=654;
[2014-01-16 12:48:01] insert into SYS_CM_GLOBAL_TABLE (nodeName,parentPath,treeOrder,depth,pid,cPerson) values ('球墨铸铁管',',1,5,519,520,521,655,',1,6,655,2);
[2014-01-16 12:48:01] update SYS_CM_GLOBAL_TABLE set mPerson=2, mTime=getdate(),sons=sons+1 where id=655;
[2014-01-16 12:48:01] insert into SYS_CM_GLOBAL_TABLE (nodeName,parentPath,treeOrder,depth,pid,cPerson) values ('钢管',',1,5,519,520,521,655,',2,6,655,2);
[2014-01-16 12:48:01] update SYS_CM_GLOBAL_TABLE set mPerson=2, mTime=getdate(),sons=sons+1 where id=655;
[2014-01-16 12:49:10] insert into SYS_CM_GLOBAL_TABLE (nodeName,parentPath,treeOrder,depth,pid,cPerson) values ('接水阀',',1,5,519,520,522,541,',1,6,541,2);
[2014-01-16 12:49:10] update SYS_CM_GLOBAL_TABLE set mPerson=2, mTime=getdate(),sons=sons+1 where id=541;
[2014-01-16 12:49:19] insert into SYS_CM_GLOBAL_TABLE (nodeName,parentPath,treeOrder,depth,pid,cPerson) values ('开梯',',1,5,519,520,522,542,',1,6,542,2);
[2014-01-16 12:49:19] update SYS_CM_GLOBAL_TABLE set mPerson=2, mTime=getdate(),sons=sons+1 where id=542;
[2014-01-16 12:49:22] insert into SYS_CM_GLOBAL_TABLE (nodeName,parentPath,treeOrder,depth,pid,cPerson) values ('开梯',',1,5,519,520,522,543,',1,6,543,2);
[2014-01-16 12:49:22] update SYS_CM_GLOBAL_TABLE set mPerson=2, mTime=getdate(),sons=sons+1 where id=543;
[2014-01-16 12:49:28] insert into SYS_CM_GLOBAL_TABLE (nodeName,parentPath,treeOrder,depth,pid,cPerson) values ('开梯',',1,5,519,520,522,544,',1,6,544,2);
[2014-01-16 12:49:28] update SYS_CM_GLOBAL_TABLE set mPerson=2, mTime=getdate(),sons=sons+1 where id=544;
[2014-01-16 12:49:34] insert into SYS_CM_GLOBAL_TABLE (nodeName,parentPath,treeOrder,depth,pid,cPerson) values ('开梯',',1,5,519,520,522,545,',1,6,545,2);
[2014-01-16 12:49:34] update SYS_CM_GLOBAL_TABLE set mPerson=2, mTime=getdate(),sons=sons+1 where id=545;
[2014-01-16 12:49:39] insert into SYS_CM_GLOBAL_TABLE (nodeName,parentPath,treeOrder,depth,pid,cPerson) values ('开梯',',1,5,519,520,522,546,',1,6,546,2);
[2014-01-16 12:49:39] update SYS_CM_GLOBAL_TABLE set mPerson=2, mTime=getdate(),sons=sons+1 where id=546;
[2014-01-16 12:50:04] update SYS_CM_GLOBAL_TABLE set mPerson=2, mTime=getdate(),nodeName='小型' where id=547;
[2014-01-16 12:50:09] update SYS_CM_GLOBAL_TABLE set mPerson=2, mTime=getdate(),nodeName='中型' where id=548;
[2014-01-16 12:50:15] update SYS_CM_GLOBAL_TABLE set mPerson=2, mTime=getdate(),nodeName='大型' where id=549;
[2014-01-16 12:50:21] update SYS_CM_GLOBAL_TABLE set mPerson=2, mTime=getdate(),nodeName='250型' where id=550;
[2014-01-16 12:50:27] update SYS_CM_GLOBAL_TABLE set mPerson=2, mTime=getdate(),nodeName='流量箱' where id=551;
[2014-01-16 12:50:39] update SYS_CM_GLOBAL_TABLE set mPerson=2, mTime=getdate(),nodeName='DN300' where id=552;
[2014-01-16 12:50:47] update SYS_CM_GLOBAL_TABLE set mPerson=2, mTime=getdate(),nodeName='DN500' where id=553;
[2014-01-16 12:50:52] update SYS_CM_GLOBAL_TABLE set mPerson=2, mTime=getdate(),nodeName='DN700-800' where id=554;
[2014-01-16 12:50:58] update SYS_CM_GLOBAL_TABLE set mPerson=2, mTime=getdate(),nodeName='DN1000-1200' where id=555;
[2014-01-16 12:51:03] update SYS_CM_GLOBAL_TABLE set mPerson=2, mTime=getdate(),nodeName='DN300' where id=556;
[2014-01-16 12:51:08] update SYS_CM_GLOBAL_TABLE set mPerson=2, mTime=getdate(),nodeName='DN500' where id=557;
[2014-01-16 12:51:17] update SYS_CM_GLOBAL_TABLE set mPerson=2, mTime=getdate(),nodeName='DN700-800' where id=558;
[2014-01-16 12:51:26] update SYS_CM_GLOBAL_TABLE set mPerson=2, mTime=getdate(),nodeName='DN1000-1200' where id=559;
[2014-01-16 12:51:38] update SYS_CM_GLOBAL_TABLE set delFlag=1,mTime=getdate() where id in(560,561,562);
[2014-01-16 12:52:33] insert into SYS_CM_GLOBAL_TABLE (nodeName,parentPath,treeOrder,depth,pid,cPerson) values ('水表箱',',1,5,519,520,523,547,',1,6,547,2);
[2014-01-16 12:52:33] update SYS_CM_GLOBAL_TABLE set mPerson=2, mTime=getdate(),sons=sons+1 where id=547;
[2014-01-16 12:52:40] insert into SYS_CM_GLOBAL_TABLE (nodeName,parentPath,treeOrder,depth,pid,cPerson) values ('水表箱',',1,5,519,520,523,548,',1,6,548,2);
[2014-01-16 12:52:40] update SYS_CM_GLOBAL_TABLE set mPerson=2, mTime=getdate(),sons=sons+1 where id=548;
[2014-01-16 12:52:46] insert into SYS_CM_GLOBAL_TABLE (nodeName,parentPath,treeOrder,depth,pid,cPerson) values ('水表箱',',1,5,519,520,523,549,',1,6,549,2);
[2014-01-16 12:52:46] update SYS_CM_GLOBAL_TABLE set mPerson=2, mTime=getdate(),sons=sons+1 where id=549;
[2014-01-16 12:52:55] insert into SYS_CM_GLOBAL_TABLE (nodeName,parentPath,treeOrder,depth,pid,cPerson) values ('阀门箱',',1,5,519,520,523,550,',1,6,550,2);
[2014-01-16 12:52:55] update SYS_CM_GLOBAL_TABLE set mPerson=2, mTime=getdate(),sons=sons+1 where id=550;
[2014-01-16 12:53:01] insert into SYS_CM_GLOBAL_TABLE (nodeName,parentPath,treeOrder,depth,pid,cPerson) values ('阀门箱',',1,5,519,520,523,551,',1,6,551,2);
[2014-01-16 12:53:01] update SYS_CM_GLOBAL_TABLE set mPerson=2, mTime=getdate(),sons=sons+1 where id=551;
[2014-01-16 12:53:13] insert into SYS_CM_GLOBAL_TABLE (nodeName,parentPath,treeOrder,depth,pid,cPerson) values ('钢筋阀门箱',',1,5,519,520,523,552,',1,6,552,2);
[2014-01-16 12:53:13] update SYS_CM_GLOBAL_TABLE set mPerson=2, mTime=getdate(),sons=sons+1 where id=552;
[2014-01-16 12:53:16] insert into SYS_CM_GLOBAL_TABLE (nodeName,parentPath,treeOrder,depth,pid,cPerson) values ('钢筋阀门箱',',1,5,519,520,523,553,',1,6,553,2);
[2014-01-16 12:53:16] update SYS_CM_GLOBAL_TABLE set mPerson=2, mTime=getdate(),sons=sons+1 where id=553;
[2014-01-16 12:53:21] insert into SYS_CM_GLOBAL_TABLE (nodeName,parentPath,treeOrder,depth,pid,cPerson) values ('钢筋阀门箱',',1,5,519,520,523,554,',1,6,554,2);
[2014-01-16 12:53:21] update SYS_CM_GLOBAL_TABLE set mPerson=2, mTime=getdate(),sons=sons+1 where id=554;
[2014-01-16 12:53:25] insert into SYS_CM_GLOBAL_TABLE (nodeName,parentPath,treeOrder,depth,pid,cPerson) values ('钢筋阀门箱',',1,5,519,520,523,555,',1,6,555,2);
[2014-01-16 12:53:25] update SYS_CM_GLOBAL_TABLE set mPerson=2, mTime=getdate(),sons=sons+1 where id=555;
[2014-01-16 12:53:28] insert into SYS_CM_GLOBAL_TABLE (nodeName,parentPath,treeOrder,depth,pid,cPerson) values ('钢筋阀门箱',',1,5,519,520,523,556,',1,6,556,2);
[2014-01-16 12:53:28] update SYS_CM_GLOBAL_TABLE set mPerson=2, mTime=getdate(),sons=sons+1 where id=556;
[2014-01-16 12:53:32] insert into SYS_CM_GLOBAL_TABLE (nodeName,parentPath,treeOrder,depth,pid,cPerson) values ('钢筋阀门箱',',1,5,519,520,523,557,',1,6,557,2);
[2014-01-16 12:53:32] update SYS_CM_GLOBAL_TABLE set mPerson=2, mTime=getdate(),sons=sons+1 where id=557;
[2014-01-16 12:53:37] insert into SYS_CM_GLOBAL_TABLE (nodeName,parentPath,treeOrder,depth,pid,cPerson) values ('钢筋阀门箱',',1,5,519,520,523,558,',1,6,558,2);
[2014-01-16 12:53:37] update SYS_CM_GLOBAL_TABLE set mPerson=2, mTime=getdate(),sons=sons+1 where id=558;
[2014-01-16 12:53:41] insert into SYS_CM_GLOBAL_TABLE (nodeName,parentPath,treeOrder,depth,pid,cPerson) values ('钢筋阀门箱',',1,5,519,520,523,559,',1,6,559,2);
[2014-01-16 12:53:41] update SYS_CM_GLOBAL_TABLE set mPerson=2, mTime=getdate(),sons=sons+1 where id=559;
[2014-01-16 12:54:09] insert into SYS_CM_GLOBAL_TABLE (nodeName,parentPath,treeOrder,depth,pid,cPerson) values ('任意',',1,5,519,520,524,564,',1,6,564,2);
[2014-01-16 12:54:09] update SYS_CM_GLOBAL_TABLE set mPerson=2, mTime=getdate(),sons=sons+1 where id=564;
[2014-01-16 12:54:12] insert into SYS_CM_GLOBAL_TABLE (nodeName,parentPath,treeOrder,depth,pid,cPerson) values ('任意',',1,5,519,520,524,565,',1,6,565,2);
[2014-01-16 12:54:12] update SYS_CM_GLOBAL_TABLE set mPerson=2, mTime=getdate(),sons=sons+1 where id=565;
[2014-01-16 12:54:15] insert into SYS_CM_GLOBAL_TABLE (nodeName,parentPath,treeOrder,depth,pid,cPerson) values ('任意',',1,5,519,520,524,566,',1,6,566,2);
[2014-01-16 12:54:15] update SYS_CM_GLOBAL_TABLE set mPerson=2, mTime=getdate(),sons=sons+1 where id=566;
[2014-01-16 12:54:18] insert into SYS_CM_GLOBAL_TABLE (nodeName,parentPath,treeOrder,depth,pid,cPerson) values ('任意',',1,5,519,520,524,567,',1,6,567,2);
[2014-01-16 12:54:18] update SYS_CM_GLOBAL_TABLE set mPerson=2, mTime=getdate(),sons=sons+1 where id=567;
[2014-01-16 12:54:20] insert into SYS_CM_GLOBAL_TABLE (nodeName,parentPath,treeOrder,depth,pid,cPerson) values ('任意',',1,5,519,520,524,568,',1,6,568,2);
[2014-01-16 12:54:20] update SYS_CM_GLOBAL_TABLE set mPerson=2, mTime=getdate(),sons=sons+1 where id=568;
[2014-01-16 12:54:28] insert into SYS_CM_GLOBAL_TABLE (nodeName,parentPath,treeOrder,depth,pid,cPerson) values ('任意',',1,5,519,520,524,569,',1,6,569,2);
[2014-01-16 12:54:28] update SYS_CM_GLOBAL_TABLE set mPerson=2, mTime=getdate(),sons=sons+1 where id=569;
[2014-01-16 13:00:45] insert into SYS_CM_GLOBAL_TABLE (pid,nodeName,parentPath,treeOrder,depth,cPerson) values ('519','路面类型',',1,5,519,',3,3,2);
[2014-01-16 13:00:45] update SYS_CM_GLOBAL_TABLE set mPerson=2, mTime=getdate(),sons=sons+1 where id=519;
[2014-01-16 13:01:11] insert into SYS_CM_GLOBAL_TABLE (nodeName,parentPath,treeOrder,depth,pid,cPerson) values ('甲类',',1,5,519,710,',1,4,710,2);
[2014-01-16 13:01:11] update SYS_CM_GLOBAL_TABLE set mPerson=2, mTime=getdate(),sons=sons+1 where id=710;
[2014-01-16 13:01:11] insert into SYS_CM_GLOBAL_TABLE (nodeName,parentPath,treeOrder,depth,pid,cPerson) values ('乙类',',1,5,519,710,',2,4,710,2);
[2014-01-16 13:01:11] update SYS_CM_GLOBAL_TABLE set mPerson=2, mTime=getdate(),sons=sons+1 where id=710;
[2014-01-16 13:01:11] insert into SYS_CM_GLOBAL_TABLE (nodeName,parentPath,treeOrder,depth,pid,cPerson) values ('街坊内甲类',',1,5,519,710,',3,4,710,2);
[2014-01-16 13:01:11] update SYS_CM_GLOBAL_TABLE set mPerson=2, mTime=getdate(),sons=sons+1 where id=710;
[2014-01-16 13:01:11] insert into SYS_CM_GLOBAL_TABLE (nodeName,parentPath,treeOrder,depth,pid,cPerson) values ('街坊内乙类',',1,5,519,710,',4,4,710,2);
[2014-01-16 13:01:11] update SYS_CM_GLOBAL_TABLE set mPerson=2, mTime=getdate(),sons=sons+1 where id=710;
[2014-01-16 13:01:11] insert into SYS_CM_GLOBAL_TABLE (nodeName,parentPath,treeOrder,depth,pid,cPerson) values ('无路面',',1,5,519,710,',5,4,710,2);
[2014-01-16 13:01:11] update SYS_CM_GLOBAL_TABLE set mPerson=2, mTime=getdate(),sons=sons+1 where id=710;
[2014-01-16 13:01:51] insert into PRO_SC_STANDARD (luMianId,price,guiGeId,cPerson) values ('711',21,'604',2);
[2014-01-16 14:49:01] insert into dbo.SYS_WF_INSTANCE (oid,nodeName,owner,cPerson) values (108,'分包结算申请',',2,',1);
[2014-01-16 14:49:01] insert into dbo.SYS_WF_INSTANCE (oid,definedNodeID,nodeName,next,pre,state,type,owner,note,parentPath,treeOrder,depth,pid,cPerson) values (108,138,'施工科审核工程量',',140,',0,1,10,',2,','',',1956,',1,1,1956,1);
[2014-01-16 14:49:01] update dbo.SYS_WF_INSTANCE set mPerson=1, mTime=getdate(),sons=sons+1 where id=1956;
[2014-01-16 14:49:01] insert into dbo.PRO_SC_COST_COUNT (proId,wfId,users,observers,cPerson) values (1,1956,',2,',',2,',1);
[2014-01-16 14:49:01] insert into PRO_SC_COST (,cPerson) values (,1);
[2014-01-16 14:49:01] insert into PRO_SC_COST (jiSuanId,guiGeId,guanCaiId,luMianId,price,num,note,cost,type,proId,cPerson) values ('521','526','604','711',21,'2','xxx',42,1,'1',1);
[2014-01-16 14:49:01] insert into PRO_SC_COST (jiSuanId,guiGeId,guanCaiId,luMianId,price,num,note,cost,type,proId,cPerson) values ('521','526','604','711',21,'1','xxxx',21,1,'1',1);
[2014-01-16 14:49:01] update dbo.PRO_MG set mPerson=1, mTime=getdate(),accountWfId=1, users=',2,', observers=observers + ',2,', state=509 where id=1;
[2014-01-16 15:12:03] insert into dbo.SYS_WF_INSTANCE (oid,nodeName,owner,cPerson) values (108,'分包结算申请',',2,',1);
[2014-01-16 15:12:03] insert into dbo.SYS_WF_INSTANCE (oid,definedNodeID,nodeName,next,pre,state,type,owner,note,parentPath,treeOrder,depth,pid,cPerson) values (108,138,'施工科审核工程量',',140,',0,1,10,',2,','',',1958,',1,1,1958,1);
[2014-01-16 15:12:03] update dbo.SYS_WF_INSTANCE set mPerson=1, mTime=getdate(),sons=sons+1 where id=1958;
[2014-01-16 15:12:03] insert into dbo.PRO_SC_COST_COUNT (proId,wfId,users,observers,cPerson) values (1,1958,',2,',',2,',1);
[2014-01-16 15:12:03] insert into PRO_SC_COST (,cPerson) values (,1);
[2014-01-16 15:12:03] insert into PRO_SC_COST (jiSuanId,guiGeId,guanCaiId,luMianId,price,num,note,cost,type,proId,cPerson) values ('521','526','604','711',21,2,'ffad',42,1,'1',1);
[2014-01-16 15:12:03] insert into PRO_SC_COST (jiSuanId,guiGeId,guanCaiId,luMianId,price,num,note,cost,type,proId,cPerson) values ('521','526','604','711',21,8,'fasdfasdf',168,1,'1',1);
[2014-01-16 15:12:03] update dbo.PRO_MG set mPerson=1, mTime=getdate(),accountWfId=2, users=',2,', observers=observers + ',2,', state=509 where id=1;
[2014-01-16 15:12:14] insert into dbo.SYS_WF_INSTANCE (oid,nodeName,owner,cPerson) values (108,'分包结算申请',',2,',1);
[2014-01-16 15:12:14] insert into dbo.SYS_WF_INSTANCE (oid,definedNodeID,nodeName,next,pre,state,type,owner,note,parentPath,treeOrder,depth,pid,cPerson) values (108,138,'施工科审核工程量',',140,',0,1,10,',2,','',',1960,',1,1,1960,1);
[2014-01-16 15:12:14] update dbo.SYS_WF_INSTANCE set mPerson=1, mTime=getdate(),sons=sons+1 where id=1960;
[2014-01-16 15:12:14] insert into dbo.PRO_SC_COST_COUNT (proId,wfId,users,observers,cPerson) values (1,1960,',2,',',2,',1);
[2014-01-16 15:12:14] insert into PRO_SC_COST (,cPerson) values (,1);
[2014-01-16 15:12:14] insert into PRO_SC_COST (jiSuanId,guiGeId,guanCaiId,luMianId,price,num,note,cost,type,proId,cPerson) values ('521','526','604','711',21,2,'ffad',42,1,'1',1);
[2014-01-16 15:12:14] insert into PRO_SC_COST (jiSuanId,guiGeId,guanCaiId,luMianId,price,num,note,cost,type,proId,cPerson) values ('521','526','604','711',21,8,'fasdfasdf',168,1,'1',1);
[2014-01-16 15:12:14] update dbo.PRO_MG set mPerson=1, mTime=getdate(),accountWfId=3, users=',2,', observers=observers + ',2,', state=509 where id=1;
[2014-01-16 15:13:42] insert into dbo.SYS_WF_INSTANCE (oid,nodeName,owner,cPerson) values (108,'分包结算申请',',2,',1);
[2014-01-16 15:13:42] insert into dbo.SYS_WF_INSTANCE (oid,definedNodeID,nodeName,next,pre,state,type,owner,note,parentPath,treeOrder,depth,pid,cPerson) values (108,138,'施工科审核工程量',',140,',0,1,10,',2,','',',1962,',1,1,1962,1);
[2014-01-16 15:13:42] update dbo.SYS_WF_INSTANCE set mPerson=1, mTime=getdate(),sons=sons+1 where id=1962;
[2014-01-16 15:13:42] insert into dbo.PRO_SC_COST_COUNT (proId,wfId,users,observers,cPerson) values (1,1962,',2,',',2,',1);
[2014-01-16 15:13:42] insert into PRO_SC_COST (,cPerson) values (,1);
[2014-01-16 15:13:42] insert into PRO_SC_COST (jiSuanId,guiGeId,guanCaiId,luMianId,price,num,note,cost,type,proId,cPerson) values ('521','526','604','711',21,2,'ffad',42,1,'1',1);
[2014-01-16 15:13:42] insert into PRO_SC_COST (jiSuanId,guiGeId,guanCaiId,luMianId,price,num,note,cost,type,proId,cPerson) values ('521','526','604','711',21,8,'fasdfasdf',168,1,'1',1);
[2014-01-16 15:13:42] update dbo.PRO_MG set mPerson=1, mTime=getdate(),accountWfId=4, users=',2,', observers=observers + ',2,', state=509 where id=1;
[2014-01-16 15:16:27] insert into dbo.SYS_WF_INSTANCE (oid,nodeName,owner,cPerson) values (108,'分包结算申请',',2,',1);
[2014-01-16 15:16:27] insert into dbo.SYS_WF_INSTANCE (oid,definedNodeID,nodeName,next,pre,state,type,owner,note,parentPath,treeOrder,depth,pid,cPerson) values (108,138,'施工科审核工程量',',140,',0,1,10,',2,','',',1964,',1,1,1964,1);
[2014-01-16 15:16:27] update dbo.SYS_WF_INSTANCE set mPerson=1, mTime=getdate(),sons=sons+1 where id=1964;
[2014-01-16 15:16:27] insert into dbo.PRO_SC_COST_COUNT (proId,wfId,users,observers,cPerson) values (1,1964,',2,',',2,',1);
[2014-01-16 15:16:27] insert into PRO_SC_COST (jiSuanId,guiGeId,guanCaiId,luMianId,price,num,note,cost,type,proId,cPerson) values ('521','526','604','711',21,2,'ffad',42,1,'1',1);
[2014-01-16 15:16:27] insert into PRO_SC_COST (jiSuanId,guiGeId,guanCaiId,luMianId,price,num,note,cost,type,proId,cPerson) values ('521','526','604','711',21,8,'fasdfasdf',168,1,'1',1);
[2014-01-16 15:16:27] update dbo.PRO_MG set mPerson=1, mTime=getdate(),accountWfId=5, users=',2,', observers=observers + ',2,', state=509 where id=1;
[2014-01-16 15:32:23] insert into PRO_SC_COST (jiSuanId,guiGeId,guanCaiId,luMianId,price,num,note,proId,type,cost,cPerson) values ('521','526','604','711',21,5,'fasdf','1',1,105,1);
[2014-01-16 15:32:23] update dbo.PRO_MG set mPerson=1, mTime=getdate(),realCost=realCost+105 where id=1;
[2014-01-16 15:32:35] update PRO_SC_COST set delFlag=1,mTime=getdate() where id=4;
[2014-01-16 15:32:35] update dbo.PRO_MG set mPerson=1, mTime=getdate(),realCost=realCost+168 where id=1;
[2014-01-16 15:32:51] update dbo.SYS_WF_INSTANCE set mPerson=1, mTime=getdate(),note='确认通过' where id=1965;
[2014-01-16 15:32:51] insert into dbo.SYS_WF_INSTANCE (oid,definedNodeID,nodeName,next,pre,ext,type,state,users,roles,owner,parentPath,treeOrder,depth,pid,cPerson) values (108,140,'结算工程产值和分包费用',',139,',1965,'',12,1,',2,',',',',2,',',1964,',2,1,1964,1);
[2014-01-16 15:32:51] update dbo.SYS_WF_INSTANCE set mPerson=1, mTime=getdate(),sons=sons+1 where id=1964;
[2014-01-16 15:32:51] update dbo.SYS_WF_INSTANCE set mPerson=1, mTime=getdate(),state=0, next='1966' where id=1965;
[2014-01-16 15:32:51] update dbo.SYS_WF_INSTANCE set mPerson=1, mTime=getdate(),owner=dbo.SYS_TRANS_RIGHTS_USERS(',2,') where id=1964;
[2014-01-16 15:32:51] update PRO_SC_COST_COUNT set mPerson=1, mTime=getdate(),users=',2,',observers=observers+',2,' where id=5;
[2014-01-16 15:33:34] insert into PRO_SC_ACCOUNT_INFO (outCost,inCost,faZhanCost,yinYeCost,bateOneCost,bateTwoCost,proFitCost,area,personCost,preCaiLiaoCost,realCaiLiaoCost,repairCost,duJianCost,heTongCost,prePayCost,backUpOneCost,backUpTwoCost,backUpThreeCost,proId,cPerson) values (1,2,0,0,0,0,5,482,273,2,6,5,4,0,0,0,5,0,'1',1);
[2014-01-16 15:33:34] update PRO_SC_COST_COUNT set mPerson=1, mTime=getdate(),accountInfoId=1 where id=5;
[2014-01-16 15:33:48] update dbo.SYS_WF_INSTANCE set mPerson=1, mTime=getdate(),note='fasdfasdf' where id=1966;
[2014-01-16 15:33:48] insert into dbo.SYS_WF_INSTANCE (oid,definedNodeID,nodeName,next,pre,ext,type,state,users,roles,owner,parentPath,treeOrder,depth,pid,cPerson) values (108,139,'结束',',0,',1966,'',11,1,',',',',',',',1964,',3,1,1964,1);
[2014-01-16 15:33:48] update dbo.SYS_WF_INSTANCE set mPerson=1, mTime=getdate(),sons=sons+1 where id=1964;
[2014-01-16 15:33:48] update dbo.SYS_WF_INSTANCE set mPerson=1, mTime=getdate(),state=0, next='1967' where id=1966;
[2014-01-16 15:33:48] update dbo.SYS_WF_INSTANCE set mPerson=1, mTime=getdate(),state=-1 where id=1964;
[2014-01-16 15:33:48] update dbo.SYS_WF_INSTANCE set mPerson=1, mTime=getdate(),owner=dbo.SYS_TRANS_RIGHTS_USERS(',') where id=1964;
[2014-01-16 15:33:48] update PRO_SC_COST_COUNT set mPerson=1, mTime=getdate(),users=',',observers=observers+',' where id=5;
[2014-01-16 15:33:50] update PRO_MG set mPerson=1, mTime=getdate(),state=510 where id=1;
[2014-01-16 15:35:29] update PRO_SC_ACCOUNT_INFO set mPerson=1, mTime=getdate(),outCost=1.002 where id=1;
[2014-01-16 15:35:29] update dbo.PRO_MG set mPerson=1, mTime=getdate(),state=511 where id=1;
[2014-01-16 15:51:15] insert into dbo.PRO_MG (proCode,proType,proNature,proArea,address,customer,contact,proSource,acreage,outPutValue,collectTime,issuedTime,execDept,deadline,qingZhao,note,users,observers,cPerson) values ('test002','463','473','483','test002','test002','test002','489',25.87,587,'2014-01-17','2014-01-31',499,'2014-01-22','','fasdfasf',',20,22,',',20,22,',1);
[2014-01-16 15:52:15] insert into PRO_SC_COST (jiSuanId,guanCaiId,guiGeId,num,note,proId,type,cPerson) values ('623','630','635','3','fsadfas',2,0,1);
[2014-01-16 15:52:15] insert into PRO_SC_COST (jiSuanId,guanCaiId,guiGeId,num,note,proId,type,cPerson) values ('623','631','636','5','fsadfasd',2,0,1);
[2014-01-16 15:52:15] insert into PRO_SC_COST (jiSuanId,guanCaiId,guiGeId,num,note,proId,type,cPerson) values ('627','632','637','7','fasdfasdfa',2,0,1);
[2014-01-16 15:52:15] update dbo.PRO_MG set mPerson=1, mTime=getdate(),planCost=100 where id=2;
[2014-01-16 15:52:43] insert into dbo.SYS_WF_INSTANCE (oid,nodeName,owner,cPerson) values (107,'分包申请',',16,',1);
[2014-01-16 15:52:43] insert into dbo.SYS_WF_INSTANCE (oid,definedNodeID,nodeName,next,pre,state,type,owner,note,parentPath,treeOrder,depth,pid,cPerson) values (107,135,'施工科科长审核',',137,',0,1,10,',16,','',',1968,',1,1,1968,1);
[2014-01-16 15:52:43] update dbo.SYS_WF_INSTANCE set mPerson=1, mTime=getdate(),sons=sons+1 where id=1968;
[2014-01-16 15:52:43] insert into dbo.PRO_SC_APPLY (proId,wfId,companyId,cPerson) values (2,1968,10,1);
[2014-01-16 15:52:43] update dbo.PRO_SC_APPLY set mPerson=1, mTime=getdate(),users=',16,',observers=observers+',16,' where id=2;
[2014-01-16 15:52:43] update dbo.PRO_MG set mPerson=1, mTime=getdate(),proCode='test002',proType='463',proNature='473',proArea='483',address='test002',customer='test002',contact='test002',proSource='489',acreage=25.87,outPutValue=587,collectTime='2014-01-17 00:00:00',issuedTime='2014-01-31 00:00:00',execDept=499,execTeam='10',deadline='2014-01-22 00:00:00',execTeamLeader='test002',bTime='2014-01-07',qingZhao='0',note='fasdfasf',wfId=1968,users=',',observers=observers+',16,' where id=2;
[2014-01-16 15:56:06] update dbo.SYS_WF_INSTANCE set mPerson=1, mTime=getdate(),note='确定' where id=1969;
[2014-01-16 15:56:06] insert into dbo.SYS_WF_INSTANCE (oid,definedNodeID,nodeName,next,pre,ext,type,state,users,roles,owner,parentPath,treeOrder,depth,pid,cPerson) values (107,137,'副经理批准',',136,',1969,'',12,1,',5,',',',',5,',',1968,',2,1,1968,1);
[2014-01-16 15:56:06] update dbo.SYS_WF_INSTANCE set mPerson=1, mTime=getdate(),sons=sons+1 where id=1968;
[2014-01-16 15:56:06] update dbo.SYS_WF_INSTANCE set mPerson=1, mTime=getdate(),state=0, next='1970' where id=1969;
[2014-01-16 15:56:06] update dbo.SYS_WF_INSTANCE set mPerson=1, mTime=getdate(),owner=dbo.SYS_TRANS_RIGHTS_USERS(',5,') where id=1968;
[2014-01-16 15:56:06] update PRO_SC_APPLY set mPerson=1, mTime=getdate(),users=',5,',observers=observers+',5,' where id=2;
[2014-01-16 15:56:10] update dbo.SYS_WF_INSTANCE set mPerson=1, mTime=getdate(),note='fasdfa' where id=1970;
[2014-01-16 15:56:10] insert into dbo.SYS_WF_INSTANCE (oid,definedNodeID,nodeName,next,pre,ext,type,state,users,roles,owner,parentPath,treeOrder,depth,pid,cPerson) values (107,136,'结束',',0,',1970,'',11,1,',',',',',',',1968,',3,1,1968,1);
[2014-01-16 15:56:10] update dbo.SYS_WF_INSTANCE set mPerson=1, mTime=getdate(),sons=sons+1 where id=1968;
[2014-01-16 15:56:10] update dbo.SYS_WF_INSTANCE set mPerson=1, mTime=getdate(),state=0, next='1971' where id=1970;
[2014-01-16 15:56:10] update dbo.SYS_WF_INSTANCE set mPerson=1, mTime=getdate(),state=-1 where id=1968;
[2014-01-16 15:56:10] update dbo.SYS_WF_INSTANCE set mPerson=1, mTime=getdate(),owner=dbo.SYS_TRANS_RIGHTS_USERS(',') where id=1968;
[2014-01-16 15:56:10] update PRO_SC_APPLY set mPerson=1, mTime=getdate(),users=',',observers=observers+',' where id=2;
[2014-01-16 15:56:12] update PRO_MG set mPerson=1, mTime=getdate(),state=507 where id=2;
[2014-01-16 15:56:49] update dbo.PRO_MG set mPerson=1, mTime=getdate(),proCode='test002',proType='463',proNature='473',proArea='483',address='test002',customer='test002',contact='test002',proSource='489',acreage=25.87,outPutValue=587,collectTime='2014-01-17 00:00:00',issuedTime='2014-01-31 00:00:00',execDept=499,deadline='2014-01-22 00:00:00',execTeamLeader='test002',bTime='2014-01-07 00:00:00',eTime='2014-01-01',qingZhao='0',note='fasdfasf',state=508 where id=2;
[2014-01-16 16:28:25] insert into dbo.SYS_WF_INSTANCE (oid,nodeName,owner,cPerson) values (108,'分包结算申请',',2,',1);
[2014-01-16 16:28:25] insert into dbo.SYS_WF_INSTANCE (oid,definedNodeID,nodeName,next,pre,state,type,owner,note,parentPath,treeOrder,depth,pid,cPerson) values (108,138,'施工科审核工程量',',140,',0,1,10,',2,','',',1972,',1,1,1972,1);
[2014-01-16 16:28:25] update dbo.SYS_WF_INSTANCE set mPerson=1, mTime=getdate(),sons=sons+1 where id=1972;
[2014-01-16 16:28:25] insert into dbo.PRO_SC_COST_COUNT (proId,wfId,users,observers,cPerson) values (2,1972,',2,',',2,',1);
[2014-01-16 16:28:25] insert into PRO_SC_COST (jiSuanId,guiGeId,guanCaiId,luMianId,price,num,note,cost,type,proId,cPerson) values ('521','526','604','711',21,2,'fasdfasf',42,1,'2',1);
[2014-01-16 16:28:25] update dbo.PRO_MG set mPerson=1, mTime=getdate(),accountWfId=6, users=',2,', observers=observers + ',2,', state=509 where id=2;
[2014-01-16 16:51:14] insert into PRO_SC_COST (jiSuanId,guiGeId,guanCaiId,luMianId,price,num,note,proId,type,cost,cPerson) values ('521','526','604','711',21,5,'fasdfa','2',1,105,1);
[2014-01-16 16:51:14] update dbo.PRO_MG set mPerson=1, mTime=getdate(),realCost=realCost+105 where id=2;
[2014-01-16 16:51:28] update PRO_SC_COST set delFlag=1,mTime=getdate() where id=9;
[2014-01-16 16:51:28] update dbo.PRO_MG set mPerson=1, mTime=getdate(),realCost=realCost-42 where id=2;
[2014-01-16 16:51:32] update dbo.SYS_WF_INSTANCE set mPerson=1, mTime=getdate(),note='fasdfasdf' where id=1973;
[2014-01-16 16:51:32] insert into dbo.SYS_WF_INSTANCE (oid,definedNodeID,nodeName,next,pre,ext,type,state,users,roles,owner,parentPath,treeOrder,depth,pid,cPerson) values (108,140,'结算工程产值和分包费用',',139,',1973,'',12,1,',2,',',',',2,',',1972,',2,1,1972,1);
[2014-01-16 16:51:32] update dbo.SYS_WF_INSTANCE set mPerson=1, mTime=getdate(),sons=sons+1 where id=1972;
[2014-01-16 16:51:32] update dbo.SYS_WF_INSTANCE set mPerson=1, mTime=getdate(),state=0, next='1974' where id=1973;
[2014-01-16 16:51:32] update dbo.SYS_WF_INSTANCE set mPerson=1, mTime=getdate(),owner=dbo.SYS_TRANS_RIGHTS_USERS(',2,') where id=1972;
[2014-01-16 16:51:32] update PRO_SC_COST_COUNT set mPerson=1, mTime=getdate(),users=',2,',observers=observers+',2,' where id=6;
[2014-01-16 16:55:48] insert into PRO_SC_COST (jiSuanId,guiGeId,guanCaiId,luMianId,price,num,note,proId,type,cost,cPerson) values ('521','526','604','711',21,2,'fsafsf','2',1,42,1);
[2014-01-16 16:55:48] update dbo.PRO_MG set mPerson=1, mTime=getdate(),realCost=realCost+42 where id=2;
[2014-01-16 16:57:20] insert into PRO_SC_COST (jiSuanId,guiGeId,guanCaiId,luMianId,price,num,note,proId,type,cost,cPerson) values ('521','526','604','711',21,2,'fsafsf','2',1,42,1);
[2014-01-16 16:57:20] update dbo.PRO_MG set mPerson=1, mTime=getdate(),realCost=realCost+42 where id=2;
[2014-01-16 16:57:41] insert into PRO_SC_COST (jiSuanId,guiGeId,guanCaiId,luMianId,price,num,note,proId,type,cost,cPerson) values ('521','526','604','711',21,2,'fsafsf','2',1,42,1);
[2014-01-16 16:57:41] update dbo.PRO_MG set mPerson=1, mTime=getdate(),realCost=realCost+42 where id=2;
[2014-01-16 16:58:11] insert into PRO_SC_COST (jiSuanId,guiGeId,guanCaiId,luMianId,price,num,note,proId,type,cost,cPerson) values ('521','526','604','711',21,2,'fsafsf','2',1,42,1);
[2014-01-16 16:58:11] update dbo.PRO_MG set mPerson=1, mTime=getdate(),realCost=realCost+42 where id=2;
[2014-01-16 16:58:46] update PRO_SC_COST set delFlag=1,mTime=getdate() where id=10;
[2014-01-16 16:58:46] update dbo.PRO_MG set mPerson=1, mTime=getdate(),realCost=realCost-105 where id=2;
[2014-01-16 16:59:17] update PRO_SC_COST set delFlag=1,mTime=getdate() where id=11;
[2014-01-16 16:59:17] update dbo.PRO_MG set mPerson=1, mTime=getdate(),realCost=realCost-42 where id=2;
[2014-01-16 17:04:33] update PRO_SC_COST set delFlag=1,mTime=getdate() where id=12;
[2014-01-16 17:04:33] update dbo.PRO_MG set mPerson=1, mTime=getdate(),realCost=realCost-42 where id=2;
[2014-01-16 17:06:08] insert into PRO_SC_COST (jiSuanId,guiGeId,guanCaiId,luMianId,price,num,note,proId,type,cost,cPerson) values ('521','526','604','711',21,2,'fsafsf','2',1,42,1);
[2014-01-16 17:06:08] update dbo.PRO_MG set mPerson=1, mTime=getdate(),realCost=realCost+42 where id=2;
[2014-01-16 17:06:41] update PRO_SC_COST set delFlag=1,mTime=getdate() where id=13;
[2014-01-16 17:06:41] update dbo.PRO_MG set mPerson=1, mTime=getdate(),realCost=realCost-42 where id=2;
[2014-01-16 17:06:49] update PRO_SC_COST set delFlag=1,mTime=getdate() where id=14;
[2014-01-16 17:06:49] update dbo.PRO_MG set mPerson=1, mTime=getdate(),realCost=realCost-42 where id=2;
[2014-01-16 17:07:13] insert into PRO_SC_COST (jiSuanId,guiGeId,guanCaiId,luMianId,price,num,note,proId,type,cost,cPerson) values ('521','526','604','711',21,1,'fsaf','2',1,21,1);
[2014-01-16 17:07:13] update dbo.PRO_MG set mPerson=1, mTime=getdate(),realCost=realCost+21 where id=2;
[2014-01-16 17:08:40] insert into PRO_SC_COST (jiSuanId,guiGeId,guanCaiId,luMianId,price,num,note,proId,type,cost,cPerson) values ('521','526','604','711',21,1,'fsaf','2',1,21,1);
[2014-01-16 17:08:40] update dbo.PRO_MG set mPerson=1, mTime=getdate(),realCost=realCost+21 where id=2;
[2014-01-16 17:09:02] insert into PRO_SC_COST (jiSuanId,guiGeId,guanCaiId,luMianId,price,num,note,proId,type,cost,cPerson) values ('521','526','604','711',21,1,'fsaf','2',1,21,1);
[2014-01-16 17:09:02] update dbo.PRO_MG set mPerson=1, mTime=getdate(),realCost=realCost+21 where id=2;
[2014-01-16 17:09:06] insert into PRO_SC_COST (jiSuanId,guiGeId,guanCaiId,luMianId,price,num,note,proId,type,cost,cPerson) values ('521','526','604','711',21,1,'fsaf','2',1,21,1);
[2014-01-16 17:09:06] update dbo.PRO_MG set mPerson=1, mTime=getdate(),realCost=realCost+21 where id=2;
[2014-01-16 17:09:34] update PRO_SC_COST set delFlag=1,mTime=getdate() where id=15;
[2014-01-16 17:09:34] update dbo.PRO_MG set mPerson=1, mTime=getdate(),realCost=realCost-42 where id=2;
[2014-01-16 17:15:54] update PRO_SC_COST set delFlag=1,mTime=getdate() where id=16;
[2014-01-16 17:15:54] update dbo.PRO_MG set mPerson=1, mTime=getdate(),realCost=realCost-21 where id=2;
[2014-01-16 17:15:56] update PRO_SC_COST set delFlag=1,mTime=getdate() where id=17;
[2014-01-16 17:15:56] update dbo.PRO_MG set mPerson=1, mTime=getdate(),realCost=realCost-21 where id=2;
[2014-01-16 17:15:59] update PRO_SC_COST set delFlag=1,mTime=getdate() where id=18;
[2014-01-16 17:15:59] update dbo.PRO_MG set mPerson=1, mTime=getdate(),realCost=realCost-21 where id=2;
[2014-01-16 17:16:02] update PRO_SC_COST set delFlag=1,mTime=getdate() where id=19;
[2014-01-16 17:16:02] update dbo.PRO_MG set mPerson=1, mTime=getdate(),realCost=realCost-21 where id=2;
[2014-01-16 17:16:30] insert into PRO_SC_COST (jiSuanId,guiGeId,guanCaiId,luMianId,price,num,note,proId,type,cost,cPerson) values ('521','526','604','711',21,2,'fasdfasf','2',1,42,1);
[2014-01-16 17:16:30] update dbo.PRO_MG set mPerson=1, mTime=getdate(),realCost=realCost+42 where id=2;
[2014-01-16 17:16:49] insert into PRO_SC_COST (jiSuanId,guiGeId,guanCaiId,luMianId,price,num,note,proId,type,cost,cPerson) values ('521','526','604','711',21,5,'fsadf','2',1,105,1);
[2014-01-16 17:16:49] update dbo.PRO_MG set mPerson=1, mTime=getdate(),realCost=realCost+105 where id=2;
[2014-01-16 17:16:57] update PRO_SC_COST set delFlag=1,mTime=getdate() where id=21;
[2014-01-16 17:16:57] update dbo.PRO_MG set mPerson=1, mTime=getdate(),realCost=realCost-105 where id=2;
[2014-01-16 17:17:16] insert into PRO_SC_COST (jiSuanId,guiGeId,guanCaiId,luMianId,price,num,note,proId,type,cost,cPerson) values ('521','526','604','711',21,3,'fasdfasd','2',1,63,1);
[2014-01-16 17:17:16] update dbo.PRO_MG set mPerson=1, mTime=getdate(),realCost=realCost+63 where id=2;
[2014-01-16 17:17:39] update dbo.SYS_WF_INSTANCE set mPerson=1, mTime=getdate(),note='fasdfsadfasf' where id=1974;
[2014-01-16 17:17:39] insert into dbo.SYS_WF_INSTANCE (oid,definedNodeID,nodeName,next,pre,ext,type,state,users,roles,owner,parentPath,treeOrder,depth,pid,cPerson) values (108,139,'结束',',0,',1974,'',11,1,',',',',',',',1972,',3,1,1972,1);
[2014-01-16 17:17:39] update dbo.SYS_WF_INSTANCE set mPerson=1, mTime=getdate(),sons=sons+1 where id=1972;
[2014-01-16 17:17:39] update dbo.SYS_WF_INSTANCE set mPerson=1, mTime=getdate(),state=0, next='1975' where id=1974;
[2014-01-16 17:17:39] update dbo.SYS_WF_INSTANCE set mPerson=1, mTime=getdate(),state=-1 where id=1972;
[2014-01-16 17:17:39] update dbo.SYS_WF_INSTANCE set mPerson=1, mTime=getdate(),owner=dbo.SYS_TRANS_RIGHTS_USERS(',') where id=1972;
[2014-01-16 17:17:39] update PRO_SC_COST_COUNT set mPerson=1, mTime=getdate(),users=',',observers=observers+',' where id=6;
[2014-01-16 17:17:40] update PRO_MG set mPerson=1, mTime=getdate(),state=510 where id=2;
[2014-01-16 17:27:30] insert into dbo.PRO_MG (proCode,proType,proNature,proArea,address,customer,contact,proSource,acreage,outPutValue,collectTime,issuedTime,execDept,deadline,qingZhao,note,users,observers,cPerson) values ('test003','457','475','482','test003','test003','test003','489',25.87,214,'2014-01-08','2014-01-22',499,'2014-01-31','','',',20,22,',',20,22,',1);
[2014-01-16 17:51:03] insert into PRO_SC_COST (jiSuanId,guanCaiId,guiGeId,num,note,proId,type,cPerson) values ('623','629','635','243','fasdfsa',3,0,1);
[2014-01-16 17:51:03] update dbo.PRO_MG set mPerson=1, mTime=getdate(),planCost=100 where id=3;
[2014-01-16 17:51:08] insert into dbo.SYS_WF_INSTANCE (oid,nodeName,owner,cPerson) values (107,'分包申请',',16,',1);
[2014-01-16 17:51:08] insert into dbo.SYS_WF_INSTANCE (oid,definedNodeID,nodeName,next,pre,state,type,owner,note,parentPath,treeOrder,depth,pid,cPerson) values (107,135,'施工科科长审核',',137,',0,1,10,',16,','',',1976,',1,1,1976,1);
[2014-01-16 17:51:08] update dbo.SYS_WF_INSTANCE set mPerson=1, mTime=getdate(),sons=sons+1 where id=1976;
[2014-01-16 17:51:08] insert into dbo.PRO_SC_APPLY (proId,wfId,companyId,cPerson) values (3,1976,8,1);
[2014-01-16 17:51:08] update dbo.PRO_SC_APPLY set mPerson=1, mTime=getdate(),users=',16,',observers=observers+',16,' where id=3;
[2014-01-16 17:51:08] update dbo.PRO_MG set mPerson=1, mTime=getdate(),proCode='test003',proType='457',proNature='475',proArea='482',address='test003',customer='test003',contact='test003',proSource='489',acreage=25.87,outPutValue=214,collectTime='2014-01-08 00:00:00',issuedTime='2014-01-22 00:00:00',execDept=499,execTeam='8',deadline='2014-01-31 00:00:00',execTeamLeader='test003',bTime='2014-01-15',qingZhao='0',note='',wfId=1976,users=',',observers=observers+',16,' where id=3;
[2014-01-16 17:51:56] update dbo.SYS_WF_INSTANCE set mPerson=1, mTime=getdate(),note='fasdf' where id=1977;
[2014-01-16 17:51:56] insert into dbo.SYS_WF_INSTANCE (oid,definedNodeID,nodeName,next,pre,ext,type,state,users,roles,owner,parentPath,treeOrder,depth,pid,cPerson) values (107,137,'副经理批准',',136,',1977,'',12,1,',5,',',',',5,',',1976,',2,1,1976,1);
[2014-01-16 17:51:56] update dbo.SYS_WF_INSTANCE set mPerson=1, mTime=getdate(),sons=sons+1 where id=1976;
[2014-01-16 17:51:56] update dbo.SYS_WF_INSTANCE set mPerson=1, mTime=getdate(),state=0, next='1978' where id=1977;
[2014-01-16 17:51:56] update dbo.SYS_WF_INSTANCE set mPerson=1, mTime=getdate(),owner=dbo.SYS_TRANS_RIGHTS_USERS(',5,') where id=1976;
[2014-01-16 17:51:56] update PRO_SC_APPLY set mPerson=1, mTime=getdate(),users=',5,',observers=observers+',5,' where id=3;
[2014-01-16 17:51:59] update dbo.SYS_WF_INSTANCE set mPerson=1, mTime=getdate(),note='fasdfasdf' where id=1978;
[2014-01-16 17:51:59] insert into dbo.SYS_WF_INSTANCE (oid,definedNodeID,nodeName,next,pre,ext,type,state,users,roles,owner,parentPath,treeOrder,depth,pid,cPerson) values (107,136,'结束',',0,',1978,'',11,1,',',',',',',',1976,',3,1,1976,1);
[2014-01-16 17:51:59] update dbo.SYS_WF_INSTANCE set mPerson=1, mTime=getdate(),sons=sons+1 where id=1976;
[2014-01-16 17:51:59] update dbo.SYS_WF_INSTANCE set mPerson=1, mTime=getdate(),state=0, next='1979' where id=1978;
[2014-01-16 17:51:59] update dbo.SYS_WF_INSTANCE set mPerson=1, mTime=getdate(),state=-1 where id=1976;
[2014-01-16 17:51:59] update dbo.SYS_WF_INSTANCE set mPerson=1, mTime=getdate(),owner=dbo.SYS_TRANS_RIGHTS_USERS(',') where id=1976;
[2014-01-16 17:51:59] update PRO_SC_APPLY set mPerson=1, mTime=getdate(),users=',',observers=observers+',' where id=3;
[2014-01-16 17:52:00] update PRO_MG set mPerson=1, mTime=getdate(),state=507 where id=3;
[2014-01-16 17:52:40] update dbo.PRO_MG set mPerson=1, mTime=getdate(),proCode='test003',proType='457',proNature='475',proArea='482',address='test003',customer='test003',contact='test003',proSource='489',acreage=25.87,outPutValue=214,collectTime='2014-01-08 00:00:00',issuedTime='2014-01-22 00:00:00',execDept=499,deadline='2014-01-31 00:00:00',execTeamLeader='test003',bTime='2014-01-15 00:00:00',shuiTestTime='2014-01-16',xiaoDuTime='2014-01-24',eTime='2014-01-30',qingZhao='0',note='',state=508 where id=3;
[2014-01-16 17:53:34] insert into dbo.SYS_WF_INSTANCE (oid,nodeName,owner,cPerson) values (108,'分包结算申请',',2,',1);
[2014-01-16 17:53:34] insert into dbo.SYS_WF_INSTANCE (oid,definedNodeID,nodeName,next,pre,state,type,owner,note,parentPath,treeOrder,depth,pid,cPerson) values (108,138,'施工科审核工程量',',140,',0,1,10,',2,','',',1980,',1,1,1980,1);
[2014-01-16 17:53:34] update dbo.SYS_WF_INSTANCE set mPerson=1, mTime=getdate(),sons=sons+1 where id=1980;
[2014-01-16 17:53:34] insert into dbo.PRO_SC_COST_COUNT (proId,wfId,users,observers,cPerson) values (3,1980,',2,',',2,',1);
[2014-01-16 17:53:34] insert into PRO_SC_COST (jiSuanId,guiGeId,guanCaiId,luMianId,price,num,note,cost,type,proId,cPerson) values ('521','526','604','711',21,12,'fasdf',252,1,'3',1);
[2014-01-16 17:53:34] insert into PRO_SC_COST (jiSuanId,guiGeId,guanCaiId,luMianId,price,num,note,cost,type,proId,cPerson) values ('521','526','604','711',21,1,'',21,1,'3',1);
[2014-01-16 17:53:34] update dbo.PRO_MG set mPerson=1, mTime=getdate(),accountWfId=7, users=',2,', observers=observers + ',2,', state=509 where id=3;
[2014-01-16 18:05:53] update PRO_SC_COST set delFlag=1,mTime=getdate() where id=25;
[2014-01-16 18:05:53] update dbo.PRO_MG set mPerson=1, mTime=getdate(),realCost=realCost-21 where id=3;
[2014-01-16 18:06:00] update dbo.SYS_WF_INSTANCE set mPerson=1, mTime=getdate(),note='fasdfasdf' where id=1981;
[2014-01-16 18:06:00] insert into dbo.SYS_WF_INSTANCE (oid,definedNodeID,nodeName,next,pre,ext,type,state,users,roles,owner,parentPath,treeOrder,depth,pid,cPerson) values (108,140,'结算工程产值和分包费用',',139,',1981,'',12,1,',2,',',',',2,',',1980,',2,1,1980,1);
[2014-01-16 18:06:00] update dbo.SYS_WF_INSTANCE set mPerson=1, mTime=getdate(),sons=sons+1 where id=1980;
[2014-01-16 18:06:00] update dbo.SYS_WF_INSTANCE set mPerson=1, mTime=getdate(),state=0, next='1982' where id=1981;
[2014-01-16 18:06:00] update dbo.SYS_WF_INSTANCE set mPerson=1, mTime=getdate(),owner=dbo.SYS_TRANS_RIGHTS_USERS(',2,') where id=1980;
[2014-01-16 18:06:00] update PRO_SC_COST_COUNT set mPerson=1, mTime=getdate(),users=',2,',observers=observers+',2,' where id=7;
[2014-01-16 18:11:42] insert into dbo.PRO_MG (proCode,proType,proNature,proArea,address,customer,contact,proSource,acreage,outPutValue,collectTime,issuedTime,execDept,deadline,qingZhao,note,users,observers,cPerson) values ('test004','457','473','482','test004','test004','test004','491',21,5,'2014-01-06','2014-01-22',499,'2014-01-16','','',',20,22,',',20,22,',2);
[2014-01-16 18:11:59] insert into PRO_SC_COST (jiSuanId,guanCaiId,guiGeId,num,note,proId,type,cPerson) values ('623','630','635','213','fasdfas',4,0,2);
[2014-01-16 18:11:59] update dbo.PRO_MG set mPerson=2, mTime=getdate(),planCost=100 where id=4;
[2014-01-16 18:12:35] insert into dbo.SYS_WF_INSTANCE (oid,nodeName,owner,cPerson) values (107,'分包申请',',16,',1);
[2014-01-16 18:12:35] insert into dbo.SYS_WF_INSTANCE (oid,definedNodeID,nodeName,next,pre,state,type,owner,note,parentPath,treeOrder,depth,pid,cPerson) values (107,135,'施工科科长审核',',137,',0,1,10,',16,','',',1983,',1,1,1983,1);
[2014-01-16 18:12:35] update dbo.SYS_WF_INSTANCE set mPerson=1, mTime=getdate(),sons=sons+1 where id=1983;
[2014-01-16 18:12:35] insert into dbo.PRO_SC_APPLY (proId,wfId,companyId,cPerson) values (4,1983,7,1);
[2014-01-16 18:12:35] update dbo.PRO_SC_APPLY set mPerson=1, mTime=getdate(),users=',16,',observers=observers+',16,' where id=4;
[2014-01-16 18:12:35] update dbo.PRO_MG set mPerson=1, mTime=getdate(),proCode='test004',proType='457',proNature='473',proArea='482',address='test004',customer='test004',contact='test004',proSource='491',acreage=21,outPutValue=5,collectTime='2014-01-06 00:00:00',issuedTime='2014-01-22 00:00:00',execDept=499,execTeam='7',deadline='2014-01-16 00:00:00',execTeamLeader='test004',bTime='2014-01-14',qingZhao='0',note='',wfId=1983,users=',',observers=observers+',16,' where id=4;
[2014-01-16 18:12:42] update dbo.SYS_WF_INSTANCE set mPerson=1, mTime=getdate(),note='fasfdas' where id=1984;
[2014-01-16 18:12:42] insert into dbo.SYS_WF_INSTANCE (oid,definedNodeID,nodeName,next,pre,ext,type,state,users,roles,owner,parentPath,treeOrder,depth,pid,cPerson) values (107,137,'副经理批准',',136,',1984,'',12,1,',5,',',',',5,',',1983,',2,1,1983,1);
[2014-01-16 18:12:42] update dbo.SYS_WF_INSTANCE set mPerson=1, mTime=getdate(),sons=sons+1 where id=1983;
[2014-01-16 18:12:42] update dbo.SYS_WF_INSTANCE set mPerson=1, mTime=getdate(),state=0, next='1985' where id=1984;
[2014-01-16 18:12:42] update dbo.SYS_WF_INSTANCE set mPerson=1, mTime=getdate(),owner=dbo.SYS_TRANS_RIGHTS_USERS(',5,') where id=1983;
[2014-01-16 18:12:42] update PRO_SC_APPLY set mPerson=1, mTime=getdate(),users=',5,',observers=observers+',5,' where id=4;
