insert into dbo.PRO_MG (proCode,proType,proNature,proArea,address,customer,contact,proSource,acreage,outPutValue,collectTime,issuedTime,deadline,qingZhao,handleTime,allowTime,payCost,note,users,roles,observers,cPerson) values ('辅导活动','457','474','482','电饭锅','东方红','地方','489',0,111,'2015-06-01','2015-06-17','2015-06-08','8','2015-06-01','2015-06-02',2322,'',',',',48,',',',79);
insert into dbo.SYS_WF_INSTANCE (oid,nodeName,owner,url,cPerson) values (107,'【工程ID(3)】施工队伍审核会签',',73,74,75,76,77,78,79,80,81,82,','View/project/PMInfo.js?3',79);
insert into dbo.SYS_WF_INSTANCE (oid,definedNodeID,nodeName,next,pre,state,type,owner,note,parentPath,treeOrder,depth,pid,cPerson) values (107,153,'预算合同科发起会签',',155,',0,1,10,',73,74,75,76,77,78,79,80,81,82,','',',23,',1,1,23,79);
insert into PRO_SC_COST (jiSuanId,guanCaiId,guiGeId,num,note,proId,type,cPerson) values ('623','630','639',120,'',3,0,79);
insert into dbo.SYS_WF_INSTANCE (oid,definedNodeID,nodeName,next,pre,ext,type,state,users,roles,owner,parentPath,treeOrder,depth,pid,cPerson) values (107,155,'参与人会签',',154,',24,'',13,1,',',',',',26,',',23,',2,1,23,79);
insert into dbo.SYS_WF_INSTANCE (state,nodeName,owner,users,parentPath,treeOrder,depth,pid,cPerson) values (100,'26',',26,',',26,',',23,25,',1,2,25,79);
insert into U_EMAIL_26 (nodeName, content, type,cPerson) values ('Meeko系统提醒','系统有任务等您处理，谢谢',1,79);
insert into dbo.SYS_WF_INSTANCE (oid,definedNodeID,nodeName,next,pre,ext,type,state,users,roles,owner,parentPath,treeOrder,depth,pid,cPerson) values (107,154,'会签结束',',0,',25,'',11,1,',',',',',',',23,',3,1,23,26);
insert into dbo.SYS_WF_INSTANCE (oid,nodeName,owner,url,cPerson) values (107,'【工程ID(3)】施工合同会签',',73,74,75,76,77,78,79,80,81,82,','View/project/PMInfo.js?3',26);
insert into dbo.SYS_WF_INSTANCE (oid,definedNodeID,nodeName,next,pre,state,type,owner,note,parentPath,treeOrder,depth,pid,cPerson) values (107,153,'预算合同科发起会签',',155,',0,1,10,',73,74,75,76,77,78,79,80,81,82,','',',28,',1,1,28,26);
insert into dbo.SYS_WF_INSTANCE (oid,definedNodeID,nodeName,next,pre,ext,type,state,users,roles,owner,parentPath,treeOrder,depth,pid,cPerson) values (107,155,'参与人会签',',154,',29,'',13,1,',',',',',26,',',28,',2,1,28,79);
insert into dbo.SYS_WF_INSTANCE (state,nodeName,owner,users,parentPath,treeOrder,depth,pid,cPerson) values (100,'26',',26,',',26,',',28,30,',1,2,30,79);
insert into U_EMAIL_26 (nodeName, content, type,cPerson) values ('Meeko系统提醒','系统有任务等您处理，谢谢',1,79);
insert into dbo.SYS_WF_INSTANCE (oid,definedNodeID,nodeName,next,pre,ext,type,state,users,roles,owner,parentPath,treeOrder,depth,pid,cPerson) values (107,154,'会签结束',',0,',30,'',11,1,',',',',',',',28,',3,1,28,26);
insert into dbo.SYS_WF_INSTANCE (oid,nodeName,owner,url,cPerson) values (117,'【工程ID(3)】开工报告审核',',38,','View/project/PMInfo.js?3',26);
insert into dbo.SYS_WF_INSTANCE (oid,definedNodeID,nodeName,next,pre,state,type,owner,note,parentPath,treeOrder,depth,pid,cPerson) values (117,175,'施工科长指派项目组',',177,',0,1,10,',38,','',',33,',1,1,33,26);
insert into dbo.SYS_WF_INSTANCE (oid,definedNodeID,nodeName,next,pre,ext,type,state,users,roles,owner,parentPath,treeOrder,depth,pid,cPerson) values (117,177,'项目组提交开工报告',',178,',34,'',13,1,',',',55,56,57,58,59,60,',',31,55,',',33,',2,1,33,38);
insert into dbo.SYS_WF_INSTANCE (state,nodeName,owner,users,parentPath,treeOrder,depth,pid,cPerson) values (100,'31',',31,',',31,',',33,35,',1,2,35,38);
insert into dbo.SYS_WF_INSTANCE (state,nodeName,owner,users,parentPath,treeOrder,depth,pid,cPerson) values (100,'55',',55,',',55,',',33,35,',2,2,35,38);
insert into U_EMAIL_31 (nodeName, content, type,cPerson) values ('Meeko系统提醒','系统有任务等您处理，谢谢',1,38);
insert into U_EMAIL_55 (nodeName, content, type,cPerson) values ('Meeko系统提醒','系统有任务等您处理，谢谢',1,38);
