insert into SYS_CM_FILES (nodeName,sysName,extName,origName,catelog,size,type,parentPath,treeOrder,depth,pid,cPerson) values ('施工合同.doc','2015062111252715728','doc','施工合同','test',8704,1,',1,4,',113,2,4,2);
insert into SYS_CM_NOTICE (title,bTime,eTime,link,content,cPerson) values ('测试','2015-06-16','2015-06-25',',186,','test',2);
insert into dbo.SYS_WF_INSTANCE (oid,nodeName,owner,cPerson) values (71,'会议流程',',2,',2);
insert into dbo.SYS_WF_INSTANCE (oid,definedNodeID,nodeName,next,pre,state,type,owner,note,parentPath,treeOrder,depth,pid,cPerson) values (71,13,'开始',',15,',0,1,10,',2,','',',2189,',1,1,2189,2);
insert into SYS_CM_MEETING (title,address,room,rate,sTime,eTime,note,observers,link,year,month,day,dateId,dateAll,wfId,cPerson) values ('开会了','test','151','147','2015-06-21 11:31:00','2015-06-21 11:50:00','test','','','2015','06','21','20150621','2015-06-21',2189,2);
insert into dbo.PRO_MG (proCode,proType,proNature,proArea,address,customer,contact,proSource,acreage,outPutValue,collectTime,issuedTime,deadline,qingZhao,note,users,roles,observers,cPerson) values ('陆缨测试项目','457','473','482','test','王','123989877444','490',0,988222,'','','','','',',',',48,',',',79);
insert into dbo.SYS_WF_INSTANCE (oid,nodeName,owner,cPerson) values (107,'施工队伍审核会签',',73,74,75,76,77,78,79,80,81,82,',79);
insert into dbo.SYS_WF_INSTANCE (oid,definedNodeID,nodeName,next,pre,state,type,owner,note,parentPath,treeOrder,depth,pid,cPerson) values (107,153,'预算合同科发起会签',',155,',0,1,10,',73,74,75,76,77,78,79,80,81,82,','',',2191,',1,1,2191,79);
insert into PRO_SC_COST (jiSuanId,guanCaiId,guiGeId,num,note,proId,type,cPerson) values ('623','629','634',21,'',4,0,79);
insert into dbo.SYS_WF_INSTANCE (oid,definedNodeID,nodeName,next,pre,ext,type,state,users,roles,owner,parentPath,treeOrder,depth,pid,cPerson) values (107,155,'参与人会签',',154,',2192,'',13,1,',',',',',26,38,',',2191,',2,1,2191,79);
insert into dbo.SYS_WF_INSTANCE (state,nodeName,owner,users,parentPath,treeOrder,depth,pid,cPerson) values (100,'26',',26,',',26,',',2191,2193,',1,2,2193,79);
insert into dbo.SYS_WF_INSTANCE (state,nodeName,owner,users,parentPath,treeOrder,depth,pid,cPerson) values (100,'38',',38,',',38,',',2191,2193,',2,2,2193,79);
insert into U_EMAIL_26 (nodeName, content, type,cPerson) values ('Meeko系统提醒','系统有任务等您处理，谢谢',1,79);
insert into U_EMAIL_38 (nodeName, content, type,cPerson) values ('Meeko系统提醒','系统有任务等您处理，谢谢',1,79);
insert into dbo.SYS_WF_INSTANCE (oid,definedNodeID,nodeName,next,pre,ext,type,state,users,roles,owner,parentPath,treeOrder,depth,pid,cPerson) values (107,154,'会签结束',',0,',2193,'',11,1,',',',',',',',2191,',3,1,2191,38);
insert into dbo.SYS_WF_INSTANCE (oid,nodeName,owner,cPerson) values (107,'施工合同会签',',73,74,75,76,77,78,79,80,81,82,',38);
insert into dbo.SYS_WF_INSTANCE (oid,definedNodeID,nodeName,next,pre,state,type,owner,note,parentPath,treeOrder,depth,pid,cPerson) values (107,153,'预算合同科发起会签',',155,',0,1,10,',73,74,75,76,77,78,79,80,81,82,','',',2197,',1,1,2197,38);
insert into SYS_CM_FILES (nodeName,sysName,extName,origName,catelog,size,type,parentPath,treeOrder,depth,pid,cPerson) values ('施工合同.doc','2015062111522310267','doc','施工合同','test',8704,1,',1,4,',114,2,4,79);
insert into dbo.SYS_WF_INSTANCE (oid,definedNodeID,nodeName,next,pre,ext,type,state,users,roles,owner,parentPath,treeOrder,depth,pid,cPerson) values (107,155,'参与人会签',',154,',2198,'',13,1,',',',',',26,38,',',2197,',2,1,2197,79);
insert into dbo.SYS_WF_INSTANCE (state,nodeName,owner,users,parentPath,treeOrder,depth,pid,cPerson) values (100,'26',',26,',',26,',',2197,2199,',1,2,2199,79);
insert into dbo.SYS_WF_INSTANCE (state,nodeName,owner,users,parentPath,treeOrder,depth,pid,cPerson) values (100,'38',',38,',',38,',',2197,2199,',2,2,2199,79);
insert into U_EMAIL_26 (nodeName, content, type,cPerson) values ('Meeko系统提醒','系统有任务等您处理，谢谢',1,79);
insert into U_EMAIL_38 (nodeName, content, type,cPerson) values ('Meeko系统提醒','系统有任务等您处理，谢谢',1,79);
insert into dbo.SYS_WF_INSTANCE (oid,definedNodeID,nodeName,next,pre,ext,type,state,users,roles,owner,parentPath,treeOrder,depth,pid,cPerson) values (107,154,'会签结束',',0,',2199,'',11,1,',',',',',',',2197,',3,1,2197,38);
insert into dbo.SYS_WF_INSTANCE (oid,nodeName,owner,cPerson) values (110,'开工报告审核会签',',28,29,30,31,32,33,34,35,36,37,38,39,40,41,42,43,44,45,46,47,48,49,50,51,52,53,54,55,56,57,58,59,60,61,62,63,64,65,66,67,',38);
insert into dbo.SYS_WF_INSTANCE (oid,definedNodeID,nodeName,next,pre,state,type,owner,note,parentPath,treeOrder,depth,pid,cPerson) values (110,156,'项目组提交开工报告',',158,',0,1,10,',28,29,30,31,32,33,34,35,36,37,38,39,40,41,42,43,44,45,46,47,48,49,50,51,52,53,54,55,56,57,58,59,60,61,62,63,64,65,66,67,','',',2203,',1,1,2203,38);
insert into SYS_CM_FILES (nodeName,sysName,extName,origName,catelog,size,type,parentPath,treeOrder,depth,pid,cPerson) values ('关于第一期施工工程详情.doc','2015062111591512858','doc','关于第一期施工工程详情','test',8704,1,',1,4,',115,2,4,38);
insert into dbo.SYS_WF_INSTANCE (oid,definedNodeID,nodeName,next,pre,ext,type,state,users,roles,owner,parentPath,treeOrder,depth,pid,cPerson) values (110,158,'参与人会签',',157,',2204,'',13,1,',',',',',26,38,',',2203,',2,1,2203,38);
insert into dbo.SYS_WF_INSTANCE (state,nodeName,owner,users,parentPath,treeOrder,depth,pid,cPerson) values (100,'26',',26,',',26,',',2203,2205,',1,2,2205,38);
insert into dbo.SYS_WF_INSTANCE (state,nodeName,owner,users,parentPath,treeOrder,depth,pid,cPerson) values (100,'38',',38,',',38,',',2203,2205,',2,2,2205,38);
insert into U_EMAIL_26 (nodeName, content, type,cPerson) values ('Meeko系统提醒','系统有任务等您处理，谢谢',1,38);
insert into U_EMAIL_38 (nodeName, content, type,cPerson) values ('Meeko系统提醒','系统有任务等您处理，谢谢',1,38);
insert into dbo.SYS_WF_INSTANCE (oid,definedNodeID,nodeName,next,pre,ext,type,state,users,roles,owner,parentPath,treeOrder,depth,pid,cPerson) values (110,157,'会签结束',',0,',2205,'',11,1,',',',',',',',2203,',3,1,2203,26);
insert into dbo.SYS_WF_INSTANCE (oid,nodeName,owner,cPerson) values (114,'工程领料会签单号:SL20150621120340',',28,29,30,31,32,33,34,35,36,37,38,39,40,41,42,43,44,45,46,47,48,49,50,51,52,53,54,55,56,57,58,59,60,61,62,63,64,65,66,67,',26);
insert into dbo.SYS_WF_INSTANCE (oid,definedNodeID,nodeName,next,pre,state,type,owner,note,parentPath,treeOrder,depth,pid,cPerson) values (114,168,'施工科科长审核',',170,',0,1,10,',28,29,30,31,32,33,34,35,36,37,38,39,40,41,42,43,44,45,46,47,48,49,50,51,52,53,54,55,56,57,58,59,60,61,62,63,64,65,66,67,','',',2209,',1,1,2209,26);
insert into PRO_MS_RECEIVE (code,note,proId,cost,wfId,users,observers,cPerson) values ('SL20150621120340','test','4',3390,2209,',28,29,30,31,32,33,34,35,36,37,38,39,40,41,42,43,44,45,46,47,48,49,50,51,52,53,54,55,56,57,58,59,60,61,62,63,64,65,66,67,',',28,29,30,31,32,33,34,35,36,37,38,39,40,41,42,43,44,45,46,47,48,49,50,51,52,53,54,55,56,57,58,59,60,61,62,63,64,65,66,67,',26);
insert into PRO_MS_RECEIVE_DETAIL (msId,number,price,sum,oid,proId,cPerson) values (254,10,99,990,3,4,26);
insert into PRO_MS_RECEIVE_DETAIL (msId,number,price,sum,oid,proId,cPerson) values (255,20,120,2400,3,4,26);
insert into dbo.SYS_WF_INSTANCE (oid,definedNodeID,nodeName,next,pre,ext,type,state,users,roles,owner,parentPath,treeOrder,depth,pid,cPerson) values (114,170,'物资科发起比价会签',',171,',2210,'',12,1,',',',23,',',83,84,85,86,87,',',2209,',2,1,2209,38);
insert into U_EMAIL_83 (nodeName, content, type,cPerson) values ('Meeko系统提醒','系统有任务等您处理，谢谢',1,38);
insert into U_EMAIL_84 (nodeName, content, type,cPerson) values ('Meeko系统提醒','系统有任务等您处理，谢谢',1,38);
insert into U_EMAIL_85 (nodeName, content, type,cPerson) values ('Meeko系统提醒','系统有任务等您处理，谢谢',1,38);
insert into U_EMAIL_86 (nodeName, content, type,cPerson) values ('Meeko系统提醒','系统有任务等您处理，谢谢',1,38);
insert into U_EMAIL_87 (nodeName, content, type,cPerson) values ('Meeko系统提醒','系统有任务等您处理，谢谢',1,38);
insert into dbo.SYS_WF_INSTANCE (oid,definedNodeID,nodeName,next,pre,ext,type,state,users,roles,owner,parentPath,treeOrder,depth,pid,cPerson) values (114,171,'参与人会签审批',',169,',2211,'',13,1,',',',',',26,38,',',2209,',3,1,2209,86);
insert into dbo.SYS_WF_INSTANCE (state,nodeName,owner,users,parentPath,treeOrder,depth,pid,cPerson) values (100,'26',',26,',',26,',',2209,2212,',1,2,2212,86);
insert into dbo.SYS_WF_INSTANCE (state,nodeName,owner,users,parentPath,treeOrder,depth,pid,cPerson) values (100,'38',',38,',',38,',',2209,2212,',2,2,2212,86);
insert into U_EMAIL_26 (nodeName, content, type,cPerson) values ('Meeko系统提醒','系统有任务等您处理，谢谢',1,86);
insert into U_EMAIL_38 (nodeName, content, type,cPerson) values ('Meeko系统提醒','系统有任务等您处理，谢谢',1,86);
insert into dbo.SYS_WF_INSTANCE (oid,definedNodeID,nodeName,next,pre,ext,type,state,users,roles,owner,parentPath,treeOrder,depth,pid,cPerson) values (114,169,'发料',',0,',2212,'',11,1,',',',',',',',2209,',4,1,2209,26);
insert into dbo.SYS_WF_INSTANCE (oid,nodeName,owner,cPerson) values (114,'工程领料会签单号:SL20150621120934',',28,29,30,31,32,33,34,35,36,37,38,39,40,41,42,43,44,45,46,47,48,49,50,51,52,53,54,55,56,57,58,59,60,61,62,63,64,65,66,67,',26);
insert into dbo.SYS_WF_INSTANCE (oid,definedNodeID,nodeName,next,pre,state,type,owner,note,parentPath,treeOrder,depth,pid,cPerson) values (114,168,'施工科科长审核',',170,',0,1,10,',28,29,30,31,32,33,34,35,36,37,38,39,40,41,42,43,44,45,46,47,48,49,50,51,52,53,54,55,56,57,58,59,60,61,62,63,64,65,66,67,','',',2216,',1,1,2216,26);
insert into PRO_MS_RECEIVE (code,note,proId,cost,wfId,users,observers,cPerson) values ('SL20150621120934','test','4',2190,2216,',28,29,30,31,32,33,34,35,36,37,38,39,40,41,42,43,44,45,46,47,48,49,50,51,52,53,54,55,56,57,58,59,60,61,62,63,64,65,66,67,',',28,29,30,31,32,33,34,35,36,37,38,39,40,41,42,43,44,45,46,47,48,49,50,51,52,53,54,55,56,57,58,59,60,61,62,63,64,65,66,67,',26);
insert into PRO_MS_RECEIVE_DETAIL (msId,number,price,sum,oid,proId,cPerson) values (254,10,99,990,4,4,26);
insert into PRO_MS_RECEIVE_DETAIL (msId,number,price,sum,oid,proId,cPerson) values (255,10,120,1200,4,4,26);
insert into dbo.SYS_WF_INSTANCE (oid,definedNodeID,nodeName,next,pre,ext,type,state,users,roles,owner,parentPath,treeOrder,depth,pid,cPerson) values (114,170,'物资科发起比价会签',',171,',2217,'',12,1,',',',23,',',83,84,85,86,87,',',2216,',2,1,2216,38);
insert into U_EMAIL_83 (nodeName, content, type,cPerson) values ('Meeko系统提醒','系统有任务等您处理，谢谢',1,38);
insert into U_EMAIL_84 (nodeName, content, type,cPerson) values ('Meeko系统提醒','系统有任务等您处理，谢谢',1,38);
insert into U_EMAIL_85 (nodeName, content, type,cPerson) values ('Meeko系统提醒','系统有任务等您处理，谢谢',1,38);
insert into U_EMAIL_86 (nodeName, content, type,cPerson) values ('Meeko系统提醒','系统有任务等您处理，谢谢',1,38);
insert into U_EMAIL_87 (nodeName, content, type,cPerson) values ('Meeko系统提醒','系统有任务等您处理，谢谢',1,38);
insert into dbo.SYS_WF_INSTANCE (oid,definedNodeID,nodeName,next,pre,ext,type,state,users,roles,owner,parentPath,treeOrder,depth,pid,cPerson) values (114,171,'参与人会签审批',',169,',2218,'',13,1,',',',',',26,38,',',2216,',3,1,2216,86);
insert into dbo.SYS_WF_INSTANCE (state,nodeName,owner,users,parentPath,treeOrder,depth,pid,cPerson) values (100,'26',',26,',',26,',',2216,2219,',1,2,2219,86);
insert into dbo.SYS_WF_INSTANCE (state,nodeName,owner,users,parentPath,treeOrder,depth,pid,cPerson) values (100,'38',',38,',',38,',',2216,2219,',2,2,2219,86);
insert into U_EMAIL_26 (nodeName, content, type,cPerson) values ('Meeko系统提醒','系统有任务等您处理，谢谢',1,86);
insert into U_EMAIL_38 (nodeName, content, type,cPerson) values ('Meeko系统提醒','系统有任务等您处理，谢谢',1,86);
insert into dbo.SYS_WF_INSTANCE (oid,nodeName,owner,cPerson) values (115,'工程ID(4)退料申请流程',',28,29,30,31,32,33,34,35,36,37,38,39,40,41,42,43,44,45,46,47,48,49,50,51,52,53,54,55,56,57,58,59,60,61,62,63,64,65,66,67,',86);
insert into dbo.SYS_WF_INSTANCE (oid,definedNodeID,nodeName,next,pre,state,type,owner,note,parentPath,treeOrder,depth,pid,cPerson) values (115,172,'施工科审核',',174,',0,1,10,',28,29,30,31,32,33,34,35,36,37,38,39,40,41,42,43,44,45,46,47,48,49,50,51,52,53,54,55,56,57,58,59,60,61,62,63,64,65,66,67,','',',2222,',1,1,2222,86);
insert into dbo.SYS_WF_INSTANCE (oid,nodeName,owner,cPerson) values (113,'工程费用结算审核',',38,',86);
insert into dbo.SYS_WF_INSTANCE (oid,definedNodeID,nodeName,next,pre,state,type,owner,note,parentPath,treeOrder,depth,pid,cPerson) values (113,164,'施工科审批',',166,',0,1,10,',38,','',',2224,',1,1,2224,86);
insert into PRO_SC_COST (jiSuanId,guiGeId,guanCaiId,luMianId,price,num,note,cost,proId,type,cPerson) values ('521','526','604','711',21,12,'',252,'4',1,86);
insert into dbo.SYS_WF_INSTANCE (oid,definedNodeID,nodeName,next,pre,ext,type,state,users,roles,owner,parentPath,treeOrder,depth,pid,cPerson) values (113,166,'预算合同科审批',',167,',2225,'',12,1,',',',48,',',73,74,75,76,77,78,79,80,81,82,',',2224,',2,1,2224,38);
insert into U_EMAIL_73 (nodeName, content, type,cPerson) values ('Meeko系统提醒','系统有任务等您处理，谢谢',1,38);
insert into U_EMAIL_74 (nodeName, content, type,cPerson) values ('Meeko系统提醒','系统有任务等您处理，谢谢',1,38);
insert into U_EMAIL_75 (nodeName, content, type,cPerson) values ('Meeko系统提醒','系统有任务等您处理，谢谢',1,38);
insert into U_EMAIL_76 (nodeName, content, type,cPerson) values ('Meeko系统提醒','系统有任务等您处理，谢谢',1,38);
insert into U_EMAIL_77 (nodeName, content, type,cPerson) values ('Meeko系统提醒','系统有任务等您处理，谢谢',1,38);
insert into U_EMAIL_78 (nodeName, content, type,cPerson) values ('Meeko系统提醒','系统有任务等您处理，谢谢',1,38);
insert into U_EMAIL_79 (nodeName, content, type,cPerson) values ('Meeko系统提醒','系统有任务等您处理，谢谢',1,38);
insert into U_EMAIL_80 (nodeName, content, type,cPerson) values ('Meeko系统提醒','系统有任务等您处理，谢谢',1,38);
insert into U_EMAIL_81 (nodeName, content, type,cPerson) values ('Meeko系统提醒','系统有任务等您处理，谢谢',1,38);
insert into U_EMAIL_82 (nodeName, content, type,cPerson) values ('Meeko系统提醒','系统有任务等您处理，谢谢',1,38);
insert into dbo.SYS_WF_INSTANCE (oid,definedNodeID,nodeName,next,pre,ext,type,state,users,roles,owner,parentPath,treeOrder,depth,pid,cPerson) values (113,167,'财务科审批',',165,',2226,'',12,1,',26,',',',',26,',',2224,',3,1,2224,79);
insert into U_EMAIL_26 (nodeName, content, type,cPerson) values ('Meeko系统提醒','系统有任务等您处理，谢谢',1,79);
insert into dbo.SYS_WF_INSTANCE (oid,definedNodeID,nodeName,next,pre,ext,type,state,users,roles,owner,parentPath,treeOrder,depth,pid,cPerson) values (113,165,'审批结束',',0,',2227,'',11,1,',',',',',',',2224,',4,1,2224,26);
insert into U_EMAIL_26 (nodeName,owners,link,content, type,cPerson) values ('回复：Meeko系统提醒',',79,',',','test【＜]div class="br"【＞]【－－]【－－]【－－]【－－]【－－]【－－]【－－]【－－]【－－] 原始邮件 【－－]【－－]【－－]【－－]【－－]【－－]【－－]【－－]【－－]【＜]/div【＞]【＜]div class="reply-item"【＞]【＜]img class="avatar" src="meeko【．]aspx?m=SYS_CM_USERS【＆]amp;action=getAvatar【＆]amp;uid=79"【＞]【＜]div class="title"【＞]Meeko系统提醒【＜]/div【＞]【＜]div【＞]【＜]span【＞]发件人：【＜]/span【＞]【＜]span【＞]陆缨【＜]/span【＞]【＜]/div【＞]【＜]div【＞]【＜]span【＞]时【＆]nbsp;【＆]nbsp;【＆]nbsp;间：【＜]/span【＞]【＜]span【＞]2015-06-21 12:47:18【＜]/span【＞]【＜]/div【＞]【＜]div【＞]【＜]span【＞]收件人：【＜]/span【＞]【＜]span【＞]【＜]/span【＞]【＜]/div【＞]【＜]/div【＞]【＜]div class="content"【＞]系统有任务等您处理【※]谢谢【＜]/div【＞]', 20,26);
insert into U_EMAIL_79 (nodeName,owners,link,content, type, ifAttach,cPerson) values ('回复：Meeko系统提醒',',79,',',','test【＜]div class="br"【＞]【－－]【－－]【－－]【－－]【－－]【－－]【－－]【－－]【－－] 原始邮件 【－－]【－－]【－－]【－－]【－－]【－－]【－－]【－－]【－－]【＜]/div【＞]【＜]div class="reply-item"【＞]【＜]img class="avatar" src="meeko【．]aspx?m=SYS_CM_USERS【＆]amp;action=getAvatar【＆]amp;uid=79"【＞]【＜]div class="title"【＞]Meeko系统提醒【＜]/div【＞]【＜]div【＞]【＜]span【＞]发件人：【＜]/span【＞]【＜]span【＞]陆缨【＜]/span【＞]【＜]/div【＞]【＜]div【＞]【＜]span【＞]时【＆]nbsp;【＆]nbsp;【＆]nbsp;间：【＜]/span【＞]【＜]span【＞]2015-06-21 12:47:18【＜]/span【＞]【＜]/div【＞]【＜]div【＞]【＜]span【＞]收件人：【＜]/span【＞]【＜]span【＞]【＜]/span【＞]【＜]/div【＞]【＜]/div【＞]【＜]div class="content"【＞]系统有任务等您处理【※]谢谢【＜]/div【＞]', 1, 0,26);
