insert into SYS_CM_FN_TREE (pid,nodeName,parentPath,treeOrder,depth,cPerson) values ('1','左边菜单栏',',1,',1,1,2);
insert into SYS_CM_FN_TREE (pid,nodeName,parentPath,treeOrder,depth,cPerson) values ('1','右上边菜单栏',',1,',2,1,2);
insert into SYS_CM_FN_TREE (nodeName,parentPath,treeOrder,depth,pid,cPerson) values ('日常工作',',1,2,',1,2,2,);
insert into SYS_CM_FN_TREE (nodeName,parentPath,treeOrder,depth,pid,cPerson) values ('公共信息',',1,2,',1,2,2,);
insert into SYS_CM_FN_TREE (nodeName,parentPath,treeOrder,depth,pid,cPerson) values ('人员管理',',1,2,',1,2,2,);
insert into SYS_CM_FN_TREE (nodeName,parentPath,treeOrder,depth,pid,cPerson) values ('资源管理',',1,2,',1,2,2,);
insert into SYS_CM_FN_TREE (nodeName,parentPath,treeOrder,depth,pid,cPerson) values ('工程管理',',1,2,',1,2,2,);
insert into SYS_CM_FN_TREE (nodeName,parentPath,treeOrder,depth,pid,cPerson) values ('流程管理',',1,2,',1,2,2,);
insert into SYS_CM_FN_TREE (nodeName,parentPath,treeOrder,depth,pid,cPerson) values ('报表管理',',1,2,',1,2,2,);
insert into SYS_CM_FN_TREE (nodeName,parentPath,treeOrder,depth,pid,cPerson) values ('系统设置',',1,2,',1,2,2,);
insert into SYS_CM_FN_TREE (nodeName,parentPath,treeOrder,depth,pid,cPerson) values ('日常工作',',1,2,',1,2,2,2);
insert into SYS_CM_FN_TREE (nodeName,parentPath,treeOrder,depth,pid,cPerson) values ('公共信息',',1,2,',2,2,2,2);
insert into SYS_CM_FN_TREE (nodeName,parentPath,treeOrder,depth,pid,cPerson) values ('人员管理',',1,2,',3,2,2,2);
insert into SYS_CM_FN_TREE (nodeName,parentPath,treeOrder,depth,pid,cPerson) values ('资源管理',',1,2,',4,2,2,2);
insert into SYS_CM_FN_TREE (nodeName,parentPath,treeOrder,depth,pid,cPerson) values ('工程管理',',1,2,',5,2,2,2);
insert into SYS_CM_FN_TREE (nodeName,parentPath,treeOrder,depth,pid,cPerson) values ('流程管理',',1,2,',6,2,2,2);
insert into SYS_CM_FN_TREE (nodeName,parentPath,treeOrder,depth,pid,cPerson) values ('报表管理',',1,2,',7,2,2,2);
insert into SYS_CM_FN_TREE (nodeName,parentPath,treeOrder,depth,pid,cPerson) values ('系统设置',',1,2,',8,2,2,2);
insert into SYS_CM_FN_TREE (nodeName,parentPath,treeOrder,depth,pid,cPerson) values ('公文',',1,2,4,',1,3,4,2);
insert into SYS_CM_FN_TREE (nodeName,parentPath,treeOrder,depth,pid,cPerson) values ('会议',',1,2,4,',2,3,4,2);
insert into SYS_CM_FN_TREE (nodeName,parentPath,treeOrder,depth,pid,cPerson) values ('人员信息',',1,2,6,',1,3,6,2);
insert into SYS_CM_FN_TREE (nodeName,parentPath,treeOrder,depth,pid,cPerson) values ('组织机构',',1,2,6,',2,3,6,2);
insert into SYS_CM_FN_TREE (nodeName,parentPath,treeOrder,depth,pid,cPerson) values ('会议查看',',1,2,4,13,',1,4,13,2);
insert into SYS_CM_FN_TREE (nodeName,parentPath,treeOrder,depth,pid,cPerson) values ('会议管理',',1,2,4,13,',2,4,13,2);
insert into SYS_CM_FN_TREE (nodeName,parentPath,treeOrder,depth,pid,cPerson) values ('发文',',1,2,4,12,',1,4,12,2);
insert into SYS_CM_FN_TREE (nodeName,parentPath,treeOrder,depth,pid,cPerson) values ('收文',',1,2,4,12,',2,4,12,2);
insert into SYS_CM_FN_TREE (nodeName,parentPath,treeOrder,depth,pid,cPerson) values ('花名册',',1,2,6,14,',1,4,14,2);
insert into SYS_CM_FN_TREE (nodeName,parentPath,treeOrder,depth,pid,cPerson) values ('员工档案管理',',1,2,6,14,',2,4,14,2);
insert into SYS_CM_FN_TREE (nodeName,parentPath,treeOrder,depth,pid,cPerson) values ('离职员工管理',',1,2,6,14,',3,4,14,2);
insert into SYS_CM_FN_TREE (nodeName,parentPath,treeOrder,depth,pid,cPerson) values ('机构管理',',1,2,6,15,',1,4,15,2);
insert into SYS_CM_FN_TREE (nodeName,parentPath,treeOrder,depth,pid,cPerson) values ('角色管理',',1,2,6,15,',2,4,15,2);
insert into SYS_CM_FN_TREE (nodeName,parentPath,treeOrder,depth,pid,cPerson) values ('权限管理',',1,2,11,',1,3,11,2);
insert into SYS_CM_FN_TREE (nodeName,parentPath,treeOrder,depth,pid,cPerson) values ('参数设置',',1,2,11,',2,3,11,2);
insert into SYS_CM_FN_TREE (nodeName,parentPath,treeOrder,depth,pid,cPerson) values ('权限设置',',1,2,11,25,',1,4,25,2);
insert into SYS_CM_FN_TREE (nodeName,parentPath,treeOrder,depth,pid,cPerson) values ('系统菜单设置',',1,2,11,26,',1,4,26,2);
insert into SYS_CM_FN_TREE (nodeName,parentPath,treeOrder,depth,pid,cPerson) values ('数据字段设置',',1,2,11,26,',2,4,26,2);
insert into SYS_CM_FN_TREE (nodeName,parentPath,treeOrder,depth,pid,cPerson) values ('操作按钮设置',',1,2,11,26,',3,4,26,2);
insert into SYS_CM_FN_TREE (nodeName,parentPath,treeOrder,depth,pid,cPerson) values ('流程索引管理',',1,2,11,26,',4,4,26,2);
update SYS_CM_USER set delFlag=1,mTime=getdate() where id in (70);
insert into SYS_CM_FN_TREE (nodeName,parentPath,treeOrder,depth,pid,cPerson) values ('工程',',1,2,8,',1,3,8,2);
insert into SYS_CM_FN_TREE (nodeName,parentPath,treeOrder,depth,pid,cPerson) values ('分包',',1,2,8,',2,3,8,2);
insert into SYS_CM_FN_TREE (nodeName,parentPath,treeOrder,depth,pid,cPerson) values ('报表',',1,2,8,',3,3,8,2);
insert into SYS_CM_FN_TREE (pid,nodeName,parentPath,treeOrder,depth,cPerson) values ('32','工程查看【＜]br【＞]工程管理',',1,2,8,32,',1,4,2);
insert into SYS_CM_FN_TREE (pid,nodeName,parentPath,treeOrder,depth,cPerson) values ('32','工程管理',',1,2,8,32,',2,4,2);
insert into SYS_CM_FN_TREE (pid,nodeName,parentPath,treeOrder,depth,cPerson) values ('7','物资管理',',1,2,7,',1,3,2);
insert into SYS_CM_FN_TREE (nodeName,parentPath,treeOrder,depth,pid,cPerson) values ('物资结构',',1,2,7,37,',1,4,37,2);
