insert into SYS_CM_GLOBAL_TABLE (pid,nodeName,parentPath,treeOrder,depth,cPerson) values ('1','项目管理',',1,',7,1,2);
update SYS_CM_GLOBAL_TABLE set mPerson=2, mTime=getdate(),sons=sons+1 where id=1;
insert into SYS_CM_GLOBAL_TABLE (pid,nodeName,parentPath,treeOrder,depth,cPerson) values ('716','项目阶段',',1,716,',1,2,2);
update SYS_CM_GLOBAL_TABLE set mPerson=2, mTime=getdate(),sons=sons+1 where id=716;
insert into SYS_CM_GLOBAL_TABLE (nodeName,parentPath,treeOrder,depth,pid,cPerson) values ('阶段一',',1,716,717,',1,3,717,2);
update SYS_CM_GLOBAL_TABLE set mPerson=2, mTime=getdate(),sons=sons+1 where id=717;
insert into SYS_CM_GLOBAL_TABLE (nodeName,parentPath,treeOrder,depth,pid,cPerson) values ('阶段二',',1,716,717,',2,3,717,2);
update SYS_CM_GLOBAL_TABLE set mPerson=2, mTime=getdate(),sons=sons+1 where id=717;
insert into SYS_CM_GLOBAL_TABLE (nodeName,parentPath,treeOrder,depth,pid,cPerson) values ('阶段三',',1,716,717,',3,3,717,2);
update SYS_CM_GLOBAL_TABLE set mPerson=2, mTime=getdate(),sons=sons+1 where id=717;
insert into SYS_CM_GLOBAL_TABLE (nodeName,parentPath,treeOrder,depth,pid,cPerson) values ('阶段四',',1,716,717,',4,3,717,2);
update SYS_CM_GLOBAL_TABLE set mPerson=2, mTime=getdate(),sons=sons+1 where id=717;
insert into SYS_CM_GLOBAL_BTNSET (pid,nodeName,parentPath,treeOrder,depth,cPerson) values ('1','项目管理',',1,',5,1,2);
update SYS_CM_GLOBAL_BTNSET set mPerson=2, mTime=getdate(),sons=sons+1 where id=1;
insert into SYS_CM_GLOBAL_BTNSET (nodeName,parentPath,treeOrder,depth,pid,cPerson) values ('添加任务',',1,139,',1,2,139,2);
update SYS_CM_GLOBAL_BTNSET set mPerson=2, mTime=getdate(),sons=sons+1 where id=139;
insert into SYS_CM_GLOBAL_BTNSET (nodeName,parentPath,treeOrder,depth,pid,cPerson) values ('删除任务',',1,139,',2,2,139,2);
update SYS_CM_GLOBAL_BTNSET set mPerson=2, mTime=getdate(),sons=sons+1 where id=139;
update SYS_CM_GLOBAL_BTNSET set mPerson=, mTime=getdate(),nodeName='任务操作' where id=140;
update SYS_CM_GLOBAL_BTNSET set mPerson=, mTime=getdate(),nodeName='任务操作',ifRights='0',icon='',ext='' where id=140;
update SYS_CM_GLOBAL_BTNSET set mPerson=, mTime=getdate(),nodeName='任务操作',ifRights='0',icon='',ext='' where id=140;
update SYS_CM_GLOBAL_BTNSET set mPerson=2, mTime=getdate(),nodeName='任务操作' where id=140;
update SYS_CM_GLOBAL_BTNSET set mPerson=2, mTime=getdate(),nodeName='任务等级' where id=141;
insert into SYS_CM_GLOBAL_BTNSET (nodeName,parentPath,treeOrder,depth,pid,cPerson) values ('添加任务',',1,139,140,',1,3,140,2);
update SYS_CM_GLOBAL_BTNSET set mPerson=2, mTime=getdate(),sons=sons+1 where id=140;
insert into SYS_CM_GLOBAL_BTNSET (nodeName,parentPath,treeOrder,depth,pid,cPerson) values ('删除任务',',1,139,140,',2,3,140,2);
update SYS_CM_GLOBAL_BTNSET set mPerson=2, mTime=getdate(),sons=sons+1 where id=140;
insert into SYS_CM_GLOBAL_BTNSET (nodeName,parentPath,treeOrder,depth,pid,cPerson) values ('正常',',1,139,141,',1,3,141,2);
update SYS_CM_GLOBAL_BTNSET set mPerson=2, mTime=getdate(),sons=sons+1 where id=141;
insert into SYS_CM_GLOBAL_BTNSET (nodeName,parentPath,treeOrder,depth,pid,cPerson) values ('紧急',',1,139,141,',2,3,141,2);
update SYS_CM_GLOBAL_BTNSET set mPerson=2, mTime=getdate(),sons=sons+1 where id=141;
insert into SYS_CM_GLOBAL_BTNSET (nodeName,parentPath,treeOrder,depth,pid,cPerson) values ('非常紧急',',1,139,141,',3,3,141,2);
update SYS_CM_GLOBAL_BTNSET set mPerson=2, mTime=getdate(),sons=sons+1 where id=141;
insert into SYS_CM_GLOBAL_TABLE (pid,nodeName,parentPath,treeOrder,depth,cPerson) values ('716','任务等级',',1,716,',2,2,2);
update SYS_CM_GLOBAL_TABLE set mPerson=2, mTime=getdate(),sons=sons+1 where id=716;
update SYS_CM_GLOBAL_TABLE set mPerson=2, mTime=getdate(),nodeName='任务阶段' where id=717;
insert into SYS_CM_GLOBAL_TABLE (nodeName,parentPath,treeOrder,depth,pid,cPerson) values ('正常',',1,716,722,',1,3,722,2);
update SYS_CM_GLOBAL_TABLE set mPerson=2, mTime=getdate(),sons=sons+1 where id=722;
insert into SYS_CM_GLOBAL_TABLE (nodeName,parentPath,treeOrder,depth,pid,cPerson) values ('紧急',',1,716,722,',2,3,722,2);
update SYS_CM_GLOBAL_TABLE set mPerson=2, mTime=getdate(),sons=sons+1 where id=722;
insert into SYS_CM_GLOBAL_TABLE (nodeName,parentPath,treeOrder,depth,pid,cPerson) values ('非常紧急',',1,716,722,',3,3,722,2);
update SYS_CM_GLOBAL_TABLE set mPerson=2, mTime=getdate(),sons=sons+1 where id=722;
insert into SYS_PM_PROJECT (nodeName,level,proType,preSTime,preETime,note,cPerson) values ('人员与权限管理','723','718','2015-05-07','2015-05-12','涉及人员单独模块管理',2);
insert into SYS_CM_GLOBAL_BTNSET (pid,nodeName,parentPath,treeOrder,depth,cPerson) values ('140','添加子任务',',1,139,140,',3,3,2);
update SYS_CM_GLOBAL_BTNSET set mPerson=2, mTime=getdate(),sons=sons+1 where id=140;
insert into SYS_PM_PROJECT (nodeName,level,proType,preSTime,preETime,note,parentPath,treeOrder,depth,pid,cPerson) values ('人员管理','723','718','2015-05-07','2015-05-08','人员信息管理',',1,',1,1,1,2);
update SYS_PM_PROJECT set mPerson=2, mTime=getdate(),sons=sons+1 where id=1;
insert into SYS_PM_PROJECT (nodeName,level,proType,preSTime,preETime,note,parentPath,treeOrder,depth,pid,cPerson) values ('权限管理','723','718','2015-05-08','2015-05-09','人员权限/数据字典权限/工具栏权限',',1,',2,1,1,);
update SYS_PM_PROJECT set mPerson=, mTime=getdate(),sons=sons+1 where id=1;
insert into SYS_PM_PROJECT (nodeName,level,proType,preSTime,preETime,note,parentPath,treeOrder,depth,pid,cPerson) values ('权限管理','723','718','2015-05-08','2015-05-09','人员权限/数据字典权限/工具栏权限',',1,',2,1,1,);
update SYS_PM_PROJECT set mPerson=, mTime=getdate(),sons=sons+1 where id=1;
insert into SYS_PM_PROJECT (nodeName,level,proType,preSTime,preETime,note,parentPath,treeOrder,depth,pid,cPerson) values ('权限管理','723','718','2015-05-08','2015-05-09','人员权限/数据字典权限/工具栏权限',',1,',2,1,1,);
update SYS_PM_PROJECT set mPerson=, mTime=getdate(),sons=sons+1 where id=1;
insert into SYS_PM_PROJECT (nodeName,level,proType,preSTime,preETime,note,parentPath,treeOrder,depth,pid,cPerson) values ('权限管理','723','718','2015-05-08','2015-05-09','人员权限/数据字典权限/工具栏权限',',1,',2,1,1,);
update SYS_PM_PROJECT set mPerson=, mTime=getdate(),sons=sons+1 where id=1;
insert into SYS_PM_PROJECT (nodeName,level,proType,preSTime,preETime,note,parentPath,treeOrder,depth,pid,cPerson) values ('权限管理','723','718','2015-05-08','2015-05-09','人员权限/数据字典权限/工具栏权限',',1,',2,1,1,);
update SYS_PM_PROJECT set mPerson=, mTime=getdate(),sons=sons+1 where id=1;
insert into SYS_PM_PROJECT (nodeName,level,proType,preSTime,preETime,note,parentPath,treeOrder,depth,pid,cPerson) values ('权限管理','723','718','2015-05-08','2015-05-09','人员权限/数据字典权限/工具栏权限',',1,',2,1,1,);
update SYS_PM_PROJECT set mPerson=, mTime=getdate(),sons=sons+1 where id=1;
insert into SYS_PM_PROJECT (nodeName,level,proType,preSTime,preETime,note,parentPath,treeOrder,depth,pid,cPerson) values ('权限管理','723','718','2015-05-08','2015-05-09','人员权限,数据字典权限,工具栏权限',',1,',2,1,1,);
update SYS_PM_PROJECT set mPerson=, mTime=getdate(),sons=sons+1 where id=1;
insert into SYS_PM_PROJECT (nodeName,level,proType,preSTime,preETime,note,parentPath,treeOrder,depth,pid,cPerson) values ('权限管理','723','718','2015-05-08','2015-05-09','人员权限,数据字典权限,工具栏权限',',1,',2,1,1,);
update SYS_PM_PROJECT set mPerson=, mTime=getdate(),sons=sons+1 where id=1;
insert into SYS_PM_PROJECT (nodeName,level,proType,preSTime,preETime,note,parentPath,treeOrder,depth,pid,cPerson) values ('权限管理','723','718','2015-05-08','2015-05-09','人员权限,数据字典权限,工具栏权限',',1,',2,1,1,);
update SYS_PM_PROJECT set mPerson=, mTime=getdate(),sons=sons+1 where id=1;
insert into SYS_PM_PROJECT (nodeName,level,proType,preSTime,preETime,note,parentPath,treeOrder,depth,pid,cPerson) values ('权限管理','723','718','2015-05-08','2015-05-09','人员权限/数据字典权限/工具栏权限',',1,',2,1,1,2);
update SYS_PM_PROJECT set mPerson=2, mTime=getdate(),sons=sons+1 where id=1;
insert into SYS_PM_PROJECT (nodeName,level,proType,preSTime,preETime,note,cPerson) values ('物资管理','723','718','2015-05-13','2015-05-17','物资结构/收料/领料/退料/挑拨',2);
