update dbo.PRO_MG set mPerson=1, mTime=getdate(),proCode='test001',proType='458',proNature='474',proArea='482',address='test001',customer='test001',contact='test001',proSource='489',acreage=24.87,outPutValue=548,collectTime='2014-01-22 00:00:00',issuedTime='2014-01-30 00:00:00',execDept=499,deadline='2014-01-16 00:00:00',execTeamLeader='test001负责人',bTime='2014-01-31 00:00:00',eTime='2014-01-22',qingZhao='0',note='fasfasdf',state=508 where id=1;
update SYS_CM_GLOBAL_TABLE set mPerson=2, mTime=getdate(),nodeName='排管',ifRights='0',icon='',attrObj='{}' where id=521;
update SYS_CM_GLOBAL_TABLE set mPerson=2, mTime=getdate(),nodeName='安装',ifRights='0',icon='',attrObj='{}' where id=522;
update SYS_CM_GLOBAL_TABLE set mPerson=2, mTime=getdate(),nodeName='砌箱',ifRights='0',icon='',attrObj='{}' where id=523;
update SYS_CM_GLOBAL_TABLE set mPerson=2, mTime=getdate(),nodeName='临时管',ifRights='0',icon='',attrObj='{}' where id=524;
update SYS_CM_GLOBAL_TABLE set mPerson=2, mTime=getdate(),nodeName='其他',ifRights='0',icon='',attrObj='{}' where id=525;
update SYS_CM_GLOBAL_TABLE set mPerson=2, mTime=getdate(),nodeName='DN25',ifRights='0',icon='',attrObj='{}' where id=526;
update SYS_CM_GLOBAL_TABLE set mPerson=2, mTime=getdate(),nodeName='DN50',ifRights='0',icon='',attrObj='{}' where id=527;
update SYS_CM_GLOBAL_TABLE set mPerson=2, mTime=getdate(),nodeName='DN100',ifRights='0',icon='',attrObj='{}' where id=528;
update SYS_CM_GLOBAL_TABLE set mPerson=2, mTime=getdate(),nodeName='DN150',ifRights='0',icon='',attrObj='{}' where id=529;
update SYS_CM_GLOBAL_TABLE set mPerson=2, mTime=getdate(),nodeName='DN200',ifRights='0',icon='',attrObj='{}' where id=530;
update SYS_CM_GLOBAL_TABLE set mPerson=2, mTime=getdate(),nodeName='砌箱xxx' where id=523;
update SYS_CM_GLOBAL_TABLE set mPerson=2, mTime=getdate(),nodeName='砌箱' where id=523;
update SYS_CM_GLOBAL_TABLE set delFlag=1,mTime=getdate() where id=597;
update SYS_CM_GLOBAL_TABLE set delFlag=1,mTime=getdate() where id=598;
update SYS_CM_GLOBAL_TABLE set delFlag=1,mTime=getdate() where id=599;
update SYS_CM_GLOBAL_TABLE set delFlag=1,mTime=getdate() where id=600;
update SYS_CM_GLOBAL_TABLE set delFlag=1,mTime=getdate() where id=601;
update SYS_CM_GLOBAL_TABLE set delFlag=1,mTime=getdate() where id=602;
update SYS_CM_GLOBAL_TABLE set delFlag=1,mTime=getdate() where id=603;
update SYS_CM_GLOBAL_TABLE set mPerson=2, mTime=getdate(),nodeName='PE管含设备' where id=604;
update SYS_CM_GLOBAL_TABLE set mPerson=2, mTime=getdate(),nodeName='PE管不含设备' where id=605;
update SYS_CM_GLOBAL_TABLE set mPerson=2, mTime=getdate(),nodeName='白铁管' where id=606;
update SYS_CM_GLOBAL_TABLE set delFlag=1,mTime=getdate() where id=533;
update SYS_CM_GLOBAL_TABLE set delFlag=1,mTime=getdate() where id=534;
update SYS_CM_GLOBAL_TABLE set delFlag=1,mTime=getdate() where id=535;
update SYS_CM_GLOBAL_TABLE set delFlag=1,mTime=getdate() where id=536;
update SYS_CM_GLOBAL_TABLE set delFlag=1,mTime=getdate() where id=537;
update SYS_CM_GLOBAL_TABLE set delFlag=1,mTime=getdate() where id=538;
update SYS_CM_GLOBAL_TABLE set delFlag=1,mTime=getdate() where id=539;
update SYS_CM_GLOBAL_TABLE set delFlag=1,mTime=getdate() where id=540;
update SYS_CM_GLOBAL_TABLE set mPerson=2, mTime=getdate(),nodeName='DN100-500' where id=541;
update SYS_CM_GLOBAL_TABLE set mPerson=2, mTime=getdate(),nodeName='DN300' where id=542;
update SYS_CM_GLOBAL_TABLE set mPerson=2, mTime=getdate(),nodeName='DN500' where id=543;
update SYS_CM_GLOBAL_TABLE set mPerson=2, mTime=getdate(),nodeName='DN600-800' where id=544;
update SYS_CM_GLOBAL_TABLE set mPerson=2, mTime=getdate(),nodeName='DN800-1000' where id=545;
update SYS_CM_GLOBAL_TABLE set mPerson=2, mTime=getdate(),nodeName='DN1000-1200' where id=546;
update SYS_CM_GLOBAL_TABLE set delFlag=1,mTime=getdate() where id=574;
update SYS_CM_GLOBAL_TABLE set delFlag=1,mTime=getdate() where id=573;
update SYS_CM_GLOBAL_TABLE set delFlag=1,mTime=getdate() where id=572;
update SYS_CM_GLOBAL_TABLE set mPerson=2, mTime=getdate(),nodeName='增加' where id=575;
update SYS_CM_GLOBAL_TABLE set mPerson=2, mTime=getdate(),nodeName='扣除' where id=576;
update SYS_CM_GLOBAL_TABLE set mPerson=2, mTime=getdate(),nodeName='DN25-50' where id=564;
update SYS_CM_GLOBAL_TABLE set mPerson=2, mTime=getdate(),nodeName='DN100' where id=565;
update SYS_CM_GLOBAL_TABLE set mPerson=2, mTime=getdate(),nodeName='DN150' where id=566;
update SYS_CM_GLOBAL_TABLE set mPerson=2, mTime=getdate(),nodeName='DN200' where id=567;
update SYS_CM_GLOBAL_TABLE set mPerson=2, mTime=getdate(),nodeName='DN300' where id=568;
update SYS_CM_GLOBAL_TABLE set mPerson=2, mTime=getdate(),nodeName='DN500' where id=569;
update SYS_CM_GLOBAL_TABLE set delFlag=1,mTime=getdate() where id=570;
update SYS_CM_GLOBAL_TABLE set delFlag=1,mTime=getdate() where id=571;
insert into SYS_CM_GLOBAL_TABLE (nodeName,parentPath,treeOrder,depth,pid,cPerson) values ('DN300',',1,5,519,520,521,',6,5,521,2);
update SYS_CM_GLOBAL_TABLE set mPerson=2, mTime=getdate(),sons=sons+1 where id=521;
insert into SYS_CM_GLOBAL_TABLE (nodeName,parentPath,treeOrder,depth,pid,cPerson) values ('DN500',',1,5,519,520,521,',7,5,521,2);
update SYS_CM_GLOBAL_TABLE set mPerson=2, mTime=getdate(),sons=sons+1 where id=521;
insert into SYS_CM_GLOBAL_TABLE (nodeName,parentPath,treeOrder,depth,pid,cPerson) values ('DN600',',1,5,519,520,521,',8,5,521,2);
update SYS_CM_GLOBAL_TABLE set mPerson=2, mTime=getdate(),sons=sons+1 where id=521;
insert into SYS_CM_GLOBAL_TABLE (nodeName,parentPath,treeOrder,depth,pid,cPerson) values ('DN700',',1,5,519,520,521,',9,5,521,2);
update SYS_CM_GLOBAL_TABLE set mPerson=2, mTime=getdate(),sons=sons+1 where id=521;
insert into SYS_CM_GLOBAL_TABLE (nodeName,parentPath,treeOrder,depth,pid,cPerson) values ('DN800',',1,5,519,520,521,',10,5,521,2);
update SYS_CM_GLOBAL_TABLE set mPerson=2, mTime=getdate(),sons=sons+1 where id=521;
insert into SYS_CM_GLOBAL_TABLE (nodeName,parentPath,treeOrder,depth,pid,cPerson) values ('PE管含设备',',1,5,519,520,521,527,',1,6,527,2);
update SYS_CM_GLOBAL_TABLE set mPerson=2, mTime=getdate(),sons=sons+1 where id=527;
insert into SYS_CM_GLOBAL_TABLE (nodeName,parentPath,treeOrder,depth,pid,cPerson) values ('PE管不含设备',',1,5,519,520,521,527,',2,6,527,2);
update SYS_CM_GLOBAL_TABLE set mPerson=2, mTime=getdate(),sons=sons+1 where id=527;
insert into SYS_CM_GLOBAL_TABLE (nodeName,parentPath,treeOrder,depth,pid,cPerson) values ('白铁管',',1,5,519,520,521,527,',3,6,527,2);
update SYS_CM_GLOBAL_TABLE set mPerson=2, mTime=getdate(),sons=sons+1 where id=527;
insert into SYS_CM_GLOBAL_TABLE (nodeName,parentPath,treeOrder,depth,pid,cPerson) values ('PE管含设备',',1,5,519,520,521,528,',1,6,528,2);
update SYS_CM_GLOBAL_TABLE set mPerson=2, mTime=getdate(),sons=sons+1 where id=528;
insert into SYS_CM_GLOBAL_TABLE (nodeName,parentPath,treeOrder,depth,pid,cPerson) values ('PE管不含设备',',1,5,519,520,521,528,',2,6,528,2);
update SYS_CM_GLOBAL_TABLE set mPerson=2, mTime=getdate(),sons=sons+1 where id=528;
insert into SYS_CM_GLOBAL_TABLE (nodeName,parentPath,treeOrder,depth,pid,cPerson) values ('白铁管',',1,5,519,520,521,528,',3,6,528,2);
update SYS_CM_GLOBAL_TABLE set mPerson=2, mTime=getdate(),sons=sons+1 where id=528;
update SYS_CM_GLOBAL_TABLE set mPerson=2, mTime=getdate(),nodeName='球墨铸铁管',ifRights='0',icon='',attrObj='{}' where id=661;
insert into SYS_CM_GLOBAL_TABLE (nodeName,parentPath,treeOrder,depth,pid,cPerson) values ('钢管',',1,5,519,520,521,528,',4,6,528,2);
update SYS_CM_GLOBAL_TABLE set mPerson=2, mTime=getdate(),sons=sons+1 where id=528;
insert into SYS_CM_GLOBAL_TABLE (nodeName,parentPath,treeOrder,depth,pid,cPerson) values ('PE管含设备',',1,5,519,520,521,529,',1,6,529,2);
update SYS_CM_GLOBAL_TABLE set mPerson=2, mTime=getdate(),sons=sons+1 where id=529;
insert into SYS_CM_GLOBAL_TABLE (nodeName,parentPath,treeOrder,depth,pid,cPerson) values ('PE管不含设备',',1,5,519,520,521,529,',2,6,529,2);
update SYS_CM_GLOBAL_TABLE set mPerson=2, mTime=getdate(),sons=sons+1 where id=529;
insert into SYS_CM_GLOBAL_TABLE (nodeName,parentPath,treeOrder,depth,pid,cPerson) values ('球墨铸铁管',',1,5,519,520,521,529,',3,6,529,2);
update SYS_CM_GLOBAL_TABLE set mPerson=2, mTime=getdate(),sons=sons+1 where id=529;
insert into SYS_CM_GLOBAL_TABLE (nodeName,parentPath,treeOrder,depth,pid,cPerson) values ('钢管',',1,5,519,520,521,529,',4,6,529,2);
update SYS_CM_GLOBAL_TABLE set mPerson=2, mTime=getdate(),sons=sons+1 where id=529;
insert into SYS_CM_GLOBAL_TABLE (nodeName,parentPath,treeOrder,depth,pid,cPerson) values ('PE管含设备',',1,5,519,520,521,530,',3,6,530,2);
update SYS_CM_GLOBAL_TABLE set mPerson=2, mTime=getdate(),sons=sons+1 where id=530;
insert into SYS_CM_GLOBAL_TABLE (nodeName,parentPath,treeOrder,depth,pid,cPerson) values ('PE管不含设备',',1,5,519,520,521,530,',4,6,530,2);
update SYS_CM_GLOBAL_TABLE set mPerson=2, mTime=getdate(),sons=sons+1 where id=530;
insert into SYS_CM_GLOBAL_TABLE (nodeName,parentPath,treeOrder,depth,pid,cPerson) values ('球墨铸铁管',',1,5,519,520,521,530,',5,6,530,2);
update SYS_CM_GLOBAL_TABLE set mPerson=2, mTime=getdate(),sons=sons+1 where id=530;
insert into SYS_CM_GLOBAL_TABLE (nodeName,parentPath,treeOrder,depth,pid,cPerson) values ('钢管',',1,5,519,520,521,530,',6,6,530,2);
update SYS_CM_GLOBAL_TABLE set mPerson=2, mTime=getdate(),sons=sons+1 where id=530;
insert into SYS_CM_GLOBAL_TABLE (nodeName,parentPath,treeOrder,depth,pid,cPerson) values ('PE管含设备',',1,5,519,520,521,651,',1,6,651,2);
update SYS_CM_GLOBAL_TABLE set mPerson=2, mTime=getdate(),sons=sons+1 where id=651;
insert into SYS_CM_GLOBAL_TABLE (nodeName,parentPath,treeOrder,depth,pid,cPerson) values ('PE管不含设备',',1,5,519,520,521,651,',2,6,651,2);
update SYS_CM_GLOBAL_TABLE set mPerson=2, mTime=getdate(),sons=sons+1 where id=651;
insert into SYS_CM_GLOBAL_TABLE (nodeName,parentPath,treeOrder,depth,pid,cPerson) values ('球墨铸铁管',',1,5,519,520,521,651,',3,6,651,2);
update SYS_CM_GLOBAL_TABLE set mPerson=2, mTime=getdate(),sons=sons+1 where id=651;
insert into SYS_CM_GLOBAL_TABLE (nodeName,parentPath,treeOrder,depth,pid,cPerson) values ('钢管',',1,5,519,520,521,651,',4,6,651,2);
update SYS_CM_GLOBAL_TABLE set mPerson=2, mTime=getdate(),sons=sons+1 where id=651;
insert into SYS_CM_GLOBAL_TABLE (nodeName,parentPath,treeOrder,depth,pid,cPerson) values ('PE管含设备',',1,5,519,520,521,652,',1,6,652,2);
update SYS_CM_GLOBAL_TABLE set mPerson=2, mTime=getdate(),sons=sons+1 where id=652;
insert into SYS_CM_GLOBAL_TABLE (nodeName,parentPath,treeOrder,depth,pid,cPerson) values ('PE管不含设备',',1,5,519,520,521,652,',2,6,652,2);
update SYS_CM_GLOBAL_TABLE set mPerson=2, mTime=getdate(),sons=sons+1 where id=652;
insert into SYS_CM_GLOBAL_TABLE (nodeName,parentPath,treeOrder,depth,pid,cPerson) values ('球墨铸铁管',',1,5,519,520,521,652,',3,6,652,2);
update SYS_CM_GLOBAL_TABLE set mPerson=2, mTime=getdate(),sons=sons+1 where id=652;
insert into SYS_CM_GLOBAL_TABLE (nodeName,parentPath,treeOrder,depth,pid,cPerson) values ('钢管',',1,5,519,520,521,652,',4,6,652,2);
update SYS_CM_GLOBAL_TABLE set mPerson=2, mTime=getdate(),sons=sons+1 where id=652;
insert into SYS_CM_GLOBAL_TABLE (nodeName,parentPath,treeOrder,depth,pid,cPerson) values ('球墨铸铁管',',1,5,519,520,521,653,',1,6,653,2);
update SYS_CM_GLOBAL_TABLE set mPerson=2, mTime=getdate(),sons=sons+1 where id=653;
insert into SYS_CM_GLOBAL_TABLE (nodeName,parentPath,treeOrder,depth,pid,cPerson) values ('钢管',',1,5,519,520,521,653,',2,6,653,2);
update SYS_CM_GLOBAL_TABLE set mPerson=2, mTime=getdate(),sons=sons+1 where id=653;
insert into SYS_CM_GLOBAL_TABLE (nodeName,parentPath,treeOrder,depth,pid,cPerson) values ('球墨铸铁管',',1,5,519,520,521,654,',1,6,654,2);
update SYS_CM_GLOBAL_TABLE set mPerson=2, mTime=getdate(),sons=sons+1 where id=654;
insert into SYS_CM_GLOBAL_TABLE (nodeName,parentPath,treeOrder,depth,pid,cPerson) values ('钢管',',1,5,519,520,521,654,',2,6,654,2);
update SYS_CM_GLOBAL_TABLE set mPerson=2, mTime=getdate(),sons=sons+1 where id=654;
insert into SYS_CM_GLOBAL_TABLE (nodeName,parentPath,treeOrder,depth,pid,cPerson) values ('球墨铸铁管',',1,5,519,520,521,655,',1,6,655,2);
update SYS_CM_GLOBAL_TABLE set mPerson=2, mTime=getdate(),sons=sons+1 where id=655;
insert into SYS_CM_GLOBAL_TABLE (nodeName,parentPath,treeOrder,depth,pid,cPerson) values ('钢管',',1,5,519,520,521,655,',2,6,655,2);
update SYS_CM_GLOBAL_TABLE set mPerson=2, mTime=getdate(),sons=sons+1 where id=655;
insert into SYS_CM_GLOBAL_TABLE (nodeName,parentPath,treeOrder,depth,pid,cPerson) values ('接水阀',',1,5,519,520,522,541,',1,6,541,2);
update SYS_CM_GLOBAL_TABLE set mPerson=2, mTime=getdate(),sons=sons+1 where id=541;
insert into SYS_CM_GLOBAL_TABLE (nodeName,parentPath,treeOrder,depth,pid,cPerson) values ('开梯',',1,5,519,520,522,542,',1,6,542,2);
update SYS_CM_GLOBAL_TABLE set mPerson=2, mTime=getdate(),sons=sons+1 where id=542;
insert into SYS_CM_GLOBAL_TABLE (nodeName,parentPath,treeOrder,depth,pid,cPerson) values ('开梯',',1,5,519,520,522,543,',1,6,543,2);
update SYS_CM_GLOBAL_TABLE set mPerson=2, mTime=getdate(),sons=sons+1 where id=543;
insert into SYS_CM_GLOBAL_TABLE (nodeName,parentPath,treeOrder,depth,pid,cPerson) values ('开梯',',1,5,519,520,522,544,',1,6,544,2);
update SYS_CM_GLOBAL_TABLE set mPerson=2, mTime=getdate(),sons=sons+1 where id=544;
insert into SYS_CM_GLOBAL_TABLE (nodeName,parentPath,treeOrder,depth,pid,cPerson) values ('开梯',',1,5,519,520,522,545,',1,6,545,2);
update SYS_CM_GLOBAL_TABLE set mPerson=2, mTime=getdate(),sons=sons+1 where id=545;
insert into SYS_CM_GLOBAL_TABLE (nodeName,parentPath,treeOrder,depth,pid,cPerson) values ('开梯',',1,5,519,520,522,546,',1,6,546,2);
update SYS_CM_GLOBAL_TABLE set mPerson=2, mTime=getdate(),sons=sons+1 where id=546;
update SYS_CM_GLOBAL_TABLE set mPerson=2, mTime=getdate(),nodeName='小型' where id=547;
update SYS_CM_GLOBAL_TABLE set mPerson=2, mTime=getdate(),nodeName='中型' where id=548;
update SYS_CM_GLOBAL_TABLE set mPerson=2, mTime=getdate(),nodeName='大型' where id=549;
update SYS_CM_GLOBAL_TABLE set mPerson=2, mTime=getdate(),nodeName='250型' where id=550;
update SYS_CM_GLOBAL_TABLE set mPerson=2, mTime=getdate(),nodeName='流量箱' where id=551;
update SYS_CM_GLOBAL_TABLE set mPerson=2, mTime=getdate(),nodeName='DN300' where id=552;
update SYS_CM_GLOBAL_TABLE set mPerson=2, mTime=getdate(),nodeName='DN500' where id=553;
update SYS_CM_GLOBAL_TABLE set mPerson=2, mTime=getdate(),nodeName='DN700-800' where id=554;
update SYS_CM_GLOBAL_TABLE set mPerson=2, mTime=getdate(),nodeName='DN1000-1200' where id=555;
update SYS_CM_GLOBAL_TABLE set mPerson=2, mTime=getdate(),nodeName='DN300' where id=556;
update SYS_CM_GLOBAL_TABLE set mPerson=2, mTime=getdate(),nodeName='DN500' where id=557;
update SYS_CM_GLOBAL_TABLE set mPerson=2, mTime=getdate(),nodeName='DN700-800' where id=558;
update SYS_CM_GLOBAL_TABLE set mPerson=2, mTime=getdate(),nodeName='DN1000-1200' where id=559;
update SYS_CM_GLOBAL_TABLE set delFlag=1,mTime=getdate() where id in(560,561,562);
insert into SYS_CM_GLOBAL_TABLE (nodeName,parentPath,treeOrder,depth,pid,cPerson) values ('水表箱',',1,5,519,520,523,547,',1,6,547,2);
update SYS_CM_GLOBAL_TABLE set mPerson=2, mTime=getdate(),sons=sons+1 where id=547;
insert into SYS_CM_GLOBAL_TABLE (nodeName,parentPath,treeOrder,depth,pid,cPerson) values ('水表箱',',1,5,519,520,523,548,',1,6,548,2);
update SYS_CM_GLOBAL_TABLE set mPerson=2, mTime=getdate(),sons=sons+1 where id=548;
insert into SYS_CM_GLOBAL_TABLE (nodeName,parentPath,treeOrder,depth,pid,cPerson) values ('水表箱',',1,5,519,520,523,549,',1,6,549,2);
update SYS_CM_GLOBAL_TABLE set mPerson=2, mTime=getdate(),sons=sons+1 where id=549;
insert into SYS_CM_GLOBAL_TABLE (nodeName,parentPath,treeOrder,depth,pid,cPerson) values ('阀门箱',',1,5,519,520,523,550,',1,6,550,2);
update SYS_CM_GLOBAL_TABLE set mPerson=2, mTime=getdate(),sons=sons+1 where id=550;
insert into SYS_CM_GLOBAL_TABLE (nodeName,parentPath,treeOrder,depth,pid,cPerson) values ('阀门箱',',1,5,519,520,523,551,',1,6,551,2);
update SYS_CM_GLOBAL_TABLE set mPerson=2, mTime=getdate(),sons=sons+1 where id=551;
insert into SYS_CM_GLOBAL_TABLE (nodeName,parentPath,treeOrder,depth,pid,cPerson) values ('钢筋阀门箱',',1,5,519,520,523,552,',1,6,552,2);
update SYS_CM_GLOBAL_TABLE set mPerson=2, mTime=getdate(),sons=sons+1 where id=552;
insert into SYS_CM_GLOBAL_TABLE (nodeName,parentPath,treeOrder,depth,pid,cPerson) values ('钢筋阀门箱',',1,5,519,520,523,553,',1,6,553,2);
update SYS_CM_GLOBAL_TABLE set mPerson=2, mTime=getdate(),sons=sons+1 where id=553;
insert into SYS_CM_GLOBAL_TABLE (nodeName,parentPath,treeOrder,depth,pid,cPerson) values ('钢筋阀门箱',',1,5,519,520,523,554,',1,6,554,2);
update SYS_CM_GLOBAL_TABLE set mPerson=2, mTime=getdate(),sons=sons+1 where id=554;
insert into SYS_CM_GLOBAL_TABLE (nodeName,parentPath,treeOrder,depth,pid,cPerson) values ('钢筋阀门箱',',1,5,519,520,523,555,',1,6,555,2);
update SYS_CM_GLOBAL_TABLE set mPerson=2, mTime=getdate(),sons=sons+1 where id=555;
insert into SYS_CM_GLOBAL_TABLE (nodeName,parentPath,treeOrder,depth,pid,cPerson) values ('钢筋阀门箱',',1,5,519,520,523,556,',1,6,556,2);
update SYS_CM_GLOBAL_TABLE set mPerson=2, mTime=getdate(),sons=sons+1 where id=556;
insert into SYS_CM_GLOBAL_TABLE (nodeName,parentPath,treeOrder,depth,pid,cPerson) values ('钢筋阀门箱',',1,5,519,520,523,557,',1,6,557,2);
update SYS_CM_GLOBAL_TABLE set mPerson=2, mTime=getdate(),sons=sons+1 where id=557;
insert into SYS_CM_GLOBAL_TABLE (nodeName,parentPath,treeOrder,depth,pid,cPerson) values ('钢筋阀门箱',',1,5,519,520,523,558,',1,6,558,2);
update SYS_CM_GLOBAL_TABLE set mPerson=2, mTime=getdate(),sons=sons+1 where id=558;
insert into SYS_CM_GLOBAL_TABLE (nodeName,parentPath,treeOrder,depth,pid,cPerson) values ('钢筋阀门箱',',1,5,519,520,523,559,',1,6,559,2);
update SYS_CM_GLOBAL_TABLE set mPerson=2, mTime=getdate(),sons=sons+1 where id=559;
insert into SYS_CM_GLOBAL_TABLE (nodeName,parentPath,treeOrder,depth,pid,cPerson) values ('任意',',1,5,519,520,524,564,',1,6,564,2);
update SYS_CM_GLOBAL_TABLE set mPerson=2, mTime=getdate(),sons=sons+1 where id=564;
insert into SYS_CM_GLOBAL_TABLE (nodeName,parentPath,treeOrder,depth,pid,cPerson) values ('任意',',1,5,519,520,524,565,',1,6,565,2);
update SYS_CM_GLOBAL_TABLE set mPerson=2, mTime=getdate(),sons=sons+1 where id=565;
insert into SYS_CM_GLOBAL_TABLE (nodeName,parentPath,treeOrder,depth,pid,cPerson) values ('任意',',1,5,519,520,524,566,',1,6,566,2);
update SYS_CM_GLOBAL_TABLE set mPerson=2, mTime=getdate(),sons=sons+1 where id=566;
insert into SYS_CM_GLOBAL_TABLE (nodeName,parentPath,treeOrder,depth,pid,cPerson) values ('任意',',1,5,519,520,524,567,',1,6,567,2);
update SYS_CM_GLOBAL_TABLE set mPerson=2, mTime=getdate(),sons=sons+1 where id=567;
insert into SYS_CM_GLOBAL_TABLE (nodeName,parentPath,treeOrder,depth,pid,cPerson) values ('任意',',1,5,519,520,524,568,',1,6,568,2);
update SYS_CM_GLOBAL_TABLE set mPerson=2, mTime=getdate(),sons=sons+1 where id=568;
insert into SYS_CM_GLOBAL_TABLE (nodeName,parentPath,treeOrder,depth,pid,cPerson) values ('任意',',1,5,519,520,524,569,',1,6,569,2);
update SYS_CM_GLOBAL_TABLE set mPerson=2, mTime=getdate(),sons=sons+1 where id=569;
insert into SYS_CM_GLOBAL_TABLE (pid,nodeName,parentPath,treeOrder,depth,cPerson) values ('519','路面类型',',1,5,519,',3,3,2);
update SYS_CM_GLOBAL_TABLE set mPerson=2, mTime=getdate(),sons=sons+1 where id=519;
insert into SYS_CM_GLOBAL_TABLE (nodeName,parentPath,treeOrder,depth,pid,cPerson) values ('甲类',',1,5,519,710,',1,4,710,2);
update SYS_CM_GLOBAL_TABLE set mPerson=2, mTime=getdate(),sons=sons+1 where id=710;
insert into SYS_CM_GLOBAL_TABLE (nodeName,parentPath,treeOrder,depth,pid,cPerson) values ('乙类',',1,5,519,710,',2,4,710,2);
update SYS_CM_GLOBAL_TABLE set mPerson=2, mTime=getdate(),sons=sons+1 where id=710;
insert into SYS_CM_GLOBAL_TABLE (nodeName,parentPath,treeOrder,depth,pid,cPerson) values ('街坊内甲类',',1,5,519,710,',3,4,710,2);
update SYS_CM_GLOBAL_TABLE set mPerson=2, mTime=getdate(),sons=sons+1 where id=710;
insert into SYS_CM_GLOBAL_TABLE (nodeName,parentPath,treeOrder,depth,pid,cPerson) values ('街坊内乙类',',1,5,519,710,',4,4,710,2);
update SYS_CM_GLOBAL_TABLE set mPerson=2, mTime=getdate(),sons=sons+1 where id=710;
insert into SYS_CM_GLOBAL_TABLE (nodeName,parentPath,treeOrder,depth,pid,cPerson) values ('无路面',',1,5,519,710,',5,4,710,2);
update SYS_CM_GLOBAL_TABLE set mPerson=2, mTime=getdate(),sons=sons+1 where id=710;
insert into PRO_SC_STANDARD (luMianId,price,guiGeId,cPerson) values ('711',21,'604',2);
insert into dbo.SYS_WF_INSTANCE (oid,nodeName,owner,cPerson) values (108,'分包结算申请',',2,',1);
insert into dbo.SYS_WF_INSTANCE (oid,definedNodeID,nodeName,next,pre,state,type,owner,note,parentPath,treeOrder,depth,pid,cPerson) values (108,138,'施工科审核工程量',',140,',0,1,10,',2,','',',1956,',1,1,1956,1);
update dbo.SYS_WF_INSTANCE set mPerson=1, mTime=getdate(),sons=sons+1 where id=1956;
insert into dbo.PRO_SC_COST_COUNT (proId,wfId,users,observers,cPerson) values (1,1956,',2,',',2,',1);
insert into PRO_SC_COST (,cPerson) values (,1);
insert into PRO_SC_COST (jiSuanId,guiGeId,guanCaiId,luMianId,price,num,note,cost,type,proId,cPerson) values ('521','526','604','711',21,'2','xxx',42,1,'1',1);
insert into PRO_SC_COST (jiSuanId,guiGeId,guanCaiId,luMianId,price,num,note,cost,type,proId,cPerson) values ('521','526','604','711',21,'1','xxxx',21,1,'1',1);
update dbo.PRO_MG set mPerson=1, mTime=getdate(),accountWfId=1, users=',2,', observers=observers + ',2,', state=509 where id=1;
insert into dbo.SYS_WF_INSTANCE (oid,nodeName,owner,cPerson) values (108,'分包结算申请',',2,',1);
insert into dbo.SYS_WF_INSTANCE (oid,definedNodeID,nodeName,next,pre,state,type,owner,note,parentPath,treeOrder,depth,pid,cPerson) values (108,138,'施工科审核工程量',',140,',0,1,10,',2,','',',1958,',1,1,1958,1);
update dbo.SYS_WF_INSTANCE set mPerson=1, mTime=getdate(),sons=sons+1 where id=1958;
insert into dbo.PRO_SC_COST_COUNT (proId,wfId,users,observers,cPerson) values (1,1958,',2,',',2,',1);
insert into PRO_SC_COST (,cPerson) values (,1);
insert into PRO_SC_COST (jiSuanId,guiGeId,guanCaiId,luMianId,price,num,note,cost,type,proId,cPerson) values ('521','526','604','711',21,2,'ffad',42,1,'1',1);
insert into PRO_SC_COST (jiSuanId,guiGeId,guanCaiId,luMianId,price,num,note,cost,type,proId,cPerson) values ('521','526','604','711',21,8,'fasdfasdf',168,1,'1',1);
update dbo.PRO_MG set mPerson=1, mTime=getdate(),accountWfId=2, users=',2,', observers=observers + ',2,', state=509 where id=1;
insert into dbo.SYS_WF_INSTANCE (oid,nodeName,owner,cPerson) values (108,'分包结算申请',',2,',1);
insert into dbo.SYS_WF_INSTANCE (oid,definedNodeID,nodeName,next,pre,state,type,owner,note,parentPath,treeOrder,depth,pid,cPerson) values (108,138,'施工科审核工程量',',140,',0,1,10,',2,','',',1960,',1,1,1960,1);
update dbo.SYS_WF_INSTANCE set mPerson=1, mTime=getdate(),sons=sons+1 where id=1960;
insert into dbo.PRO_SC_COST_COUNT (proId,wfId,users,observers,cPerson) values (1,1960,',2,',',2,',1);
insert into PRO_SC_COST (,cPerson) values (,1);
insert into PRO_SC_COST (jiSuanId,guiGeId,guanCaiId,luMianId,price,num,note,cost,type,proId,cPerson) values ('521','526','604','711',21,2,'ffad',42,1,'1',1);
insert into PRO_SC_COST (jiSuanId,guiGeId,guanCaiId,luMianId,price,num,note,cost,type,proId,cPerson) values ('521','526','604','711',21,8,'fasdfasdf',168,1,'1',1);
update dbo.PRO_MG set mPerson=1, mTime=getdate(),accountWfId=3, users=',2,', observers=observers + ',2,', state=509 where id=1;
insert into dbo.SYS_WF_INSTANCE (oid,nodeName,owner,cPerson) values (108,'分包结算申请',',2,',1);
insert into dbo.SYS_WF_INSTANCE (oid,definedNodeID,nodeName,next,pre,state,type,owner,note,parentPath,treeOrder,depth,pid,cPerson) values (108,138,'施工科审核工程量',',140,',0,1,10,',2,','',',1962,',1,1,1962,1);
update dbo.SYS_WF_INSTANCE set mPerson=1, mTime=getdate(),sons=sons+1 where id=1962;
insert into dbo.PRO_SC_COST_COUNT (proId,wfId,users,observers,cPerson) values (1,1962,',2,',',2,',1);
insert into PRO_SC_COST (,cPerson) values (,1);
insert into PRO_SC_COST (jiSuanId,guiGeId,guanCaiId,luMianId,price,num,note,cost,type,proId,cPerson) values ('521','526','604','711',21,2,'ffad',42,1,'1',1);
insert into PRO_SC_COST (jiSuanId,guiGeId,guanCaiId,luMianId,price,num,note,cost,type,proId,cPerson) values ('521','526','604','711',21,8,'fasdfasdf',168,1,'1',1);
update dbo.PRO_MG set mPerson=1, mTime=getdate(),accountWfId=4, users=',2,', observers=observers + ',2,', state=509 where id=1;
insert into dbo.SYS_WF_INSTANCE (oid,nodeName,owner,cPerson) values (108,'分包结算申请',',2,',1);
insert into dbo.SYS_WF_INSTANCE (oid,definedNodeID,nodeName,next,pre,state,type,owner,note,parentPath,treeOrder,depth,pid,cPerson) values (108,138,'施工科审核工程量',',140,',0,1,10,',2,','',',1964,',1,1,1964,1);
update dbo.SYS_WF_INSTANCE set mPerson=1, mTime=getdate(),sons=sons+1 where id=1964;
insert into dbo.PRO_SC_COST_COUNT (proId,wfId,users,observers,cPerson) values (1,1964,',2,',',2,',1);
insert into PRO_SC_COST (jiSuanId,guiGeId,guanCaiId,luMianId,price,num,note,cost,type,proId,cPerson) values ('521','526','604','711',21,2,'ffad',42,1,'1',1);
insert into PRO_SC_COST (jiSuanId,guiGeId,guanCaiId,luMianId,price,num,note,cost,type,proId,cPerson) values ('521','526','604','711',21,8,'fasdfasdf',168,1,'1',1);
update dbo.PRO_MG set mPerson=1, mTime=getdate(),accountWfId=5, users=',2,', observers=observers + ',2,', state=509 where id=1;
insert into PRO_SC_COST (jiSuanId,guiGeId,guanCaiId,luMianId,price,num,note,proId,type,cost,cPerson) values ('521','526','604','711',21,5,'fasdf','1',1,105,1);
update dbo.PRO_MG set mPerson=1, mTime=getdate(),realCost=realCost+105 where id=1;
update PRO_SC_COST set delFlag=1,mTime=getdate() where id=4;
update dbo.PRO_MG set mPerson=1, mTime=getdate(),realCost=realCost+168 where id=1;
update dbo.SYS_WF_INSTANCE set mPerson=1, mTime=getdate(),note='确认通过' where id=1965;
insert into dbo.SYS_WF_INSTANCE (oid,definedNodeID,nodeName,next,pre,ext,type,state,users,roles,owner,parentPath,treeOrder,depth,pid,cPerson) values (108,140,'结算工程产值和分包费用',',139,',1965,'',12,1,',2,',',',',2,',',1964,',2,1,1964,1);
update dbo.SYS_WF_INSTANCE set mPerson=1, mTime=getdate(),sons=sons+1 where id=1964;
update dbo.SYS_WF_INSTANCE set mPerson=1, mTime=getdate(),state=0, next='1966' where id=1965;
update dbo.SYS_WF_INSTANCE set mPerson=1, mTime=getdate(),owner=dbo.SYS_TRANS_RIGHTS_USERS(',2,') where id=1964;
update PRO_SC_COST_COUNT set mPerson=1, mTime=getdate(),users=',2,',observers=observers+',2,' where id=5;
insert into PRO_SC_ACCOUNT_INFO (outCost,inCost,faZhanCost,yinYeCost,bateOneCost,bateTwoCost,proFitCost,area,personCost,preCaiLiaoCost,realCaiLiaoCost,repairCost,duJianCost,heTongCost,prePayCost,backUpOneCost,backUpTwoCost,backUpThreeCost,proId,cPerson) values (1,2,0,0,0,0,5,482,273,2,6,5,4,0,0,0,5,0,'1',1);
update PRO_SC_COST_COUNT set mPerson=1, mTime=getdate(),accountInfoId=1 where id=5;
update dbo.SYS_WF_INSTANCE set mPerson=1, mTime=getdate(),note='fasdfasdf' where id=1966;
insert into dbo.SYS_WF_INSTANCE (oid,definedNodeID,nodeName,next,pre,ext,type,state,users,roles,owner,parentPath,treeOrder,depth,pid,cPerson) values (108,139,'结束',',0,',1966,'',11,1,',',',',',',',1964,',3,1,1964,1);
update dbo.SYS_WF_INSTANCE set mPerson=1, mTime=getdate(),sons=sons+1 where id=1964;
update dbo.SYS_WF_INSTANCE set mPerson=1, mTime=getdate(),state=0, next='1967' where id=1966;
update dbo.SYS_WF_INSTANCE set mPerson=1, mTime=getdate(),state=-1 where id=1964;
update dbo.SYS_WF_INSTANCE set mPerson=1, mTime=getdate(),owner=dbo.SYS_TRANS_RIGHTS_USERS(',') where id=1964;
update PRO_SC_COST_COUNT set mPerson=1, mTime=getdate(),users=',',observers=observers+',' where id=5;
update PRO_MG set mPerson=1, mTime=getdate(),state=510 where id=1;
update PRO_SC_ACCOUNT_INFO set mPerson=1, mTime=getdate(),outCost=1.002 where id=1;
update dbo.PRO_MG set mPerson=1, mTime=getdate(),state=511 where id=1;
insert into dbo.PRO_MG (proCode,proType,proNature,proArea,address,customer,contact,proSource,acreage,outPutValue,collectTime,issuedTime,execDept,deadline,qingZhao,note,users,observers,cPerson) values ('test002','463','473','483','test002','test002','test002','489',25.87,587,'2014-01-17','2014-01-31',499,'2014-01-22','','fasdfasf',',20,22,',',20,22,',1);
insert into PRO_SC_COST (jiSuanId,guanCaiId,guiGeId,num,note,proId,type,cPerson) values ('623','630','635','3','fsadfas',2,0,1);
insert into PRO_SC_COST (jiSuanId,guanCaiId,guiGeId,num,note,proId,type,cPerson) values ('623','631','636','5','fsadfasd',2,0,1);
insert into PRO_SC_COST (jiSuanId,guanCaiId,guiGeId,num,note,proId,type,cPerson) values ('627','632','637','7','fasdfasdfa',2,0,1);
update dbo.PRO_MG set mPerson=1, mTime=getdate(),planCost=100 where id=2;
insert into dbo.SYS_WF_INSTANCE (oid,nodeName,owner,cPerson) values (107,'分包申请',',16,',1);
insert into dbo.SYS_WF_INSTANCE (oid,definedNodeID,nodeName,next,pre,state,type,owner,note,parentPath,treeOrder,depth,pid,cPerson) values (107,135,'施工科科长审核',',137,',0,1,10,',16,','',',1968,',1,1,1968,1);
update dbo.SYS_WF_INSTANCE set mPerson=1, mTime=getdate(),sons=sons+1 where id=1968;
insert into dbo.PRO_SC_APPLY (proId,wfId,companyId,cPerson) values (2,1968,10,1);
update dbo.PRO_SC_APPLY set mPerson=1, mTime=getdate(),users=',16,',observers=observers+',16,' where id=2;
update dbo.PRO_MG set mPerson=1, mTime=getdate(),proCode='test002',proType='463',proNature='473',proArea='483',address='test002',customer='test002',contact='test002',proSource='489',acreage=25.87,outPutValue=587,collectTime='2014-01-17 00:00:00',issuedTime='2014-01-31 00:00:00',execDept=499,execTeam='10',deadline='2014-01-22 00:00:00',execTeamLeader='test002',bTime='2014-01-07',qingZhao='0',note='fasdfasf',wfId=1968,users=',',observers=observers+',16,' where id=2;
update dbo.SYS_WF_INSTANCE set mPerson=1, mTime=getdate(),note='确定' where id=1969;
insert into dbo.SYS_WF_INSTANCE (oid,definedNodeID,nodeName,next,pre,ext,type,state,users,roles,owner,parentPath,treeOrder,depth,pid,cPerson) values (107,137,'副经理批准',',136,',1969,'',12,1,',5,',',',',5,',',1968,',2,1,1968,1);
update dbo.SYS_WF_INSTANCE set mPerson=1, mTime=getdate(),sons=sons+1 where id=1968;
update dbo.SYS_WF_INSTANCE set mPerson=1, mTime=getdate(),state=0, next='1970' where id=1969;
update dbo.SYS_WF_INSTANCE set mPerson=1, mTime=getdate(),owner=dbo.SYS_TRANS_RIGHTS_USERS(',5,') where id=1968;
update PRO_SC_APPLY set mPerson=1, mTime=getdate(),users=',5,',observers=observers+',5,' where id=2;
update dbo.SYS_WF_INSTANCE set mPerson=1, mTime=getdate(),note='fasdfa' where id=1970;
insert into dbo.SYS_WF_INSTANCE (oid,definedNodeID,nodeName,next,pre,ext,type,state,users,roles,owner,parentPath,treeOrder,depth,pid,cPerson) values (107,136,'结束',',0,',1970,'',11,1,',',',',',',',1968,',3,1,1968,1);
update dbo.SYS_WF_INSTANCE set mPerson=1, mTime=getdate(),sons=sons+1 where id=1968;
update dbo.SYS_WF_INSTANCE set mPerson=1, mTime=getdate(),state=0, next='1971' where id=1970;
update dbo.SYS_WF_INSTANCE set mPerson=1, mTime=getdate(),state=-1 where id=1968;
update dbo.SYS_WF_INSTANCE set mPerson=1, mTime=getdate(),owner=dbo.SYS_TRANS_RIGHTS_USERS(',') where id=1968;
update PRO_SC_APPLY set mPerson=1, mTime=getdate(),users=',',observers=observers+',' where id=2;
update PRO_MG set mPerson=1, mTime=getdate(),state=507 where id=2;
update dbo.PRO_MG set mPerson=1, mTime=getdate(),proCode='test002',proType='463',proNature='473',proArea='483',address='test002',customer='test002',contact='test002',proSource='489',acreage=25.87,outPutValue=587,collectTime='2014-01-17 00:00:00',issuedTime='2014-01-31 00:00:00',execDept=499,deadline='2014-01-22 00:00:00',execTeamLeader='test002',bTime='2014-01-07 00:00:00',eTime='2014-01-01',qingZhao='0',note='fasdfasf',state=508 where id=2;
insert into dbo.SYS_WF_INSTANCE (oid,nodeName,owner,cPerson) values (108,'分包结算申请',',2,',1);
insert into dbo.SYS_WF_INSTANCE (oid,definedNodeID,nodeName,next,pre,state,type,owner,note,parentPath,treeOrder,depth,pid,cPerson) values (108,138,'施工科审核工程量',',140,',0,1,10,',2,','',',1972,',1,1,1972,1);
update dbo.SYS_WF_INSTANCE set mPerson=1, mTime=getdate(),sons=sons+1 where id=1972;
insert into dbo.PRO_SC_COST_COUNT (proId,wfId,users,observers,cPerson) values (2,1972,',2,',',2,',1);
insert into PRO_SC_COST (jiSuanId,guiGeId,guanCaiId,luMianId,price,num,note,cost,type,proId,cPerson) values ('521','526','604','711',21,2,'fasdfasf',42,1,'2',1);
update dbo.PRO_MG set mPerson=1, mTime=getdate(),accountWfId=6, users=',2,', observers=observers + ',2,', state=509 where id=2;
insert into PRO_SC_COST (jiSuanId,guiGeId,guanCaiId,luMianId,price,num,note,proId,type,cost,cPerson) values ('521','526','604','711',21,5,'fasdfa','2',1,105,1);
update dbo.PRO_MG set mPerson=1, mTime=getdate(),realCost=realCost+105 where id=2;
update PRO_SC_COST set delFlag=1,mTime=getdate() where id=9;
update dbo.PRO_MG set mPerson=1, mTime=getdate(),realCost=realCost-42 where id=2;
update dbo.SYS_WF_INSTANCE set mPerson=1, mTime=getdate(),note='fasdfasdf' where id=1973;
insert into dbo.SYS_WF_INSTANCE (oid,definedNodeID,nodeName,next,pre,ext,type,state,users,roles,owner,parentPath,treeOrder,depth,pid,cPerson) values (108,140,'结算工程产值和分包费用',',139,',1973,'',12,1,',2,',',',',2,',',1972,',2,1,1972,1);
update dbo.SYS_WF_INSTANCE set mPerson=1, mTime=getdate(),sons=sons+1 where id=1972;
update dbo.SYS_WF_INSTANCE set mPerson=1, mTime=getdate(),state=0, next='1974' where id=1973;
update dbo.SYS_WF_INSTANCE set mPerson=1, mTime=getdate(),owner=dbo.SYS_TRANS_RIGHTS_USERS(',2,') where id=1972;
update PRO_SC_COST_COUNT set mPerson=1, mTime=getdate(),users=',2,',observers=observers+',2,' where id=6;
insert into PRO_SC_COST (jiSuanId,guiGeId,guanCaiId,luMianId,price,num,note,proId,type,cost,cPerson) values ('521','526','604','711',21,2,'fsafsf','2',1,42,1);
update dbo.PRO_MG set mPerson=1, mTime=getdate(),realCost=realCost+42 where id=2;
insert into PRO_SC_COST (jiSuanId,guiGeId,guanCaiId,luMianId,price,num,note,proId,type,cost,cPerson) values ('521','526','604','711',21,2,'fsafsf','2',1,42,1);
update dbo.PRO_MG set mPerson=1, mTime=getdate(),realCost=realCost+42 where id=2;
insert into PRO_SC_COST (jiSuanId,guiGeId,guanCaiId,luMianId,price,num,note,proId,type,cost,cPerson) values ('521','526','604','711',21,2,'fsafsf','2',1,42,1);
update dbo.PRO_MG set mPerson=1, mTime=getdate(),realCost=realCost+42 where id=2;
insert into PRO_SC_COST (jiSuanId,guiGeId,guanCaiId,luMianId,price,num,note,proId,type,cost,cPerson) values ('521','526','604','711',21,2,'fsafsf','2',1,42,1);
update dbo.PRO_MG set mPerson=1, mTime=getdate(),realCost=realCost+42 where id=2;
update PRO_SC_COST set delFlag=1,mTime=getdate() where id=10;
update dbo.PRO_MG set mPerson=1, mTime=getdate(),realCost=realCost-105 where id=2;
update PRO_SC_COST set delFlag=1,mTime=getdate() where id=11;
update dbo.PRO_MG set mPerson=1, mTime=getdate(),realCost=realCost-42 where id=2;
update PRO_SC_COST set delFlag=1,mTime=getdate() where id=12;
update dbo.PRO_MG set mPerson=1, mTime=getdate(),realCost=realCost-42 where id=2;
insert into PRO_SC_COST (jiSuanId,guiGeId,guanCaiId,luMianId,price,num,note,proId,type,cost,cPerson) values ('521','526','604','711',21,2,'fsafsf','2',1,42,1);
update dbo.PRO_MG set mPerson=1, mTime=getdate(),realCost=realCost+42 where id=2;
update PRO_SC_COST set delFlag=1,mTime=getdate() where id=13;
update dbo.PRO_MG set mPerson=1, mTime=getdate(),realCost=realCost-42 where id=2;
update PRO_SC_COST set delFlag=1,mTime=getdate() where id=14;
update dbo.PRO_MG set mPerson=1, mTime=getdate(),realCost=realCost-42 where id=2;
insert into PRO_SC_COST (jiSuanId,guiGeId,guanCaiId,luMianId,price,num,note,proId,type,cost,cPerson) values ('521','526','604','711',21,1,'fsaf','2',1,21,1);
update dbo.PRO_MG set mPerson=1, mTime=getdate(),realCost=realCost+21 where id=2;
insert into PRO_SC_COST (jiSuanId,guiGeId,guanCaiId,luMianId,price,num,note,proId,type,cost,cPerson) values ('521','526','604','711',21,1,'fsaf','2',1,21,1);
update dbo.PRO_MG set mPerson=1, mTime=getdate(),realCost=realCost+21 where id=2;
insert into PRO_SC_COST (jiSuanId,guiGeId,guanCaiId,luMianId,price,num,note,proId,type,cost,cPerson) values ('521','526','604','711',21,1,'fsaf','2',1,21,1);
update dbo.PRO_MG set mPerson=1, mTime=getdate(),realCost=realCost+21 where id=2;
insert into PRO_SC_COST (jiSuanId,guiGeId,guanCaiId,luMianId,price,num,note,proId,type,cost,cPerson) values ('521','526','604','711',21,1,'fsaf','2',1,21,1);
update dbo.PRO_MG set mPerson=1, mTime=getdate(),realCost=realCost+21 where id=2;
update PRO_SC_COST set delFlag=1,mTime=getdate() where id=15;
update dbo.PRO_MG set mPerson=1, mTime=getdate(),realCost=realCost-42 where id=2;
update PRO_SC_COST set delFlag=1,mTime=getdate() where id=16;
update dbo.PRO_MG set mPerson=1, mTime=getdate(),realCost=realCost-21 where id=2;
update PRO_SC_COST set delFlag=1,mTime=getdate() where id=17;
update dbo.PRO_MG set mPerson=1, mTime=getdate(),realCost=realCost-21 where id=2;
update PRO_SC_COST set delFlag=1,mTime=getdate() where id=18;
update dbo.PRO_MG set mPerson=1, mTime=getdate(),realCost=realCost-21 where id=2;
update PRO_SC_COST set delFlag=1,mTime=getdate() where id=19;
update dbo.PRO_MG set mPerson=1, mTime=getdate(),realCost=realCost-21 where id=2;
insert into PRO_SC_COST (jiSuanId,guiGeId,guanCaiId,luMianId,price,num,note,proId,type,cost,cPerson) values ('521','526','604','711',21,2,'fasdfasf','2',1,42,1);
update dbo.PRO_MG set mPerson=1, mTime=getdate(),realCost=realCost+42 where id=2;
insert into PRO_SC_COST (jiSuanId,guiGeId,guanCaiId,luMianId,price,num,note,proId,type,cost,cPerson) values ('521','526','604','711',21,5,'fsadf','2',1,105,1);
update dbo.PRO_MG set mPerson=1, mTime=getdate(),realCost=realCost+105 where id=2;
update PRO_SC_COST set delFlag=1,mTime=getdate() where id=21;
update dbo.PRO_MG set mPerson=1, mTime=getdate(),realCost=realCost-105 where id=2;
insert into PRO_SC_COST (jiSuanId,guiGeId,guanCaiId,luMianId,price,num,note,proId,type,cost,cPerson) values ('521','526','604','711',21,3,'fasdfasd','2',1,63,1);
update dbo.PRO_MG set mPerson=1, mTime=getdate(),realCost=realCost+63 where id=2;
update dbo.SYS_WF_INSTANCE set mPerson=1, mTime=getdate(),note='fasdfsadfasf' where id=1974;
insert into dbo.SYS_WF_INSTANCE (oid,definedNodeID,nodeName,next,pre,ext,type,state,users,roles,owner,parentPath,treeOrder,depth,pid,cPerson) values (108,139,'结束',',0,',1974,'',11,1,',',',',',',',1972,',3,1,1972,1);
update dbo.SYS_WF_INSTANCE set mPerson=1, mTime=getdate(),sons=sons+1 where id=1972;
update dbo.SYS_WF_INSTANCE set mPerson=1, mTime=getdate(),state=0, next='1975' where id=1974;
update dbo.SYS_WF_INSTANCE set mPerson=1, mTime=getdate(),state=-1 where id=1972;
update dbo.SYS_WF_INSTANCE set mPerson=1, mTime=getdate(),owner=dbo.SYS_TRANS_RIGHTS_USERS(',') where id=1972;
update PRO_SC_COST_COUNT set mPerson=1, mTime=getdate(),users=',',observers=observers+',' where id=6;
update PRO_MG set mPerson=1, mTime=getdate(),state=510 where id=2;
insert into dbo.PRO_MG (proCode,proType,proNature,proArea,address,customer,contact,proSource,acreage,outPutValue,collectTime,issuedTime,execDept,deadline,qingZhao,note,users,observers,cPerson) values ('test003','457','475','482','test003','test003','test003','489',25.87,214,'2014-01-08','2014-01-22',499,'2014-01-31','','',',20,22,',',20,22,',1);
insert into PRO_SC_COST (jiSuanId,guanCaiId,guiGeId,num,note,proId,type,cPerson) values ('623','629','635','243','fasdfsa',3,0,1);
update dbo.PRO_MG set mPerson=1, mTime=getdate(),planCost=100 where id=3;
insert into dbo.SYS_WF_INSTANCE (oid,nodeName,owner,cPerson) values (107,'分包申请',',16,',1);
insert into dbo.SYS_WF_INSTANCE (oid,definedNodeID,nodeName,next,pre,state,type,owner,note,parentPath,treeOrder,depth,pid,cPerson) values (107,135,'施工科科长审核',',137,',0,1,10,',16,','',',1976,',1,1,1976,1);
update dbo.SYS_WF_INSTANCE set mPerson=1, mTime=getdate(),sons=sons+1 where id=1976;
insert into dbo.PRO_SC_APPLY (proId,wfId,companyId,cPerson) values (3,1976,8,1);
update dbo.PRO_SC_APPLY set mPerson=1, mTime=getdate(),users=',16,',observers=observers+',16,' where id=3;
update dbo.PRO_MG set mPerson=1, mTime=getdate(),proCode='test003',proType='457',proNature='475',proArea='482',address='test003',customer='test003',contact='test003',proSource='489',acreage=25.87,outPutValue=214,collectTime='2014-01-08 00:00:00',issuedTime='2014-01-22 00:00:00',execDept=499,execTeam='8',deadline='2014-01-31 00:00:00',execTeamLeader='test003',bTime='2014-01-15',qingZhao='0',note='',wfId=1976,users=',',observers=observers+',16,' where id=3;
update dbo.SYS_WF_INSTANCE set mPerson=1, mTime=getdate(),note='fasdf' where id=1977;
insert into dbo.SYS_WF_INSTANCE (oid,definedNodeID,nodeName,next,pre,ext,type,state,users,roles,owner,parentPath,treeOrder,depth,pid,cPerson) values (107,137,'副经理批准',',136,',1977,'',12,1,',5,',',',',5,',',1976,',2,1,1976,1);
update dbo.SYS_WF_INSTANCE set mPerson=1, mTime=getdate(),sons=sons+1 where id=1976;
update dbo.SYS_WF_INSTANCE set mPerson=1, mTime=getdate(),state=0, next='1978' where id=1977;
update dbo.SYS_WF_INSTANCE set mPerson=1, mTime=getdate(),owner=dbo.SYS_TRANS_RIGHTS_USERS(',5,') where id=1976;
update PRO_SC_APPLY set mPerson=1, mTime=getdate(),users=',5,',observers=observers+',5,' where id=3;
update dbo.SYS_WF_INSTANCE set mPerson=1, mTime=getdate(),note='fasdfasdf' where id=1978;
insert into dbo.SYS_WF_INSTANCE (oid,definedNodeID,nodeName,next,pre,ext,type,state,users,roles,owner,parentPath,treeOrder,depth,pid,cPerson) values (107,136,'结束',',0,',1978,'',11,1,',',',',',',',1976,',3,1,1976,1);
update dbo.SYS_WF_INSTANCE set mPerson=1, mTime=getdate(),sons=sons+1 where id=1976;
update dbo.SYS_WF_INSTANCE set mPerson=1, mTime=getdate(),state=0, next='1979' where id=1978;
update dbo.SYS_WF_INSTANCE set mPerson=1, mTime=getdate(),state=-1 where id=1976;
update dbo.SYS_WF_INSTANCE set mPerson=1, mTime=getdate(),owner=dbo.SYS_TRANS_RIGHTS_USERS(',') where id=1976;
update PRO_SC_APPLY set mPerson=1, mTime=getdate(),users=',',observers=observers+',' where id=3;
update PRO_MG set mPerson=1, mTime=getdate(),state=507 where id=3;
update dbo.PRO_MG set mPerson=1, mTime=getdate(),proCode='test003',proType='457',proNature='475',proArea='482',address='test003',customer='test003',contact='test003',proSource='489',acreage=25.87,outPutValue=214,collectTime='2014-01-08 00:00:00',issuedTime='2014-01-22 00:00:00',execDept=499,deadline='2014-01-31 00:00:00',execTeamLeader='test003',bTime='2014-01-15 00:00:00',shuiTestTime='2014-01-16',xiaoDuTime='2014-01-24',eTime='2014-01-30',qingZhao='0',note='',state=508 where id=3;
insert into dbo.SYS_WF_INSTANCE (oid,nodeName,owner,cPerson) values (108,'分包结算申请',',2,',1);
insert into dbo.SYS_WF_INSTANCE (oid,definedNodeID,nodeName,next,pre,state,type,owner,note,parentPath,treeOrder,depth,pid,cPerson) values (108,138,'施工科审核工程量',',140,',0,1,10,',2,','',',1980,',1,1,1980,1);
update dbo.SYS_WF_INSTANCE set mPerson=1, mTime=getdate(),sons=sons+1 where id=1980;
insert into dbo.PRO_SC_COST_COUNT (proId,wfId,users,observers,cPerson) values (3,1980,',2,',',2,',1);
insert into PRO_SC_COST (jiSuanId,guiGeId,guanCaiId,luMianId,price,num,note,cost,type,proId,cPerson) values ('521','526','604','711',21,12,'fasdf',252,1,'3',1);
insert into PRO_SC_COST (jiSuanId,guiGeId,guanCaiId,luMianId,price,num,note,cost,type,proId,cPerson) values ('521','526','604','711',21,1,'',21,1,'3',1);
update dbo.PRO_MG set mPerson=1, mTime=getdate(),accountWfId=7, users=',2,', observers=observers + ',2,', state=509 where id=3;
update PRO_SC_COST set delFlag=1,mTime=getdate() where id=25;
update dbo.PRO_MG set mPerson=1, mTime=getdate(),realCost=realCost-21 where id=3;
update dbo.SYS_WF_INSTANCE set mPerson=1, mTime=getdate(),note='fasdfasdf' where id=1981;
insert into dbo.SYS_WF_INSTANCE (oid,definedNodeID,nodeName,next,pre,ext,type,state,users,roles,owner,parentPath,treeOrder,depth,pid,cPerson) values (108,140,'结算工程产值和分包费用',',139,',1981,'',12,1,',2,',',',',2,',',1980,',2,1,1980,1);
update dbo.SYS_WF_INSTANCE set mPerson=1, mTime=getdate(),sons=sons+1 where id=1980;
update dbo.SYS_WF_INSTANCE set mPerson=1, mTime=getdate(),state=0, next='1982' where id=1981;
update dbo.SYS_WF_INSTANCE set mPerson=1, mTime=getdate(),owner=dbo.SYS_TRANS_RIGHTS_USERS(',2,') where id=1980;
update PRO_SC_COST_COUNT set mPerson=1, mTime=getdate(),users=',2,',observers=observers+',2,' where id=7;
insert into dbo.PRO_MG (proCode,proType,proNature,proArea,address,customer,contact,proSource,acreage,outPutValue,collectTime,issuedTime,execDept,deadline,qingZhao,note,users,observers,cPerson) values ('test004','457','473','482','test004','test004','test004','491',21,5,'2014-01-06','2014-01-22',499,'2014-01-16','','',',20,22,',',20,22,',2);
insert into PRO_SC_COST (jiSuanId,guanCaiId,guiGeId,num,note,proId,type,cPerson) values ('623','630','635','213','fasdfas',4,0,2);
update dbo.PRO_MG set mPerson=2, mTime=getdate(),planCost=100 where id=4;
insert into dbo.SYS_WF_INSTANCE (oid,nodeName,owner,cPerson) values (107,'分包申请',',16,',1);
insert into dbo.SYS_WF_INSTANCE (oid,definedNodeID,nodeName,next,pre,state,type,owner,note,parentPath,treeOrder,depth,pid,cPerson) values (107,135,'施工科科长审核',',137,',0,1,10,',16,','',',1983,',1,1,1983,1);
update dbo.SYS_WF_INSTANCE set mPerson=1, mTime=getdate(),sons=sons+1 where id=1983;
insert into dbo.PRO_SC_APPLY (proId,wfId,companyId,cPerson) values (4,1983,7,1);
update dbo.PRO_SC_APPLY set mPerson=1, mTime=getdate(),users=',16,',observers=observers+',16,' where id=4;
update dbo.PRO_MG set mPerson=1, mTime=getdate(),proCode='test004',proType='457',proNature='473',proArea='482',address='test004',customer='test004',contact='test004',proSource='491',acreage=21,outPutValue=5,collectTime='2014-01-06 00:00:00',issuedTime='2014-01-22 00:00:00',execDept=499,execTeam='7',deadline='2014-01-16 00:00:00',execTeamLeader='test004',bTime='2014-01-14',qingZhao='0',note='',wfId=1983,users=',',observers=observers+',16,' where id=4;
update dbo.SYS_WF_INSTANCE set mPerson=1, mTime=getdate(),note='fasfdas' where id=1984;
insert into dbo.SYS_WF_INSTANCE (oid,definedNodeID,nodeName,next,pre,ext,type,state,users,roles,owner,parentPath,treeOrder,depth,pid,cPerson) values (107,137,'副经理批准',',136,',1984,'',12,1,',5,',',',',5,',',1983,',2,1,1983,1);
update dbo.SYS_WF_INSTANCE set mPerson=1, mTime=getdate(),sons=sons+1 where id=1983;
update dbo.SYS_WF_INSTANCE set mPerson=1, mTime=getdate(),state=0, next='1985' where id=1984;
update dbo.SYS_WF_INSTANCE set mPerson=1, mTime=getdate(),owner=dbo.SYS_TRANS_RIGHTS_USERS(',5,') where id=1983;
update PRO_SC_APPLY set mPerson=1, mTime=getdate(),users=',5,',observers=observers+',5,' where id=4;
