update SYS_CM_FN_TREE set mPerson=1, mTime=getdate(),nodeName='工程报表' where id=97;
update SYS_CM_FN_TREE set mPerson=1, mTime=getdate(),url='' where id=97;
insert into dbo.PRO_MG (proCode,proType,proNature,proArea,address,customer,contact,proSource,acreage,outPutValue,collectTime,issuedTime,execDept,deadline,qingZhao,note,users,observers,cPerson) values ('test001','457','473','482','test001','test001','test001','489',24.87,548,'2014-01-22','2014-01-30',499,'2014-01-16','','',',20,22,',',20,22,',1);
insert into SYS_CM_GLOBAL_TABLE (pid,nodeName,parentPath,treeOrder,depth,cPerson) values ('519','工程设计量',',1,5,519,',2,3,1);
update SYS_CM_GLOBAL_TABLE set mPerson=1, mTime=getdate(),sons=sons+1 where id=519;
insert into SYS_CM_GLOBAL_TABLE (nodeName,parentPath,treeOrder,depth,pid,cPerson) values ('项目',',1,5,519,619,',1,4,619,1);
update SYS_CM_GLOBAL_TABLE set mPerson=1, mTime=getdate(),sons=sons+1 where id=619;
insert into SYS_CM_GLOBAL_TABLE (nodeName,parentPath,treeOrder,depth,pid,cPerson) values ('管材',',1,5,519,619,',2,4,619,1);
update SYS_CM_GLOBAL_TABLE set mPerson=1, mTime=getdate(),sons=sons+1 where id=619;
insert into SYS_CM_GLOBAL_TABLE (nodeName,parentPath,treeOrder,depth,pid,cPerson) values ('口径',',1,5,519,619,',3,4,619,1);
update SYS_CM_GLOBAL_TABLE set mPerson=1, mTime=getdate(),sons=sons+1 where id=619;
insert into SYS_CM_GLOBAL_TABLE (nodeName,parentPath,treeOrder,depth,pid,cPerson) values ('排管',',1,5,519,619,620,',1,5,620,1);
update SYS_CM_GLOBAL_TABLE set mPerson=1, mTime=getdate(),sons=sons+1 where id=620;
insert into SYS_CM_GLOBAL_TABLE (nodeName,parentPath,treeOrder,depth,pid,cPerson) values ('安装水表',',1,5,519,619,620,',2,5,620,1);
update SYS_CM_GLOBAL_TABLE set mPerson=1, mTime=getdate(),sons=sons+1 where id=620;
insert into SYS_CM_GLOBAL_TABLE (nodeName,parentPath,treeOrder,depth,pid,cPerson) values ('桥管',',1,5,519,619,620,',3,5,620,1);
update SYS_CM_GLOBAL_TABLE set mPerson=1, mTime=getdate(),sons=sons+1 where id=620;
insert into SYS_CM_GLOBAL_TABLE (nodeName,parentPath,treeOrder,depth,pid,cPerson) values ('定向钻管',',1,5,519,619,620,',4,5,620,1);
update SYS_CM_GLOBAL_TABLE set mPerson=1, mTime=getdate(),sons=sons+1 where id=620;
insert into SYS_CM_GLOBAL_TABLE (nodeName,parentPath,treeOrder,depth,pid,cPerson) values ('顶管',',1,5,519,619,620,',5,5,620,1);
update SYS_CM_GLOBAL_TABLE set mPerson=1, mTime=getdate(),sons=sons+1 where id=620;
insert into SYS_CM_GLOBAL_TABLE (nodeName,parentPath,treeOrder,depth,pid,cPerson) values ('其他',',1,5,519,619,620,',6,5,620,1);
update SYS_CM_GLOBAL_TABLE set mPerson=1, mTime=getdate(),sons=sons+1 where id=620;
insert into SYS_CM_GLOBAL_TABLE (nodeName,parentPath,treeOrder,depth,pid,cPerson) values ('白铁管',',1,5,519,619,621,',1,5,621,1);
update SYS_CM_GLOBAL_TABLE set mPerson=1, mTime=getdate(),sons=sons+1 where id=621;
insert into SYS_CM_GLOBAL_TABLE (nodeName,parentPath,treeOrder,depth,pid,cPerson) values ('PE管',',1,5,519,619,621,',2,5,621,1);
update SYS_CM_GLOBAL_TABLE set mPerson=1, mTime=getdate(),sons=sons+1 where id=621;
insert into SYS_CM_GLOBAL_TABLE (nodeName,parentPath,treeOrder,depth,pid,cPerson) values ('球墨铸铁管',',1,5,519,619,621,',3,5,621,1);
update SYS_CM_GLOBAL_TABLE set mPerson=1, mTime=getdate(),sons=sons+1 where id=621;
insert into SYS_CM_GLOBAL_TABLE (nodeName,parentPath,treeOrder,depth,pid,cPerson) values ('钢管',',1,5,519,619,621,',4,5,621,1);
update SYS_CM_GLOBAL_TABLE set mPerson=1, mTime=getdate(),sons=sons+1 where id=621;
insert into SYS_CM_GLOBAL_TABLE (nodeName,parentPath,treeOrder,depth,pid,cPerson) values ('其他',',1,5,519,619,621,',5,5,621,1);
update SYS_CM_GLOBAL_TABLE set mPerson=1, mTime=getdate(),sons=sons+1 where id=621;
insert into SYS_CM_GLOBAL_TABLE (nodeName,parentPath,treeOrder,depth,pid,cPerson) values ('DN13',',1,5,519,619,622,',1,5,622,1);
update SYS_CM_GLOBAL_TABLE set mPerson=1, mTime=getdate(),sons=sons+1 where id=622;
insert into SYS_CM_GLOBAL_TABLE (nodeName,parentPath,treeOrder,depth,pid,cPerson) values ('DN20',',1,5,519,619,622,',2,5,622,1);
update SYS_CM_GLOBAL_TABLE set mPerson=1, mTime=getdate(),sons=sons+1 where id=622;
insert into SYS_CM_GLOBAL_TABLE (nodeName,parentPath,treeOrder,depth,pid,cPerson) values ('DN25',',1,5,519,619,622,',3,5,622,1);
update SYS_CM_GLOBAL_TABLE set mPerson=1, mTime=getdate(),sons=sons+1 where id=622;
insert into SYS_CM_GLOBAL_TABLE (nodeName,parentPath,treeOrder,depth,pid,cPerson) values ('DN40',',1,5,519,619,622,',4,5,622,1);
update SYS_CM_GLOBAL_TABLE set mPerson=1, mTime=getdate(),sons=sons+1 where id=622;
insert into SYS_CM_GLOBAL_TABLE (nodeName,parentPath,treeOrder,depth,pid,cPerson) values ('DN50',',1,5,519,619,622,',5,5,622,1);
update SYS_CM_GLOBAL_TABLE set mPerson=1, mTime=getdate(),sons=sons+1 where id=622;
insert into SYS_CM_GLOBAL_TABLE (nodeName,parentPath,treeOrder,depth,pid,cPerson) values ('DN100',',1,5,519,619,622,',6,5,622,1);
update SYS_CM_GLOBAL_TABLE set mPerson=1, mTime=getdate(),sons=sons+1 where id=622;
insert into SYS_CM_GLOBAL_TABLE (nodeName,parentPath,treeOrder,depth,pid,cPerson) values ('DN150',',1,5,519,619,622,',7,5,622,1);
update SYS_CM_GLOBAL_TABLE set mPerson=1, mTime=getdate(),sons=sons+1 where id=622;
insert into SYS_CM_GLOBAL_TABLE (nodeName,parentPath,treeOrder,depth,pid,cPerson) values ('DN200',',1,5,519,619,622,',8,5,622,1);
update SYS_CM_GLOBAL_TABLE set mPerson=1, mTime=getdate(),sons=sons+1 where id=622;
insert into SYS_CM_GLOBAL_TABLE (nodeName,parentPath,treeOrder,depth,pid,cPerson) values ('DN300',',1,5,519,619,622,',9,5,622,1);
update SYS_CM_GLOBAL_TABLE set mPerson=1, mTime=getdate(),sons=sons+1 where id=622;
insert into SYS_CM_GLOBAL_TABLE (nodeName,parentPath,treeOrder,depth,pid,cPerson) values ('DN500',',1,5,519,619,622,',10,5,622,1);
update SYS_CM_GLOBAL_TABLE set mPerson=1, mTime=getdate(),sons=sons+1 where id=622;
insert into SYS_CM_GLOBAL_TABLE (nodeName,parentPath,treeOrder,depth,pid,cPerson) values ('DN600',',1,5,519,619,622,',11,5,622,1);
update SYS_CM_GLOBAL_TABLE set mPerson=1, mTime=getdate(),sons=sons+1 where id=622;
insert into SYS_CM_GLOBAL_TABLE (nodeName,parentPath,treeOrder,depth,pid,cPerson) values ('DN700',',1,5,519,619,622,',12,5,622,1);
update SYS_CM_GLOBAL_TABLE set mPerson=1, mTime=getdate(),sons=sons+1 where id=622;
insert into SYS_CM_GLOBAL_TABLE (nodeName,parentPath,treeOrder,depth,pid,cPerson) values ('DN800',',1,5,519,619,622,',13,5,622,1);
update SYS_CM_GLOBAL_TABLE set mPerson=1, mTime=getdate(),sons=sons+1 where id=622;
insert into SYS_CM_GLOBAL_TABLE (nodeName,parentPath,treeOrder,depth,pid,cPerson) values ('DN900',',1,5,519,619,622,',14,5,622,1);
update SYS_CM_GLOBAL_TABLE set mPerson=1, mTime=getdate(),sons=sons+1 where id=622;
insert into SYS_CM_GLOBAL_TABLE (nodeName,parentPath,treeOrder,depth,pid,cPerson) values ('DN1000',',1,5,519,619,622,',15,5,622,1);
update SYS_CM_GLOBAL_TABLE set mPerson=1, mTime=getdate(),sons=sons+1 where id=622;
insert into SYS_CM_GLOBAL_TABLE (nodeName,parentPath,treeOrder,depth,pid,cPerson) values ('DN1200',',1,5,519,619,622,',16,5,622,1);
update SYS_CM_GLOBAL_TABLE set mPerson=1, mTime=getdate(),sons=sons+1 where id=622;
insert into SYS_CM_GLOBAL_TABLE (nodeName,parentPath,treeOrder,depth,pid,cPerson) values ('其他',',1,5,519,619,622,',17,5,622,1);
update SYS_CM_GLOBAL_TABLE set mPerson=1, mTime=getdate(),sons=sons+1 where id=622;
insert into PRO_SC_COST (jiSuanId,guanCaiId,guiGeId,num,note,proId,type,cPerson) values ('623','629','634','1','test',1,0,1);
insert into PRO_SC_COST (jiSuanId,guanCaiId,guiGeId,num,note,proId,type,cPerson) values ('624','631','636','5','fasdf',1,0,1);
update dbo.PRO_MG set mPerson=1, mTime=getdate(),planCost=100 where id=1;
insert into SYS_CM_FILES (nodeName,sysName,extName,origName,catelog,size,type,parentPath,treeOrder,depth,pid,cPerson) values ('images.jpg','2014011511480714325','jpg','images','test',11534,1,',1,4,',98,2,4,1);
update SYS_CM_FILES set mPerson=1, mTime=getdate(),sons=sons+1 where id=4;
update PRO_MG set mPerson=1, mTime=getdate(),link=link+'169,' where id=1;
insert into dbo.SYS_WF_INSTANCE (oid,nodeName,owner,cPerson) values (107,'分包申请',',16,',1);
insert into dbo.SYS_WF_INSTANCE (oid,definedNodeID,nodeName,next,pre,state,type,owner,note,parentPath,treeOrder,depth,pid,cPerson) values (107,135,'施工科科长审核',',137,',0,1,10,',16,','',',1952,',1,1,1952,1);
update dbo.SYS_WF_INSTANCE set mPerson=1, mTime=getdate(),sons=sons+1 where id=1952;
insert into dbo.PRO_SC_APPLY (proId,wfId,companyId,cPerson) values (1,1952,11,1);
update dbo.PRO_SC_APPLY set mPerson=1, mTime=getdate(),users=',16,',observers=observers+',16,' where id=1;
update dbo.PRO_MG set mPerson=1, mTime=getdate(),proCode='test001',execTeam='11',execTeamLeader='test001负责人',bTime='2014-01-31',wfId=1952,users=',',observers=observers+',16,' where id=1;
update dbo.SYS_WF_INSTANCE set mPerson=1, mTime=getdate(),note='很好哦 ' where id=1953;
insert into dbo.SYS_WF_INSTANCE (oid,definedNodeID,nodeName,next,pre,ext,type,state,users,roles,owner,parentPath,treeOrder,depth,pid,cPerson) values (107,137,'副经理批准',',136,',1953,'',12,1,',5,',',',',5,',',1952,',2,1,1952,1);
update dbo.SYS_WF_INSTANCE set mPerson=1, mTime=getdate(),sons=sons+1 where id=1952;
update dbo.SYS_WF_INSTANCE set mPerson=1, mTime=getdate(),state=0, next='1954' where id=1953;
update dbo.SYS_WF_INSTANCE set mPerson=1, mTime=getdate(),owner=dbo.SYS_TRANS_RIGHTS_USERS(',5,') where id=1952;
update PRO_SC_APPLY set mPerson=1, mTime=getdate(),users=',5,',observers=observers+',5,' where id=1;
update dbo.SYS_WF_INSTANCE set mPerson=1, mTime=getdate(),note='确认' where id=1954;
insert into dbo.SYS_WF_INSTANCE (oid,definedNodeID,nodeName,next,pre,ext,type,state,users,roles,owner,parentPath,treeOrder,depth,pid,cPerson) values (107,136,'结束',',0,',1954,'',11,1,',',',',',',',1952,',3,1,1952,1);
update dbo.SYS_WF_INSTANCE set mPerson=1, mTime=getdate(),sons=sons+1 where id=1952;
update dbo.SYS_WF_INSTANCE set mPerson=1, mTime=getdate(),state=0, next='1955' where id=1954;
update dbo.SYS_WF_INSTANCE set mPerson=1, mTime=getdate(),state=-1 where id=1952;
update dbo.SYS_WF_INSTANCE set mPerson=1, mTime=getdate(),owner=dbo.SYS_TRANS_RIGHTS_USERS(',') where id=1952;
update PRO_SC_APPLY set mPerson=1, mTime=getdate(),users=',',observers=observers+',' where id=1;
update PRO_MG set mPerson=1, mTime=getdate(),state=507 where id=1;
