insert into dbo.SYS_WF_INSTANCE (oid,nodeName,owner,cPerson) values (107,'测试',',67,',2);
insert into dbo.SYS_WF_INSTANCE (oid,definedNodeID,nodeName,next,pre,state,type,owner,note,parentPath,treeOrder,depth,pid,cPerson) values (107,153,'预算合同科发起会签',',155,',0,1,10,',67,','',',2018,',1,1,2018,2);
insert into dbo.SYS_WF_INSTANCE (oid,definedNodeID,nodeName,next,pre,ext,type,state,users,roles,owner,parentPath,treeOrder,depth,pid,cPerson) values (107,155,'参与人会签',',154,',2019,'',13,1,',',',',',67,',',2018,',2,1,2018,67);
insert into dbo.SYS_WF_INSTANCE (state,nodeName,owner,users,parentPath,treeOrder,depth,pid,cPerson) values (100,'67',',67,',',67,',',2018,2020,',1,2,2020,67);
insert into U_EMAIL_67 (nodeName, content, type,cPerson) values ('Meeko系统提醒','系统有任务等您处理，谢谢',1,67);
insert into dbo.SYS_WF_INSTANCE (oid,nodeName,owner,cPerson) values (107,'测试',',67,',67);
insert into dbo.SYS_WF_INSTANCE (oid,definedNodeID,nodeName,next,pre,state,type,owner,note,parentPath,treeOrder,depth,pid,cPerson) values (107,153,'预算合同科发起会签',',155,',0,1,10,',67,','',',2022,',1,1,2022,67);
insert into dbo.SYS_WF_INSTANCE (oid,definedNodeID,nodeName,next,pre,ext,type,state,users,roles,owner,parentPath,treeOrder,depth,pid,cPerson) values (107,155,'参与人会签',',154,',2023,'',13,1,',',',',',13,',',2022,',2,1,2022,67);
insert into dbo.SYS_WF_INSTANCE (state,nodeName,owner,users,parentPath,treeOrder,depth,pid,cPerson) values (100,'13',',13,',',13,',',2022,2024,',1,2,2024,67);
insert into U_EMAIL_13 (nodeName, content, type,cPerson) values ('Meeko系统提醒','系统有任务等您处理，谢谢',1,67);
insert into dbo.SYS_WF_INSTANCE (oid,definedNodeID,nodeName,next,pre,ext,type,state,users,roles,owner,parentPath,treeOrder,depth,pid,cPerson) values (107,154,'会签结束',',0,',2024,'',11,1,',',',',',',',2022,',3,1,2022,13);
insert into dbo.PRO_MG (proCode,proType,proNature,proArea,address,customer,contact,proSource,acreage,outPutValue,collectTime,issuedTime,deadline,qingZhao,note,users,roles,observers,cPerson) values ('施工项目测试一001','457','476','482','上海市黄浦区小南门白堤路145号','王先生','13787659087','492',80.88,85000,'2015-05-31','2015-06-01','2015-07-31','9','这个项目时间只有一个月【※]时间比较紧急【※]请抓紧时间进行投票看是否要做。',',',',48,',',',67);
insert into SYS_CM_FILES (nodeName,sysName,extName,origName,catelog,size,type,parentPath,treeOrder,depth,pid,cPerson) values ('关于第一期施工工程详情.doc','2015053110394218921','doc','关于第一期施工工程详情','test',8704,1,',1,4,',100,2,4,27);
insert into dbo.SYS_WF_INSTANCE (oid,nodeName,owner,cPerson) values (107,'施工队伍审核会签',',27,67,',67);
insert into dbo.SYS_WF_INSTANCE (oid,definedNodeID,nodeName,next,pre,state,type,owner,note,parentPath,treeOrder,depth,pid,cPerson) values (107,153,'预算合同科发起会签',',155,',0,1,10,',27,67,','',',2027,',1,1,2027,67);
insert into PRO_SC_COST (jiSuanId,guanCaiId,guiGeId,num,note,proId,type,cPerson) values ('624','631','636',87,'',1,0,67);
insert into PRO_SC_COST (jiSuanId,guanCaiId,guiGeId,num,note,proId,type,cPerson) values ('623','630','635',28,'',1,0,67);
insert into dbo.SYS_WF_INSTANCE (oid,definedNodeID,nodeName,next,pre,ext,type,state,users,roles,owner,parentPath,treeOrder,depth,pid,cPerson) values (107,155,'参与人会签',',154,',2028,'',13,1,',',',',',13,63,',',2027,',2,1,2027,67);
insert into dbo.SYS_WF_INSTANCE (state,nodeName,owner,users,parentPath,treeOrder,depth,pid,cPerson) values (100,'13',',13,',',13,',',2027,2029,',1,2,2029,67);
insert into dbo.SYS_WF_INSTANCE (state,nodeName,owner,users,parentPath,treeOrder,depth,pid,cPerson) values (100,'63',',63,',',63,',',2027,2029,',2,2,2029,67);
insert into U_EMAIL_13 (nodeName, content, type,cPerson) values ('Meeko系统提醒','系统有任务等您处理，谢谢',1,67);
insert into U_EMAIL_63 (nodeName, content, type,cPerson) values ('Meeko系统提醒','系统有任务等您处理，谢谢',1,67);
insert into dbo.PRO_MG (proCode,proType,proNature,proArea,address,customer,contact,proSource,acreage,outPutValue,collectTime,issuedTime,deadline,qingZhao,note,users,roles,observers,cPerson) values ('施工项目002','464','477','485','徐汇区天钥桥路140号','王先生','13987802330','491',58,96000,'2015-05-12','2015-05-26','2015-05-30','9','就三天的工程',',',',48,',',',27);
insert into dbo.SYS_WF_INSTANCE (oid,nodeName,owner,cPerson) values (107,'施工队伍审核会签',',27,67,',27);
insert into dbo.SYS_WF_INSTANCE (oid,definedNodeID,nodeName,next,pre,state,type,owner,note,parentPath,treeOrder,depth,pid,cPerson) values (107,153,'预算合同科发起会签',',155,',0,1,10,',27,67,','',',2032,',1,1,2032,27);
insert into PRO_SC_COST (jiSuanId,guanCaiId,guiGeId,num,note,proId,type,cPerson) values ('625','630','636',32,'这个有点特殊的材料',2,0,27);
insert into PRO_SC_COST (jiSuanId,guanCaiId,guiGeId,num,note,proId,type,cPerson) values ('626','631','637',32,'测试数据',2,0,27);
insert into PRO_SC_COST (jiSuanId,guanCaiId,guiGeId,num,note,proId,type,cPerson) values ('624','633','637',52,'测试数据2',2,0,27);
insert into dbo.SYS_WF_INSTANCE (oid,definedNodeID,nodeName,next,pre,ext,type,state,users,roles,owner,parentPath,treeOrder,depth,pid,cPerson) values (107,155,'参与人会签',',154,',2033,'',13,1,',',',',',13,30,',',2032,',2,1,2032,27);
insert into dbo.SYS_WF_INSTANCE (state,nodeName,owner,users,parentPath,treeOrder,depth,pid,cPerson) values (100,'13',',13,',',13,',',2032,2034,',1,2,2034,27);
insert into dbo.SYS_WF_INSTANCE (state,nodeName,owner,users,parentPath,treeOrder,depth,pid,cPerson) values (100,'30',',30,',',30,',',2032,2034,',2,2,2034,27);
insert into U_EMAIL_13 (nodeName, content, type,cPerson) values ('Meeko系统提醒','系统有任务等您处理，谢谢',1,27);
insert into U_EMAIL_30 (nodeName, content, type,cPerson) values ('Meeko系统提醒','系统有任务等您处理，谢谢',1,27);
insert into dbo.SYS_WF_INSTANCE (oid,definedNodeID,nodeName,next,pre,ext,type,state,users,roles,owner,parentPath,treeOrder,depth,pid,cPerson) values (107,154,'会签结束',',0,',2034,'',11,1,',',',',',',',2032,',3,1,2032,30);
insert into dbo.SYS_WF_INSTANCE (oid,definedNodeID,nodeName,next,pre,ext,type,state,users,roles,owner,parentPath,treeOrder,depth,pid,cPerson) values (107,154,'会签结束',',0,',2029,'',11,1,',',',',',',',2027,',3,1,2027,63);
insert into dbo.SYS_WF_INSTANCE (oid,nodeName,owner,cPerson) values (107,'施工合同会签',',27,67,',63);
insert into dbo.SYS_WF_INSTANCE (oid,definedNodeID,nodeName,next,pre,state,type,owner,note,parentPath,treeOrder,depth,pid,cPerson) values (107,153,'预算合同科发起会签',',155,',0,1,10,',27,67,','',',2039,',1,1,2039,63);
insert into dbo.SYS_WF_INSTANCE (oid,definedNodeID,nodeName,next,pre,ext,type,state,users,roles,owner,parentPath,treeOrder,depth,pid,cPerson) values (107,155,'参与人会签',',154,',2040,'',13,1,',',',',',13,63,',',2039,',2,1,2039,67);
insert into dbo.SYS_WF_INSTANCE (state,nodeName,owner,users,parentPath,treeOrder,depth,pid,cPerson) values (100,'13',',13,',',13,',',2039,2041,',1,2,2041,67);
insert into dbo.SYS_WF_INSTANCE (state,nodeName,owner,users,parentPath,treeOrder,depth,pid,cPerson) values (100,'63',',63,',',63,',',2039,2041,',2,2,2041,67);
insert into U_EMAIL_13 (nodeName, content, type,cPerson) values ('Meeko系统提醒','系统有任务等您处理，谢谢',1,67);
insert into U_EMAIL_63 (nodeName, content, type,cPerson) values ('Meeko系统提醒','系统有任务等您处理，谢谢',1,67);
insert into SYS_CM_FILES (nodeName,sysName,extName,origName,catelog,size,type,parentPath,treeOrder,depth,pid,cPerson) values ('登录界面.jpg','2015053103481819666','jpg','登录界面','test',1022520,1,',1,4,',101,2,4,2);
insert into dbo.SYS_WF_INSTANCE (oid,definedNodeID,nodeName,next,pre,ext,type,state,users,roles,owner,parentPath,treeOrder,depth,pid,cPerson) values (107,154,'会签结束',',0,',2041,'',11,1,',',',',',',',2039,',3,1,2039,63);
insert into dbo.PRO_MG (proCode,proType,proNature,proArea,address,customer,contact,proSource,acreage,outPutValue,collectTime,issuedTime,deadline,qingZhao,note,users,roles,observers,cPerson) values ('测试项目001','458','474','485','上海市徐汇区天钥桥路100号','王先生','15698099870','492',58,96000,'2015-05-13','2015-05-14','2015-05-21','9','test',',',',48,',',',67);
insert into SYS_CM_FILES (nodeName,sysName,extName,origName,catelog,size,type,parentPath,treeOrder,depth,pid,cPerson) values ('关于第一期施工工程详情.doc','2015053104570812442','doc','关于第一期施工工程详情','test',8704,1,',1,4,',102,2,4,67);
insert into dbo.SYS_WF_INSTANCE (oid,nodeName,owner,cPerson) values (107,'施工队伍审核会签',',27,67,',67);
insert into dbo.SYS_WF_INSTANCE (oid,definedNodeID,nodeName,next,pre,state,type,owner,note,parentPath,treeOrder,depth,pid,cPerson) values (107,153,'预算合同科发起会签',',155,',0,1,10,',27,67,','',',2045,',1,1,2045,67);
insert into PRO_SC_COST (jiSuanId,guanCaiId,guiGeId,num,note,proId,type,cPerson) values ('623','630','635',35,'排管01',1,0,67);
insert into PRO_SC_COST (jiSuanId,guanCaiId,guiGeId,num,note,proId,type,cPerson) values ('624','630','635',54,'水表',1,0,67);
insert into dbo.SYS_WF_INSTANCE (oid,definedNodeID,nodeName,next,pre,ext,type,state,users,roles,owner,parentPath,treeOrder,depth,pid,cPerson) values (107,155,'参与人会签',',154,',2046,'',13,1,',',',',',13,63,',',2045,',2,1,2045,67);
insert into dbo.SYS_WF_INSTANCE (state,nodeName,owner,users,parentPath,treeOrder,depth,pid,cPerson) values (100,'13',',13,',',13,',',2045,2047,',1,2,2047,67);
insert into dbo.SYS_WF_INSTANCE (state,nodeName,owner,users,parentPath,treeOrder,depth,pid,cPerson) values (100,'63',',63,',',63,',',2045,2047,',2,2,2047,67);
insert into U_EMAIL_13 (nodeName, content, type,cPerson) values ('Meeko系统提醒','系统有任务等您处理，谢谢',1,67);
insert into U_EMAIL_63 (nodeName, content, type,cPerson) values ('Meeko系统提醒','系统有任务等您处理，谢谢',1,67);
insert into dbo.SYS_WF_INSTANCE (oid,definedNodeID,nodeName,next,pre,ext,type,state,users,roles,owner,parentPath,treeOrder,depth,pid,cPerson) values (107,154,'会签结束',',0,',2047,'',11,1,',',',',',',',2045,',3,1,2045,63);
insert into dbo.SYS_WF_INSTANCE (oid,nodeName,owner,cPerson) values (107,'施工合同会签',',27,67,',63);
insert into dbo.SYS_WF_INSTANCE (oid,definedNodeID,nodeName,next,pre,state,type,owner,note,parentPath,treeOrder,depth,pid,cPerson) values (107,153,'预算合同科发起会签',',155,',0,1,10,',27,67,','',',2051,',1,1,2051,63);
insert into SYS_CM_FILES (nodeName,sysName,extName,origName,catelog,size,type,parentPath,treeOrder,depth,pid,cPerson) values ('施工合同.doc','2015053105314619546','doc','施工合同','test',8704,1,',1,4,',103,2,4,67);
insert into dbo.SYS_WF_INSTANCE (oid,definedNodeID,nodeName,next,pre,ext,type,state,users,roles,owner,parentPath,treeOrder,depth,pid,cPerson) values (107,155,'参与人会签',',154,',2052,'',13,1,',',',',',13,32,',',2051,',2,1,2051,67);
insert into dbo.SYS_WF_INSTANCE (state,nodeName,owner,users,parentPath,treeOrder,depth,pid,cPerson) values (100,'13',',13,',',13,',',2051,2053,',1,2,2053,67);
insert into dbo.SYS_WF_INSTANCE (state,nodeName,owner,users,parentPath,treeOrder,depth,pid,cPerson) values (100,'32',',32,',',32,',',2051,2053,',2,2,2053,67);
insert into U_EMAIL_13 (nodeName, content, type,cPerson) values ('Meeko系统提醒','系统有任务等您处理，谢谢',1,67);
insert into U_EMAIL_32 (nodeName, content, type,cPerson) values ('Meeko系统提醒','系统有任务等您处理，谢谢',1,67);
insert into dbo.SYS_WF_INSTANCE (oid,definedNodeID,nodeName,next,pre,ext,type,state,users,roles,owner,parentPath,treeOrder,depth,pid,cPerson) values (107,154,'会签结束',',0,',2053,'',11,1,',',',',',',',2051,',3,1,2051,32);
insert into dbo.SYS_WF_INSTANCE (oid,nodeName,owner,cPerson) values (107,'开工报告审核会签',',27,67,',32);
insert into dbo.SYS_WF_INSTANCE (oid,definedNodeID,nodeName,next,pre,state,type,owner,note,parentPath,treeOrder,depth,pid,cPerson) values (107,153,'预算合同科发起会签',',155,',0,1,10,',27,67,','',',2057,',1,1,2057,32);
