update SYS_CM_USER set delFlag=1,mTime=getdate() where id in (4,5,6,8,7,9,11,10,12,13,14,15,16,17,18,19,20,21,22,23);
update SYS_CM_USER set delFlag=1,mTime=getdate() where id in (4,5,6,8,7,9,11,10,12,13,14,15,16,17,18,19,20,21,22,23,29,30,31,32,33,34,36,35,37,39,38,40,41,42,43);
update SYS_CM_USER set delFlag=1,mTime=getdate() where id in (4,5,6,8,7,9,11,10,12,13,14,15,16,17,18,19,20,21,22,23,29,30,31,32,33,34,36,35,37,39,38,40,41,42,43,24,25,26,27,28,44,45,46,47,48,49,50,51,52,53);
update SYS_CM_USER set delFlag=1,mTime=getdate() where id in (4,5,6,8,7,9,11,10,12,13,14,15,16,17,18,19,20,21,22,23,29,30,31,32,33,34,36,35,37,39,38,40,41,42,43,24,25,26,27,28,44,45,46,47,48,49,50,51,52,53,54,55,56,57,58,59,60,61,62,63,64,65,66,67,68);
update SYS_CM_USER set delFlag=1,mTime=getdate() where id in (4,5,6,8,7,9,11,10,12,13,14,15,16,17,18,19,20,21,22,23,29,30,31,32,33,34,36,35,37,39,38,40,41,42,43,24,25,26,27,28,44,45,46,47,48,49,50,51,52,53,54,55,56,57,58,59,60,61,62,63,64,65,66,67,68,69);
insert into SYS_CM_ROLE (nodeName,parentPath,treeOrder,depth,pid,cPerson) values ('经理室',',1,3,',12,2,3,2);
insert into SYS_CM_ROLE (nodeName,parentPath,treeOrder,depth,pid,cPerson) values ('党支部',',1,3,',13,2,3,2);
insert into SYS_CM_ROLE (nodeName,parentPath,treeOrder,depth,pid,cPerson) values ('综合办',',1,3,',14,2,3,2);
insert into SYS_CM_ROLE (nodeName,parentPath,treeOrder,depth,pid,cPerson) values ('党群工作科',',1,3,',15,2,3,2);
insert into SYS_CM_ROLE (nodeName,parentPath,treeOrder,depth,pid,cPerson) values ('质检科',',1,3,',16,2,3,2);
insert into SYS_CM_GLOBAL_TABLE (nodeName,parentPath,treeOrder,depth,pid,cPerson) values ('普通工',',1,4,142,143,',3,4,143,2);
insert into SYS_CM_GLOBAL_TABLE (nodeName,parentPath,treeOrder,depth,pid,cPerson) values ('待工',',1,4,142,143,',4,4,143,2);
insert into SYS_CM_GLOBAL_TABLE (nodeName,parentPath,treeOrder,depth,pid,cPerson) values ('长病',',1,4,142,143,',5,4,143,2);
insert into SYS_CM_GLOBAL_TABLE (nodeName,parentPath,treeOrder,depth,pid,cPerson) values ('大病',',1,4,142,143,',6,4,143,2);
insert into SYS_CM_GLOBAL_TABLE (nodeName,parentPath,treeOrder,depth,pid,cPerson) values ('协保',',1,4,142,143,',7,4,143,2);
insert into SYS_CM_GLOBAL_TABLE (nodeName,parentPath,treeOrder,depth,pid,cPerson) values ('退养',',1,4,142,143,',8,4,143,2);
insert into SYS_CM_GLOBAL_TABLE (nodeName,parentPath,treeOrder,depth,pid,cPerson) values ('其他',',1,4,142,143,',9,4,143,2);
insert into SYS_CM_USER (uid,icCard,sex,birthday,department,post,titles,fixedPhoneNum,mobilePhoneNum,agents,address,email,ifEnableEmail,note,cName,pinYin,cPerson) values ('JimXu','123456','132','2015-06-24','','','153','','','','945758912@qq【．]com','945758912@qq【．]com','11','','JimXu',dbo.SYS_GET_PINYIN('JimXu'),2);
insert into SYS_CM_USER (uid,icCard,sex,birthday,department,post,titles,fixedPhoneNum,mobilePhoneNum,agents,address,email,ifEnableEmail,note,cName,pinYin,cPerson) values ('admin','admin','132','2015-06-18','','','','','','','','945758912@qq【．]com','11','','admin',dbo.SYS_GET_PINYIN('admin'),2);
insert into SYS_CM_USER (uid,icCard,sex,birthday,department,post,titles,fixedPhoneNum,mobilePhoneNum,agents,address,email,ifEnableEmail,note,cName,pinYin,cPerson) values ('薛锋','10646','132','','49','','153','','','','','','11','','薛锋',dbo.SYS_GET_PINYIN('薛锋'),2);
insert into SYS_CM_USER (uid,icCard,sex,birthday,department,post,titles,fixedPhoneNum,mobilePhoneNum,agents,address,email,ifEnableEmail,note,cName,pinYin,cPerson) values ('柴慈君','08816','132','','49','','153','','','','','','11','','柴慈君',dbo.SYS_GET_PINYIN('柴慈君'),2);
insert into SYS_CM_USER (uid,icCard,sex,birthday,department,post,titles,fixedPhoneNum,mobilePhoneNum,agents,address,email,ifEnableEmail,note,cName,pinYin,cPerson) values ('朱颹','14027','132','','50','','153','','','','','','11','','朱颹',dbo.SYS_GET_PINYIN('朱颹'),2);
insert into SYS_CM_USER (uid,icCard,sex,birthday,department,post,titles,fixedPhoneNum,mobilePhoneNum,agents,address,email,ifEnableEmail,note,cName,pinYin,cPerson) values ('杨高祥','07653','132','','51','','153','','','','','','11','','杨高祥',dbo.SYS_GET_PINYIN('杨高祥'),2);
insert into SYS_CM_USER (uid,icCard,sex,birthday,department,post,titles,fixedPhoneNum,mobilePhoneNum,agents,address,email,ifEnableEmail,note,cName,pinYin,cPerson) values ('盛昊','11691','132','','51','','153','','','','','','11','','盛昊',dbo.SYS_GET_PINYIN('盛昊'),2);
insert into SYS_CM_USER (uid,icCard,sex,birthday,department,post,titles,fixedPhoneNum,mobilePhoneNum,agents,address,email,ifEnableEmail,note,cName,pinYin,cPerson) values ('吴旭照','11718','132','','51','','153','','','','','','11','','吴旭照',dbo.SYS_GET_PINYIN('吴旭照'),2);
insert into SYS_CM_USER (uid,icCard,sex,birthday,department,post,titles,fixedPhoneNum,mobilePhoneNum,agents,address,email,ifEnableEmail,note,cName,pinYin,cPerson) values ('朱立群','16039','132','','51','','153','','','','','','11','','朱立群',dbo.SYS_GET_PINYIN('朱立群'),2);
insert into SYS_CM_USER (uid,icCard,sex,birthday,department,post,titles,fixedPhoneNum,mobilePhoneNum,agents,address,email,ifEnableEmail,note,cName,pinYin,cPerson) values ('戴根林','16164','132','','51','','153','','','','','','11','','戴根林',dbo.SYS_GET_PINYIN('戴根林'),2);
insert into SYS_CM_USER (uid,icCard,sex,birthday,department,post,titles,fixedPhoneNum,mobilePhoneNum,agents,address,email,ifEnableEmail,note,cName,pinYin,cPerson) values ('孙健','16166','132','','51','','153','','','','','','11','','孙健',dbo.SYS_GET_PINYIN('孙健'),2);
insert into SYS_CM_USER (uid,icCard,sex,birthday,department,post,titles,fixedPhoneNum,mobilePhoneNum,agents,address,email,ifEnableEmail,note,cName,pinYin,cPerson) values ('王成娟','16434','132','','51','','153','','','','','','11','','王成娟',dbo.SYS_GET_PINYIN('王成娟'),2);
insert into SYS_CM_USER (uid,icCard,sex,birthday,department,post,titles,fixedPhoneNum,mobilePhoneNum,agents,address,email,ifEnableEmail,note,cName,pinYin,cPerson) values ('周婷','13968','132','','51','','153','','','','','','11','','周婷',dbo.SYS_GET_PINYIN('周婷'),2);
insert into SYS_CM_USER (uid,icCard,sex,birthday,department,post,titles,fixedPhoneNum,mobilePhoneNum,agents,address,email,ifEnableEmail,note,cName,pinYin,cPerson) values ('谢伟民','08829','132','','50','','153','','','','','','11','','谢伟民',dbo.SYS_GET_PINYIN('谢伟民'),2);
insert into SYS_CM_USER (uid,icCard,sex,birthday,department,post,titles,fixedPhoneNum,mobilePhoneNum,agents,address,email,ifEnableEmail,note,cName,pinYin,cPerson) values ('王林海','07406','132','','51','','154','','','','','','11','','王林海',dbo.SYS_GET_PINYIN('王林海'),2);
insert into SYS_CM_USER (uid,icCard,sex,birthday,department,post,titles,fixedPhoneNum,mobilePhoneNum,agents,address,email,ifEnableEmail,note,cName,pinYin,cPerson) values ('沈仲进','08298','132','','51','','154','','','','','','11','','沈仲进',dbo.SYS_GET_PINYIN('沈仲进'),2);
insert into SYS_CM_USER (uid,icCard,sex,birthday,department,post,titles,fixedPhoneNum,mobilePhoneNum,agents,address,email,ifEnableEmail,note,cName,pinYin,cPerson) values ('陈霆','08494','132','','51','','154','','','','','','11','','陈霆',dbo.SYS_GET_PINYIN('陈霆'),2);
insert into SYS_CM_USER (uid,icCard,sex,birthday,department,post,titles,fixedPhoneNum,mobilePhoneNum,agents,address,email,ifEnableEmail,note,cName,pinYin,cPerson) values ('姚勇','13331','132','','51','','154','','','','','','11','','姚勇',dbo.SYS_GET_PINYIN('姚勇'),2);
insert into SYS_CM_USER (uid,icCard,sex,birthday,department,post,titles,fixedPhoneNum,mobilePhoneNum,agents,address,email,ifEnableEmail,note,cName,pinYin,cPerson) values ('童建荣','07791','132','','51','','154','','','','','','11','','童建荣',dbo.SYS_GET_PINYIN('童建荣'),2);
insert into SYS_CM_USER (uid,icCard,sex,birthday,department,post,titles,fixedPhoneNum,mobilePhoneNum,agents,address,email,ifEnableEmail,note,cName,pinYin,cPerson) values ('陆逊','11517','132','','51','','154','','','','','','11','','陆逊',dbo.SYS_GET_PINYIN('陆逊'),2);
insert into SYS_CM_USER (uid,icCard,sex,birthday,department,post,titles,fixedPhoneNum,mobilePhoneNum,agents,address,email,ifEnableEmail,note,cName,pinYin,cPerson) values ('李圣蕾','15679','132','','52','','153','','','','','','11','','李圣蕾',dbo.SYS_GET_PINYIN('李圣蕾'),2);
insert into SYS_CM_USER (uid,icCard,sex,birthday,department,post,titles,fixedPhoneNum,mobilePhoneNum,agents,address,email,ifEnableEmail,note,cName,pinYin,cPerson) values ('赵郁','15414','132','','26','','153','','','','','','11','','赵郁',dbo.SYS_GET_PINYIN('赵郁'),2);
insert into SYS_CM_USER (uid,icCard,sex,birthday,department,post,titles,fixedPhoneNum,mobilePhoneNum,agents,address,email,ifEnableEmail,note,cName,pinYin,cPerson) values ('陶婵','15431','132','','26','','153','','','','','','11','','陶婵',dbo.SYS_GET_PINYIN('陶婵'),2);
insert into SYS_CM_USER (uid,icCard,sex,birthday,department,post,titles,fixedPhoneNum,mobilePhoneNum,agents,address,email,ifEnableEmail,note,cName,pinYin,cPerson) values ('蔡娟','90910','132','','26','','153','','','','','','11','','蔡娟',dbo.SYS_GET_PINYIN('蔡娟'),2);
insert into SYS_CM_USER (uid,icCard,sex,birthday,department,post,titles,fixedPhoneNum,mobilePhoneNum,agents,address,email,ifEnableEmail,note,cName,pinYin,cPerson) values ('吴彬','15801','132','','26','','153','','','','','','11','','吴彬',dbo.SYS_GET_PINYIN('吴彬'),2);
insert into SYS_CM_USER (uid,icCard,sex,birthday,department,post,titles,fixedPhoneNum,mobilePhoneNum,agents,address,email,ifEnableEmail,note,cName,pinYin,cPerson) values ('牛云','15386','132','','26','','153','','','','','','11','','牛云',dbo.SYS_GET_PINYIN('牛云'),2);
insert into SYS_CM_USER (uid,icCard,sex,birthday,department,post,titles,fixedPhoneNum,mobilePhoneNum,agents,address,email,ifEnableEmail,note,cName,pinYin,cPerson) values ('蒋锋英','90914','132','','26','','153','','','','','','11','','蒋锋英',dbo.SYS_GET_PINYIN('蒋锋英'),2);
insert into SYS_CM_USER (uid,icCard,sex,birthday,department,post,titles,fixedPhoneNum,mobilePhoneNum,agents,address,email,ifEnableEmail,note,cName,pinYin,cPerson) values ('孟付同','07470','132','','22','','153','','','','','','11','','孟付同',dbo.SYS_GET_PINYIN('孟付同'),2);
insert into SYS_CM_USER (uid,icCard,sex,birthday,department,post,titles,fixedPhoneNum,mobilePhoneNum,agents,address,email,ifEnableEmail,note,cName,pinYin,cPerson) values ('叶忠敏','07672','132','','22','','153','','','','','','11','','叶忠敏',dbo.SYS_GET_PINYIN('叶忠敏'),2);
insert into SYS_CM_USER (uid,icCard,sex,birthday,department,post,titles,fixedPhoneNum,mobilePhoneNum,agents,address,email,ifEnableEmail,note,cName,pinYin,cPerson) values ('忻爱学','08492','132','','22','','153','','','','','','11','','忻爱学',dbo.SYS_GET_PINYIN('忻爱学'),2);
insert into SYS_CM_USER (uid,icCard,sex,birthday,department,post,titles,fixedPhoneNum,mobilePhoneNum,agents,address,email,ifEnableEmail,note,cName,pinYin,cPerson) values ('左楠','15211','132','','22','','153','','','','','','11','','左楠',dbo.SYS_GET_PINYIN('左楠'),2);
insert into SYS_CM_USER (uid,icCard,sex,birthday,department,post,titles,fixedPhoneNum,mobilePhoneNum,agents,address,email,ifEnableEmail,note,cName,pinYin,cPerson) values ('钱捷铭','15803','132','','22','','153','','','','','','11','','钱捷铭',dbo.SYS_GET_PINYIN('钱捷铭'),2);
insert into SYS_CM_USER (uid,icCard,sex,birthday,department,post,titles,fixedPhoneNum,mobilePhoneNum,agents,address,email,ifEnableEmail,note,cName,pinYin,cPerson) values ('梁恺','16333','132','','22','','153','','','','','','11','','梁恺',dbo.SYS_GET_PINYIN('梁恺'),2);
insert into SYS_CM_USER (uid,icCard,sex,birthday,department,post,titles,fixedPhoneNum,mobilePhoneNum,agents,address,email,ifEnableEmail,note,cName,pinYin,cPerson) values ('吴晓敏','7492','133','','22','','153','','','','','','11','','吴晓敏',dbo.SYS_GET_PINYIN('吴晓敏'),2);
insert into SYS_CM_USER (uid,icCard,sex,birthday,department,post,titles,fixedPhoneNum,mobilePhoneNum,agents,address,email,ifEnableEmail,note,cName,pinYin,cPerson) values ('马洪伟','90974','132','','22','','153','','','','','','11','','马洪伟',dbo.SYS_GET_PINYIN('马洪伟'),2);
insert into SYS_CM_USER (uid,icCard,sex,birthday,department,post,titles,fixedPhoneNum,mobilePhoneNum,agents,address,email,ifEnableEmail,note,cName,pinYin,cPerson) values ('赵卫东','10645','132','','22','','153','','','','','','11','','赵卫东',dbo.SYS_GET_PINYIN('赵卫东'),2);
insert into SYS_CM_USER (uid,icCard,sex,birthday,department,post,titles,fixedPhoneNum,mobilePhoneNum,agents,address,email,ifEnableEmail,note,cName,pinYin,cPerson) values ('傅强','12006','132','','22','','153','','','','','','11','','傅强',dbo.SYS_GET_PINYIN('傅强'),2);
insert into SYS_CM_USER (uid,icCard,sex,birthday,department,post,titles,fixedPhoneNum,mobilePhoneNum,agents,address,email,ifEnableEmail,note,cName,pinYin,cPerson) values ('洪涛','15433','132','','22','','153','','','','','','11','','洪涛',dbo.SYS_GET_PINYIN('洪涛'),2);
insert into SYS_CM_USER (uid,icCard,sex,birthday,department,post,titles,fixedPhoneNum,mobilePhoneNum,agents,address,email,ifEnableEmail,note,cName,pinYin,cPerson) values ('刘振华','90950','132','','22','','153','','','','','','11','','刘振华',dbo.SYS_GET_PINYIN('刘振华'),2);
insert into SYS_CM_USER (uid,icCard,sex,birthday,department,post,titles,fixedPhoneNum,mobilePhoneNum,agents,address,email,ifEnableEmail,note,cName,pinYin,cPerson) values ('龚肇商','01205','132','','22','','154','','','','','','11','','龚肇商',dbo.SYS_GET_PINYIN('龚肇商'),2);
insert into SYS_CM_USER (uid,icCard,sex,birthday,department,post,titles,fixedPhoneNum,mobilePhoneNum,agents,address,email,ifEnableEmail,note,cName,pinYin,cPerson) values ('周勤业','04000','132','','22','','154','','','','','','11','','周勤业',dbo.SYS_GET_PINYIN('周勤业'),2);
insert into SYS_CM_USER (uid,icCard,sex,birthday,department,post,titles,fixedPhoneNum,mobilePhoneNum,agents,address,email,ifEnableEmail,note,cName,pinYin,cPerson) values ('方学荣','13358','132','','22','','154','','','','','','11','','方学荣',dbo.SYS_GET_PINYIN('方学荣'),2);
insert into SYS_CM_USER (uid,icCard,sex,birthday,department,post,titles,fixedPhoneNum,mobilePhoneNum,agents,address,email,ifEnableEmail,note,cName,pinYin,cPerson) values ('张作暮','15193','132','','22','','154','','','','','','11','','张作暮',dbo.SYS_GET_PINYIN('张作暮'),2);
insert into SYS_CM_USER (uid,icCard,sex,birthday,department,post,titles,fixedPhoneNum,mobilePhoneNum,agents,address,email,ifEnableEmail,note,cName,pinYin,cPerson) values ('孙泉','02287','132','','22','','154','','','','','','11','','孙泉',dbo.SYS_GET_PINYIN('孙泉'),2);
insert into SYS_CM_USER (uid,icCard,sex,birthday,department,post,titles,fixedPhoneNum,mobilePhoneNum,agents,address,email,ifEnableEmail,note,cName,pinYin,cPerson) values ('邓建平','07159','132','','22','','154','','','','','','11','','邓建平',dbo.SYS_GET_PINYIN('邓建平'),2);
insert into SYS_CM_USER (uid,icCard,sex,birthday,department,post,titles,fixedPhoneNum,mobilePhoneNum,agents,address,email,ifEnableEmail,note,cName,pinYin,cPerson) values ('钱宏飞','07495','132','','22','','154','','','','','','11','','钱宏飞',dbo.SYS_GET_PINYIN('钱宏飞'),2);
insert into SYS_CM_USER (uid,icCard,sex,birthday,department,post,titles,fixedPhoneNum,mobilePhoneNum,agents,address,email,ifEnableEmail,note,cName,pinYin,cPerson) values ('唐培明','07788','132','','22','','154','','','','','','11','','唐培明',dbo.SYS_GET_PINYIN('唐培明'),2);
insert into SYS_CM_USER (uid,icCard,sex,birthday,department,post,titles,fixedPhoneNum,mobilePhoneNum,agents,address,email,ifEnableEmail,note,cName,pinYin,cPerson) values ('张志华','09156','132','','22','','154','','','','','','11','','张志华',dbo.SYS_GET_PINYIN('张志华'),2);
insert into SYS_CM_USER (uid,icCard,sex,birthday,department,post,titles,fixedPhoneNum,mobilePhoneNum,agents,address,email,ifEnableEmail,note,cName,pinYin,cPerson) values ('杨中源','09206','132','','22','','154','','','','','','11','','杨中源',dbo.SYS_GET_PINYIN('杨中源'),2);
insert into SYS_CM_USER (uid,icCard,sex,birthday,department,post,titles,fixedPhoneNum,mobilePhoneNum,agents,address,email,ifEnableEmail,note,cName,pinYin,cPerson) values ('吴瑞祥','09452','132','','22','','154','','','','','','11','','吴瑞祥',dbo.SYS_GET_PINYIN('吴瑞祥'),2);
insert into SYS_CM_USER (uid,icCard,sex,birthday,department,post,titles,fixedPhoneNum,mobilePhoneNum,agents,address,email,ifEnableEmail,note,cName,pinYin,cPerson) values ('江海','10405','132','','22','','154','','','','','','11','','江海',dbo.SYS_GET_PINYIN('江海'),2);
insert into SYS_CM_USER (uid,icCard,sex,birthday,department,post,titles,fixedPhoneNum,mobilePhoneNum,agents,address,email,ifEnableEmail,note,cName,pinYin,cPerson) values ('李俊','11553','132','','22','','154','','','','','','11','','李俊',dbo.SYS_GET_PINYIN('李俊'),2);
insert into SYS_CM_USER (uid,icCard,sex,birthday,department,post,titles,fixedPhoneNum,mobilePhoneNum,agents,address,email,ifEnableEmail,note,cName,pinYin,cPerson) values ('吴风雷','13853','132','','22','','154','','','','','','11','','吴风雷',dbo.SYS_GET_PINYIN('吴风雷'),2);
insert into SYS_CM_USER (uid,icCard,sex,birthday,department,post,titles,fixedPhoneNum,mobilePhoneNum,agents,address,email,ifEnableEmail,note,cName,pinYin,cPerson) values ('张剑','14228','132','','22','','154','','','','','','11','','张剑',dbo.SYS_GET_PINYIN('张剑'),2);
insert into SYS_CM_USER (uid,icCard,sex,birthday,department,post,titles,fixedPhoneNum,mobilePhoneNum,agents,address,email,ifEnableEmail,note,cName,pinYin,cPerson) values ('章殊烜','15569','132','','22','','154','','','','','','11','','章殊烜',dbo.SYS_GET_PINYIN('章殊烜'),2);
insert into SYS_CM_USER (uid,icCard,sex,birthday,department,post,titles,fixedPhoneNum,mobilePhoneNum,agents,address,email,ifEnableEmail,note,cName,pinYin,cPerson) values ('卞晨桢','16533','132','','22','','154','','','','','','11','','卞晨桢',dbo.SYS_GET_PINYIN('卞晨桢'),2);
insert into SYS_CM_USER (uid,icCard,sex,birthday,department,post,titles,fixedPhoneNum,mobilePhoneNum,agents,address,email,ifEnableEmail,note,cName,pinYin,cPerson) values ('许龑君','16539','132','','22','','154','','','','','','11','','许龑君',dbo.SYS_GET_PINYIN('许龑君'),2);
insert into SYS_CM_USER (uid,icCard,sex,birthday,department,post,titles,fixedPhoneNum,mobilePhoneNum,agents,address,email,ifEnableEmail,note,cName,pinYin,cPerson) values ('归陈华','16634','132','','22','','154','','','','','','11','','归陈华',dbo.SYS_GET_PINYIN('归陈华'),2);
insert into SYS_CM_USER (uid,icCard,sex,birthday,department,post,titles,fixedPhoneNum,mobilePhoneNum,agents,address,email,ifEnableEmail,note,cName,pinYin,cPerson) values ('徐佳林','7304','132','','22','','154','','','','','','11','','徐佳林',dbo.SYS_GET_PINYIN('徐佳林'),2);
insert into SYS_CM_USER (uid,icCard,sex,birthday,department,post,titles,fixedPhoneNum,mobilePhoneNum,agents,address,email,ifEnableEmail,note,cName,pinYin,cPerson) values ('陈国强','7907','132','','22','','154','','','','','','11','','陈国强',dbo.SYS_GET_PINYIN('陈国强'),2);
insert into SYS_CM_USER (uid,icCard,sex,birthday,department,post,titles,fixedPhoneNum,mobilePhoneNum,agents,address,email,ifEnableEmail,note,cName,pinYin,cPerson) values ('陈明华','90352','132','','22','','154','','','','','','11','','陈明华',dbo.SYS_GET_PINYIN('陈明华'),2);
insert into SYS_CM_USER (uid,icCard,sex,birthday,department,post,titles,fixedPhoneNum,mobilePhoneNum,agents,address,email,ifEnableEmail,note,cName,pinYin,cPerson) values ('龚斌','90372','132','','22','','154','','','','','','11','','龚斌',dbo.SYS_GET_PINYIN('龚斌'),2);
insert into SYS_CM_USER (uid,icCard,sex,birthday,department,post,titles,fixedPhoneNum,mobilePhoneNum,agents,address,email,ifEnableEmail,note,cName,pinYin,cPerson) values ('邰俊','90509','132','','22','','154','','','','','','11','','邰俊',dbo.SYS_GET_PINYIN('邰俊'),2);
insert into SYS_CM_USER (uid,icCard,sex,birthday,department,post,titles,fixedPhoneNum,mobilePhoneNum,agents,address,email,ifEnableEmail,note,cName,pinYin,cPerson) values ('陈勇','90906','132','','22','','154','','','','','','11','','陈勇',dbo.SYS_GET_PINYIN('陈勇'),2);
insert into SYS_CM_USER (uid,icCard,sex,birthday,department,post,titles,fixedPhoneNum,mobilePhoneNum,agents,address,email,ifEnableEmail,note,cName,pinYin,cPerson) values ('汪明华','90954','132','','22','','154','','','','','','11','','汪明华',dbo.SYS_GET_PINYIN('汪明华'),2);
insert into SYS_CM_USER (uid,icCard,sex,birthday,department,post,titles,fixedPhoneNum,mobilePhoneNum,agents,address,email,ifEnableEmail,note,cName,pinYin,cPerson) values ('闵智坚','90959','132','','22','','154','','','','','','11','','闵智坚',dbo.SYS_GET_PINYIN('闵智坚'),2);
insert into SYS_CM_USER (uid,icCard,sex,birthday,department,post,titles,fixedPhoneNum,mobilePhoneNum,agents,address,email,ifEnableEmail,note,cName,pinYin,cPerson) values ('徐卫','91000','132','','22','','154','','','','','','11','','徐卫',dbo.SYS_GET_PINYIN('徐卫'),2);
insert into SYS_CM_USER (uid,icCard,sex,birthday,department,post,titles,fixedPhoneNum,mobilePhoneNum,agents,address,email,ifEnableEmail,note,cName,pinYin,cPerson) values ('吴年荣','15776','132','','53','','153','','','','','','11','','吴年荣',dbo.SYS_GET_PINYIN('吴年荣'),2);
insert into SYS_CM_USER (uid,icCard,sex,birthday,department,post,titles,fixedPhoneNum,mobilePhoneNum,agents,address,email,ifEnableEmail,note,cName,pinYin,cPerson) values ('沈玉云','7936','132','','53','','153','','','','','','11','','沈玉云',dbo.SYS_GET_PINYIN('沈玉云'),2);
insert into SYS_CM_USER (uid,icCard,sex,birthday,department,post,titles,fixedPhoneNum,mobilePhoneNum,agents,address,email,ifEnableEmail,note,cName,pinYin,cPerson) values ('宗戎杰','15764','132','','53','','153','','','','','','11','','宗戎杰',dbo.SYS_GET_PINYIN('宗戎杰'),2);
insert into SYS_CM_USER (uid,icCard,sex,birthday,department,post,titles,fixedPhoneNum,mobilePhoneNum,agents,address,email,ifEnableEmail,note,cName,pinYin,cPerson) values ('史登冲','08828','132','','53','','153','','','','','','11','','史登冲',dbo.SYS_GET_PINYIN('史登冲'),2);
insert into SYS_CM_USER (uid,icCard,sex,birthday,department,post,titles,fixedPhoneNum,mobilePhoneNum,agents,address,email,ifEnableEmail,note,cName,pinYin,cPerson) values ('潘振富','8521','132','','53','','153','','','','','','11','','潘振富',dbo.SYS_GET_PINYIN('潘振富'),2);
insert into SYS_CM_USER (uid,icCard,sex,birthday,department,post,titles,fixedPhoneNum,mobilePhoneNum,agents,address,email,ifEnableEmail,note,cName,pinYin,cPerson) values ('顾璐','16231','132','','48','','153','','','','','','11','','顾璐',dbo.SYS_GET_PINYIN('顾璐'),2);
insert into SYS_CM_USER (uid,icCard,sex,birthday,department,post,titles,fixedPhoneNum,mobilePhoneNum,agents,address,email,ifEnableEmail,note,cName,pinYin,cPerson) values ('应志红','16044','132','','48','','153','','','','','','11','','应志红',dbo.SYS_GET_PINYIN('应志红'),2);
insert into SYS_CM_USER (uid,icCard,sex,birthday,department,post,titles,fixedPhoneNum,mobilePhoneNum,agents,address,email,ifEnableEmail,note,cName,pinYin,cPerson) values ('汪琦','16167','132','','48','','153','','','','','','11','','汪琦',dbo.SYS_GET_PINYIN('汪琦'),2);
insert into SYS_CM_USER (uid,icCard,sex,birthday,department,post,titles,fixedPhoneNum,mobilePhoneNum,agents,address,email,ifEnableEmail,note,cName,pinYin,cPerson) values ('朱征超','90134','132','','48','','153','','','','','','11','','朱征超',dbo.SYS_GET_PINYIN('朱征超'),2);
insert into SYS_CM_USER (uid,icCard,sex,birthday,department,post,titles,fixedPhoneNum,mobilePhoneNum,agents,address,email,ifEnableEmail,note,cName,pinYin,cPerson) values ('崔玮','9014','132','','48','','153','','','','','','11','','崔玮',dbo.SYS_GET_PINYIN('崔玮'),2);
insert into SYS_CM_USER (uid,icCard,sex,birthday,department,post,titles,fixedPhoneNum,mobilePhoneNum,agents,address,email,ifEnableEmail,note,cName,pinYin,cPerson) values ('邵建初','06734','132','','48','','153','','','','','','11','','邵建初',dbo.SYS_GET_PINYIN('邵建初'),2);
insert into SYS_CM_USER (uid,icCard,sex,birthday,department,post,titles,fixedPhoneNum,mobilePhoneNum,agents,address,email,ifEnableEmail,note,cName,pinYin,cPerson) values ('陆缨','14865','132','','48','','153','','','','','','11','','陆缨',dbo.SYS_GET_PINYIN('陆缨'),2);
insert into SYS_CM_USER (uid,icCard,sex,birthday,department,post,titles,fixedPhoneNum,mobilePhoneNum,agents,address,email,ifEnableEmail,note,cName,pinYin,cPerson) values ('纪子贤','13683','132','','48','','154','','','','','','11','','纪子贤',dbo.SYS_GET_PINYIN('纪子贤'),2);
insert into SYS_CM_USER (uid,icCard,sex,birthday,department,post,titles,fixedPhoneNum,mobilePhoneNum,agents,address,email,ifEnableEmail,note,cName,pinYin,cPerson) values ('朱飙','12833','132','','48','','154','','','','','','11','','朱飙',dbo.SYS_GET_PINYIN('朱飙'),2);
insert into SYS_CM_USER (uid,icCard,sex,birthday,department,post,titles,fixedPhoneNum,mobilePhoneNum,agents,address,email,ifEnableEmail,note,cName,pinYin,cPerson) values ('钱旭东','90132','132','','48','','154','','','','','','11','','钱旭东',dbo.SYS_GET_PINYIN('钱旭东'),2);
insert into SYS_CM_USER (uid,icCard,sex,birthday,department,post,titles,fixedPhoneNum,mobilePhoneNum,agents,address,email,ifEnableEmail,note,cName,pinYin,cPerson) values ('张瑾','15767','132','','23','','153','','','','','','11','','张瑾',dbo.SYS_GET_PINYIN('张瑾'),2);
insert into SYS_CM_USER (uid,icCard,sex,birthday,department,post,titles,fixedPhoneNum,mobilePhoneNum,agents,address,email,ifEnableEmail,note,cName,pinYin,cPerson) values ('徐德行','11272','132','','23','','153','','','','','','11','','徐德行',dbo.SYS_GET_PINYIN('徐德行'),2);
insert into SYS_CM_USER (uid,icCard,sex,birthday,department,post,titles,fixedPhoneNum,mobilePhoneNum,agents,address,email,ifEnableEmail,note,cName,pinYin,cPerson) values ('谢靖波','09986','132','','23','','153','','','','','','11','','谢靖波',dbo.SYS_GET_PINYIN('谢靖波'),2);
insert into SYS_CM_USER (uid,icCard,sex,birthday,department,post,titles,fixedPhoneNum,mobilePhoneNum,agents,address,email,ifEnableEmail,note,cName,pinYin,cPerson) values ('沈友越','06694','132','','23','','153','','','','','','11','','沈友越',dbo.SYS_GET_PINYIN('沈友越'),2);
insert into SYS_CM_USER (uid,icCard,sex,birthday,department,post,titles,fixedPhoneNum,mobilePhoneNum,agents,address,email,ifEnableEmail,note,cName,pinYin,cPerson) values ('王盛','15445','132','','23','','154','','','','','','11','','王盛',dbo.SYS_GET_PINYIN('王盛'),2);
insert into SYS_CM_USER (uid,icCard,sex,birthday,department,post,titles,fixedPhoneNum,mobilePhoneNum,agents,address,email,ifEnableEmail,note,cName,pinYin,cPerson) values ('谢建春','13413','132','','47','','153','','','','','','11','','谢建春',dbo.SYS_GET_PINYIN('谢建春'),2);
insert into SYS_CM_USER (uid,icCard,sex,birthday,department,post,titles,fixedPhoneNum,mobilePhoneNum,agents,address,email,ifEnableEmail,note,cName,pinYin,cPerson) values ('黄础伟','13816','132','','47','','153','','','','','','11','','黄础伟',dbo.SYS_GET_PINYIN('黄础伟'),2);
insert into SYS_CM_USER (uid,icCard,sex,birthday,department,post,titles,fixedPhoneNum,mobilePhoneNum,agents,address,email,ifEnableEmail,note,cName,pinYin,cPerson) values ('丁伟清','14146','132','','47','','153','','','','','','11','','丁伟清',dbo.SYS_GET_PINYIN('丁伟清'),2);
insert into SYS_CM_USER (uid,icCard,sex,birthday,department,post,titles,fixedPhoneNum,mobilePhoneNum,agents,address,email,ifEnableEmail,note,cName,pinYin,cPerson) values ('邹德信','00211','132','','47','','732','','','','','','11','','邹德信',dbo.SYS_GET_PINYIN('邹德信'),2);
insert into SYS_CM_USER (uid,icCard,sex,birthday,department,post,titles,fixedPhoneNum,mobilePhoneNum,agents,address,email,ifEnableEmail,note,cName,pinYin,cPerson) values ('顾兆发','02804','132','','47','','732','','','','','','11','','顾兆发',dbo.SYS_GET_PINYIN('顾兆发'),2);
insert into SYS_CM_USER (uid,icCard,sex,birthday,department,post,titles,fixedPhoneNum,mobilePhoneNum,agents,address,email,ifEnableEmail,note,cName,pinYin,cPerson) values ('马学申','02967','132','','47','','732','','','','','','11','','马学申',dbo.SYS_GET_PINYIN('马学申'),2);
insert into SYS_CM_USER (uid,icCard,sex,birthday,department,post,titles,fixedPhoneNum,mobilePhoneNum,agents,address,email,ifEnableEmail,note,cName,pinYin,cPerson) values ('殷勤彪','06427','132','','47','','732','','','','','','11','','殷勤彪',dbo.SYS_GET_PINYIN('殷勤彪'),2);
insert into SYS_CM_USER (uid,icCard,sex,birthday,department,post,titles,fixedPhoneNum,mobilePhoneNum,agents,address,email,ifEnableEmail,note,cName,pinYin,cPerson) values ('盛正华','07537','132','','47','','732','','','','','','11','','盛正华',dbo.SYS_GET_PINYIN('盛正华'),2);
insert into SYS_CM_USER (uid,icCard,sex,birthday,department,post,titles,fixedPhoneNum,mobilePhoneNum,agents,address,email,ifEnableEmail,note,cName,pinYin,cPerson) values ('林建春','07605','132','','47','','732','','','','','','11','','林建春',dbo.SYS_GET_PINYIN('林建春'),2);
insert into SYS_CM_USER (uid,icCard,sex,birthday,department,post,titles,fixedPhoneNum,mobilePhoneNum,agents,address,email,ifEnableEmail,note,cName,pinYin,cPerson) values ('陈伟石','07698','132','','47','','732','','','','','','11','','陈伟石',dbo.SYS_GET_PINYIN('陈伟石'),2);
insert into SYS_CM_USER (uid,icCard,sex,birthday,department,post,titles,fixedPhoneNum,mobilePhoneNum,agents,address,email,ifEnableEmail,note,cName,pinYin,cPerson) values ('吴云东','08346','132','','47','','732','','','','','','11','','吴云东',dbo.SYS_GET_PINYIN('吴云东'),2);
insert into SYS_CM_USER (uid,icCard,sex,birthday,department,post,titles,fixedPhoneNum,mobilePhoneNum,agents,address,email,ifEnableEmail,note,cName,pinYin,cPerson) values ('吴国亮','08500','132','','47','','732','','','','','','11','','吴国亮',dbo.SYS_GET_PINYIN('吴国亮'),2);
insert into SYS_CM_USER (uid,icCard,sex,birthday,department,post,titles,fixedPhoneNum,mobilePhoneNum,agents,address,email,ifEnableEmail,note,cName,pinYin,cPerson) values ('曹祥雄','09122','132','','47','','732','','','','','','11','','曹祥雄',dbo.SYS_GET_PINYIN('曹祥雄'),2);
insert into SYS_CM_USER (uid,icCard,sex,birthday,department,post,titles,fixedPhoneNum,mobilePhoneNum,agents,address,email,ifEnableEmail,note,cName,pinYin,cPerson) values ('史小明','09249','132','','47','','732','','','','','','11','','史小明',dbo.SYS_GET_PINYIN('史小明'),2);
insert into SYS_CM_USER (uid,icCard,sex,birthday,department,post,titles,fixedPhoneNum,mobilePhoneNum,agents,address,email,ifEnableEmail,note,cName,pinYin,cPerson) values ('张书林','09598','132','','47','','732','','','','','','11','','张书林',dbo.SYS_GET_PINYIN('张书林'),2);
insert into SYS_CM_USER (uid,icCard,sex,birthday,department,post,titles,fixedPhoneNum,mobilePhoneNum,agents,address,email,ifEnableEmail,note,cName,pinYin,cPerson) values ('吴文超','12418','132','','47','','732','','','','','','11','','吴文超',dbo.SYS_GET_PINYIN('吴文超'),2);
insert into SYS_CM_USER (uid,icCard,sex,birthday,department,post,titles,fixedPhoneNum,mobilePhoneNum,agents,address,email,ifEnableEmail,note,cName,pinYin,cPerson) values ('董学军','12627','132','','47','','732','','','','','','11','','董学军',dbo.SYS_GET_PINYIN('董学军'),2);
insert into SYS_CM_USER (uid,icCard,sex,birthday,department,post,titles,fixedPhoneNum,mobilePhoneNum,agents,address,email,ifEnableEmail,note,cName,pinYin,cPerson) values ('陈桂林','14238','132','','47','','732','','','','','','11','','陈桂林',dbo.SYS_GET_PINYIN('陈桂林'),2);
insert into SYS_CM_USER (uid,icCard,sex,birthday,department,post,titles,fixedPhoneNum,mobilePhoneNum,agents,address,email,ifEnableEmail,note,cName,pinYin,cPerson) values ('陆华福','14280','132','','47','','732','','','','','','11','','陆华福',dbo.SYS_GET_PINYIN('陆华福'),2);
insert into SYS_CM_USER (uid,icCard,sex,birthday,department,post,titles,fixedPhoneNum,mobilePhoneNum,agents,address,email,ifEnableEmail,note,cName,pinYin,cPerson) values ('顾月华','09039','132','','47','','154','','','','','','11','','顾月华',dbo.SYS_GET_PINYIN('顾月华'),2);
insert into SYS_CM_USER (uid,icCard,sex,birthday,department,post,titles,fixedPhoneNum,mobilePhoneNum,agents,address,email,ifEnableEmail,note,cName,pinYin,cPerson) values ('沈雁','12598','132','','47','','154','','','','','','11','','沈雁',dbo.SYS_GET_PINYIN('沈雁'),2);
insert into SYS_CM_GLOBAL_TABLE (pid,nodeName,parentPath,treeOrder,depth,cPerson) values ('159','工程物资状态',',1,5,159,',8,3,2);
insert into SYS_CM_GLOBAL_TABLE (nodeName,parentPath,treeOrder,depth,pid,cPerson) values ('待审核',',1,5,159,739,',1,4,739,2);
insert into SYS_CM_GLOBAL_TABLE (nodeName,parentPath,treeOrder,depth,pid,cPerson) values ('已审核',',1,5,159,739,',2,4,739,2);
insert into SYS_CM_GLOBAL_TABLE (nodeName,parentPath,treeOrder,depth,pid,cPerson) values ('未使用',',1,5,159,739,',3,4,739,2);
insert into dbo.SYS_WF_INSTANCE (oid,nodeName,owner,cPerson) values (111,'工程领料会签单号:SL20150604164657',',28,29,30,31,32,33,34,35,36,37,38,39,40,41,42,43,44,45,46,47,48,49,50,51,52,53,54,55,56,57,58,59,60,61,62,63,64,65,66,67,',2);
insert into dbo.SYS_WF_INSTANCE (oid,definedNodeID,nodeName,next,pre,state,type,owner,note,parentPath,treeOrder,depth,pid,cPerson) values (111,159,'发起领料单',',161,',0,1,10,',28,29,30,31,32,33,34,35,36,37,38,39,40,41,42,43,44,45,46,47,48,49,50,51,52,53,54,55,56,57,58,59,60,61,62,63,64,65,66,67,','',',2071,',1,1,2071,2);
insert into PRO_MS_RECEIVE (code,note,proId,cost,wfId,users,observers,cPerson) values ('SL20150604164657','测试数据','1',438,2071,',28,29,30,31,32,33,34,35,36,37,38,39,40,41,42,43,44,45,46,47,48,49,50,51,52,53,54,55,56,57,58,59,60,61,62,63,64,65,66,67,',',28,29,30,31,32,33,34,35,36,37,38,39,40,41,42,43,44,45,46,47,48,49,50,51,52,53,54,55,56,57,58,59,60,61,62,63,64,65,66,67,',2);
insert into PRO_MS_RECEIVE_DETAIL (msId,number,price,sum,oid,state,cPerson) values (254,2,99,198,1,110,2);
insert into PRO_MS_RECEIVE_DETAIL (msId,number,price,sum,oid,state,cPerson) values (255,2,120,240,1,110,2);
update SYS_CM_GLOBAL_TABLE set delFlag=1,mTime=getdate() where id in(511,512);
insert into dbo.SYS_WF_INSTANCE (oid,nodeName,owner,cPerson) values (111,'工程费用结算审核',',28,29,30,31,32,33,34,35,36,37,38,39,40,41,42,43,44,45,46,47,48,49,50,51,52,53,54,55,56,57,58,59,60,61,62,63,64,65,66,67,',2);
insert into dbo.SYS_WF_INSTANCE (oid,definedNodeID,nodeName,next,pre,state,type,owner,note,parentPath,treeOrder,depth,pid,cPerson) values (111,159,'发起领料单',',161,',0,1,10,',28,29,30,31,32,33,34,35,36,37,38,39,40,41,42,43,44,45,46,47,48,49,50,51,52,53,54,55,56,57,58,59,60,61,62,63,64,65,66,67,','',',2073,',1,1,2073,2);
insert into PRO_SC_COST (jiSuanId,guiGeId,guanCaiId,luMianId,price,num,note,cost,proId,type,cPerson) values ('521','526','604','711',21,10,'用了10根',210,'1',1,2);
insert into SYS_WF_INDEX (type,nodeName,parentPath,treeOrder,depth,pid,cPerson) values ('1','工程费用结算流程',',1,4,106,',7,3,106,2);
insert into dbo.SYS_WF_INSTANCE (oid,nodeName,owner,cPerson) values (113,'工程费用结算审核',',38,',2);
insert into dbo.SYS_WF_INSTANCE (oid,definedNodeID,nodeName,next,pre,state,type,owner,note,parentPath,treeOrder,depth,pid,cPerson) values (113,164,'施工科审批',',166,',0,1,10,',38,','',',2075,',1,1,2075,2);
insert into PRO_SC_COST (jiSuanId,guiGeId,guanCaiId,luMianId,price,num,note,cost,proId,type,cPerson) values ('521','526','604','711',21,20,'20米',420,'1',1,2);
insert into dbo.SYS_WF_INSTANCE (oid,definedNodeID,nodeName,next,pre,ext,type,state,users,roles,owner,parentPath,treeOrder,depth,pid,cPerson) values (113,166,'预算合同科审批',',167,',2076,'',12,1,',',',48,',',73,74,75,76,77,78,79,80,81,82,',',2075,',2,1,2075,38);
insert into U_EMAIL_73 (nodeName, content, type,cPerson) values ('Meeko系统提醒','系统有任务等您处理，谢谢',1,38);
insert into U_EMAIL_74 (nodeName, content, type,cPerson) values ('Meeko系统提醒','系统有任务等您处理，谢谢',1,38);
insert into U_EMAIL_75 (nodeName, content, type,cPerson) values ('Meeko系统提醒','系统有任务等您处理，谢谢',1,38);
insert into U_EMAIL_76 (nodeName, content, type,cPerson) values ('Meeko系统提醒','系统有任务等您处理，谢谢',1,38);
insert into U_EMAIL_77 (nodeName, content, type,cPerson) values ('Meeko系统提醒','系统有任务等您处理，谢谢',1,38);
insert into U_EMAIL_78 (nodeName, content, type,cPerson) values ('Meeko系统提醒','系统有任务等您处理，谢谢',1,38);
insert into U_EMAIL_79 (nodeName, content, type,cPerson) values ('Meeko系统提醒','系统有任务等您处理，谢谢',1,38);
insert into U_EMAIL_80 (nodeName, content, type,cPerson) values ('Meeko系统提醒','系统有任务等您处理，谢谢',1,38);
insert into U_EMAIL_81 (nodeName, content, type,cPerson) values ('Meeko系统提醒','系统有任务等您处理，谢谢',1,38);
insert into U_EMAIL_82 (nodeName, content, type,cPerson) values ('Meeko系统提醒','系统有任务等您处理，谢谢',1,38);
insert into dbo.SYS_WF_INSTANCE (oid,definedNodeID,nodeName,next,pre,ext,type,state,users,roles,owner,parentPath,treeOrder,depth,pid,cPerson) values (113,167,'财务科审批',',165,',2077,'',12,1,',26,',',',',26,',',2075,',3,1,2075,77);
insert into U_EMAIL_26 (nodeName, content, type,cPerson) values ('Meeko系统提醒','系统有任务等您处理，谢谢',1,77);
insert into dbo.SYS_WF_INSTANCE (oid,definedNodeID,nodeName,next,pre,ext,type,state,users,roles,owner,parentPath,treeOrder,depth,pid,cPerson) values (113,165,'审批结束',',0,',2078,'',11,1,',',',',',',',2075,',4,1,2075,26);
